[2019-09-20 17:22:57.252] [renderer5] [error] Illegal argument: character must be non-negative: Error: Illegal argument: character must be non-negative
	at Object.t.illegalArgument (/usr/share/code/resources/app/out/vs/workbench/services/extensions/node/extensionHostProcess.js:10:414)
	at new p (/usr/share/code/resources/app/out/vs/workbench/services/extensions/node/extensionHostProcess.js:327:948)
	at new p (/usr/share/code/resources/app/out/vs/workbench/services/extensions/node/extensionHostProcess.js:327:254)
	at h (/usr/share/code/resources/app/extensions/html-language-features/client/dist/htmlMain.js:1:176402)
	at f (/usr/share/code/resources/app/extensions/html-language-features/client/dist/htmlMain.js:1:176475)
	at /usr/share/code/resources/app/extensions/html-language-features/client/dist/htmlMain.js:1:177571
	at v (/usr/share/code/resources/app/extensions/html-language-features/client/dist/htmlMain.js:1:177757)
	at Array.map (<anonymous>)
	at asCompletionResult (/usr/share/code/resources/app/extensions/html-language-features/client/dist/htmlMain.js:1:183119)
[2019-09-21 13:55:57.610] [renderer5] [error] Tree element not found: [object Object]: Error: Tree element not found: [object Object]
    at s.getElementLocation (file:///usr/share/code/resources/app/out/vs/workbench/workbench.main.js:91:674)
    at s.isCollapsed (file:///usr/share/code/resources/app/out/vs/workbench/workbench.main.js:91:14)
    at j.isCollapsed (file:///usr/share/code/resources/app/out/vs/workbench/workbench.main.js:940:572)
    at B.revealMarkersForCurrentActiveEditor (file:///usr/share/code/resources/app/out/vs/workbench/workbench.main.js:5301:237)
    at B.autoReveal (file:///usr/share/code/resources/app/out/vs/workbench/workbench.main.js:5301:94)
    at B.onActiveEditorChanged (file:///usr/share/code/resources/app/out/vs/workbench/workbench.main.js:5298:531)
    at B._register.e (file:///usr/share/code/resources/app/out/vs/workbench/workbench.main.js:5297:572)
    at d.fire (file:///usr/share/code/resources/app/out/vs/workbench/workbench.main.js:75:436)
    at setTimeout (file:///usr/share/code/resources/app/out/vs/workbench/workbench.main.js:71:973)
[2019-09-21 13:56:16.125] [renderer5] [error] Tree element not found: [object Object]: Error: Tree element not found: [object Object]
    at s.getElementLocation (file:///usr/share/code/resources/app/out/vs/workbench/workbench.main.js:91:674)
    at s.isCollapsed (file:///usr/share/code/resources/app/out/vs/workbench/workbench.main.js:91:14)
    at j.isCollapsed (file:///usr/share/code/resources/app/out/vs/workbench/workbench.main.js:940:572)
    at B.revealMarkersForCurrentActiveEditor (file:///usr/share/code/resources/app/out/vs/workbench/workbench.main.js:5301:237)
    at B.autoReveal (file:///usr/share/code/resources/app/out/vs/workbench/workbench.main.js:5301:94)
    at B.onActiveEditorChanged (file:///usr/share/code/resources/app/out/vs/workbench/workbench.main.js:5298:531)
    at B._register.e (file:///usr/share/code/resources/app/out/vs/workbench/workbench.main.js:5297:572)
    at d.fire (file:///usr/share/code/resources/app/out/vs/workbench/workbench.main.js:75:436)
    at setTimeout (file:///usr/share/code/resources/app/out/vs/workbench/workbench.main.js:71:973)
[2019-09-21 13:59:06.927] [renderer5] [error] Tree element not found: [object Object]: Error: Tree element not found: [object Object]
    at s.getElementLocation (file:///usr/share/code/resources/app/out/vs/workbench/workbench.main.js:91:674)
    at s.isCollapsed (file:///usr/share/code/resources/app/out/vs/workbench/workbench.main.js:91:14)
    at j.isCollapsed (file:///usr/share/code/resources/app/out/vs/workbench/workbench.main.js:940:572)
    at B.revealMarkersForCurrentActiveEditor (file:///usr/share/code/resources/app/out/vs/workbench/workbench.main.js:5301:237)
    at B.autoReveal (file:///usr/share/code/resources/app/out/vs/workbench/workbench.main.js:5301:94)
    at B.onActiveEditorChanged (file:///usr/share/code/resources/app/out/vs/workbench/workbench.main.js:5298:531)
    at B._register.e (file:///usr/share/code/resources/app/out/vs/workbench/workbench.main.js:5297:572)
    at d.fire (file:///usr/share/code/resources/app/out/vs/workbench/workbench.main.js:75:436)
    at setTimeout (file:///usr/share/code/resources/app/out/vs/workbench/workbench.main.js:71:973)
[2019-09-21 14:46:26.926] [renderer5] [error] Tree element not found: [object Object]: Error: Tree element not found: [object Object]
    at s.getElementLocation (file:///usr/share/code/resources/app/out/vs/workbench/workbench.main.js:91:674)
    at s.isCollapsed (file:///usr/share/code/resources/app/out/vs/workbench/workbench.main.js:91:14)
    at j.isCollapsed (file:///usr/share/code/resources/app/out/vs/workbench/workbench.main.js:940:572)
    at B.revealMarkersForCurrentActiveEditor (file:///usr/share/code/resources/app/out/vs/workbench/workbench.main.js:5301:237)
    at B.autoReveal (file:///usr/share/code/resources/app/out/vs/workbench/workbench.main.js:5301:94)
    at B.onActiveEditorChanged (file:///usr/share/code/resources/app/out/vs/workbench/workbench.main.js:5298:531)
    at B._register.e (file:///usr/share/code/resources/app/out/vs/workbench/workbench.main.js:5297:572)
    at d.fire (file:///usr/share/code/resources/app/out/vs/workbench/workbench.main.js:75:436)
    at setTimeout (file:///usr/share/code/resources/app/out/vs/workbench/workbench.main.js:71:973)
