[2019-09-17 08:00:19.693] [sharedprocess] [info] main {"machineId":"6a4a6647727cc13d55e7eca39d28df689e0c5387d705af94e40591599c2fa39a"}
[2019-09-17 08:00:20.155] [sharedprocess] [info] Scanned user extensions: 1
[2019-09-17 08:00:22.270] [sharedprocess] [info] Scanned system extensions: 72
[2019-09-17 08:00:22.948] [sharedprocess] [info] Scanned user extensions: 1
[2019-09-17 08:00:22.952] [sharedprocess] [info] Scanned user extensions: 1
[2019-09-17 08:00:23.056] [sharedprocess] [info] Scanned system extensions: 72
[2019-09-17 08:00:23.061] [sharedprocess] [info] Scanned system extensions: 72
[2019-09-17 08:00:24.117] [sharedprocess] [info] Scanned user extensions: 1
[2019-09-17 08:00:59.714] [sharedprocess] [info] Starting to clean up unused language packs.
[2019-09-17 08:04:06.426] [sharedprocess] [info] Scanned user extensions: 1
[2019-09-17 08:04:06.426] [sharedprocess] [info] Scanned user extensions: 1
[2019-09-17 08:04:06.671] [sharedprocess] [info] Scanned system extensions: 72
[2019-09-17 08:04:06.695] [sharedprocess] [info] Scanned system extensions: 72
[2019-09-17 08:04:08.448] [sharedprocess] [info] Scanned user extensions: 1
[2019-09-17 08:09:08.464] [sharedprocess] [info] Scanned user extensions: 1
[2019-09-17 08:14:08.481] [sharedprocess] [info] Scanned user extensions: 1
[2019-09-17 08:19:08.498] [sharedprocess] [info] Scanned user extensions: 1
[2019-09-17 08:24:08.511] [sharedprocess] [info] Scanned user extensions: 1
[2019-09-17 08:29:08.527] [sharedprocess] [info] Scanned user extensions: 1
[2019-09-17 08:34:08.543] [sharedprocess] [info] Scanned user extensions: 1
[2019-09-17 08:39:08.558] [sharedprocess] [info] Scanned user extensions: 1
[2019-09-17 08:44:08.765] [sharedprocess] [info] Scanned user extensions: 1
[2019-09-17 08:49:08.780] [sharedprocess] [info] Scanned user extensions: 1
[2019-09-17 09:25:28.747] [sharedprocess] [info] Scanned user extensions: 1
[2019-09-17 09:30:28.761] [sharedprocess] [info] Scanned user extensions: 1
[2019-09-17 09:35:28.777] [sharedprocess] [info] Scanned user extensions: 1
[2019-09-17 09:40:28.790] [sharedprocess] [info] Scanned user extensions: 1
[2019-09-17 09:45:29.185] [sharedprocess] [info] Scanned user extensions: 1
[2019-09-17 09:50:29.200] [sharedprocess] [info] Scanned user extensions: 1
[2019-09-17 09:55:29.214] [sharedprocess] [info] Scanned user extensions: 1
[2019-09-17 10:00:29.989] [sharedprocess] [info] Scanned user extensions: 1
[2019-09-17 10:05:30.071] [sharedprocess] [info] Scanned user extensions: 1
[2019-09-17 10:10:30.087] [sharedprocess] [info] Scanned user extensions: 1
[2019-09-17 10:15:30.102] [sharedprocess] [info] Scanned user extensions: 1
[2019-09-17 10:20:30.117] [sharedprocess] [info] Scanned user extensions: 1
[2019-09-17 10:25:30.132] [sharedprocess] [info] Scanned user extensions: 1
[2019-09-17 10:30:30.146] [sharedprocess] [info] Scanned user extensions: 1
[2019-09-17 10:35:30.161] [sharedprocess] [info] Scanned user extensions: 1
[2019-09-17 10:40:30.177] [sharedprocess] [info] Scanned user extensions: 1
[2019-09-17 10:45:30.390] [sharedprocess] [info] Scanned user extensions: 1
[2019-09-17 10:50:30.404] [sharedprocess] [info] Scanned user extensions: 1
[2019-09-17 10:55:30.418] [sharedprocess] [info] Scanned user extensions: 1
[2019-09-17 11:00:30.427] [sharedprocess] [info] Scanned user extensions: 1
[2019-09-17 11:05:30.442] [sharedprocess] [info] Scanned user extensions: 1
[2019-09-17 11:10:30.456] [sharedprocess] [info] Scanned user extensions: 1
[2019-09-17 11:15:30.472] [sharedprocess] [info] Scanned user extensions: 1
[2019-09-17 11:20:30.486] [sharedprocess] [info] Scanned user extensions: 1
[2019-09-17 11:25:30.512] [sharedprocess] [info] Scanned user extensions: 1
[2019-09-17 11:30:30.523] [sharedprocess] [info] Scanned user extensions: 1
[2019-09-17 11:35:30.538] [sharedprocess] [info] Scanned user extensions: 1
[2019-09-17 11:40:30.553] [sharedprocess] [info] Scanned user extensions: 1
[2019-09-17 11:45:30.773] [sharedprocess] [info] Scanned user extensions: 1
[2019-09-17 11:50:30.783] [sharedprocess] [info] Scanned user extensions: 1
[2019-09-17 11:55:30.803] [sharedprocess] [info] Scanned user extensions: 1
[2019-09-17 12:00:30.886] [sharedprocess] [info] Scanned user extensions: 1
[2019-09-17 12:05:30.900] [sharedprocess] [info] Scanned user extensions: 1
[2019-09-17 12:10:30.915] [sharedprocess] [info] Scanned user extensions: 1
[2019-09-17 12:15:30.929] [sharedprocess] [info] Scanned user extensions: 1
[2019-09-17 12:20:30.944] [sharedprocess] [info] Scanned user extensions: 1
[2019-09-17 12:25:30.957] [sharedprocess] [info] Scanned user extensions: 1
[2019-09-17 12:30:30.972] [sharedprocess] [info] Scanned user extensions: 1
[2019-09-17 12:35:30.991] [sharedprocess] [info] Scanned user extensions: 1
[2019-09-17 12:40:31.005] [sharedprocess] [info] Scanned user extensions: 1
[2019-09-17 12:45:31.237] [sharedprocess] [info] Scanned user extensions: 1
[2019-09-17 12:50:31.249] [sharedprocess] [info] Scanned user extensions: 1
[2019-09-17 12:55:31.261] [sharedprocess] [info] Scanned user extensions: 1
[2019-09-17 13:00:31.274] [sharedprocess] [info] Scanned user extensions: 1
[2019-09-17 13:05:31.288] [sharedprocess] [info] Scanned user extensions: 1
[2019-09-17 13:10:31.301] [sharedprocess] [info] Scanned user extensions: 1
[2019-09-17 13:15:31.315] [sharedprocess] [info] Scanned user extensions: 1
[2019-09-17 13:20:31.333] [sharedprocess] [info] Scanned user extensions: 1
[2019-09-17 13:25:31.344] [sharedprocess] [info] Scanned user extensions: 1
[2019-09-17 13:30:31.356] [sharedprocess] [info] Scanned user extensions: 1
[2019-09-17 13:35:31.367] [sharedprocess] [info] Scanned user extensions: 1
[2019-09-17 13:40:31.376] [sharedprocess] [info] Scanned user extensions: 1
[2019-09-17 13:45:31.585] [sharedprocess] [info] Scanned user extensions: 1
[2019-09-17 13:50:31.600] [sharedprocess] [info] Scanned user extensions: 1
[2019-09-17 13:55:31.615] [sharedprocess] [info] Scanned user extensions: 1
[2019-09-17 14:00:31.631] [sharedprocess] [info] Scanned user extensions: 1
[2019-09-17 14:05:31.645] [sharedprocess] [info] Scanned user extensions: 1
[2019-09-17 14:10:31.658] [sharedprocess] [info] Scanned user extensions: 1
[2019-09-17 14:15:31.676] [sharedprocess] [info] Scanned user extensions: 1
[2019-09-17 14:20:31.691] [sharedprocess] [info] Scanned user extensions: 1
[2019-09-17 14:25:31.707] [sharedprocess] [info] Scanned user extensions: 1
[2019-09-17 14:30:31.719] [sharedprocess] [info] Scanned user extensions: 1
[2019-09-17 14:35:31.733] [sharedprocess] [info] Scanned user extensions: 1
[2019-09-17 14:40:31.808] [sharedprocess] [info] Scanned user extensions: 1
[2019-09-17 14:45:32.021] [sharedprocess] [info] Scanned user extensions: 1
[2019-09-17 14:50:32.037] [sharedprocess] [info] Scanned user extensions: 1
[2019-09-17 14:55:32.051] [sharedprocess] [info] Scanned user extensions: 1
[2019-09-17 15:00:32.065] [sharedprocess] [info] Scanned user extensions: 1
[2019-09-17 15:05:32.081] [sharedprocess] [info] Scanned user extensions: 1
[2019-09-17 15:10:32.095] [sharedprocess] [info] Scanned user extensions: 1
[2019-09-17 15:15:32.105] [sharedprocess] [info] Scanned user extensions: 1
[2019-09-17 15:20:32.118] [sharedprocess] [info] Scanned user extensions: 1
[2019-09-17 15:25:32.132] [sharedprocess] [info] Scanned user extensions: 1
[2019-09-17 15:30:32.147] [sharedprocess] [info] Scanned user extensions: 1
[2019-09-17 15:35:32.160] [sharedprocess] [info] Scanned user extensions: 1
[2019-09-17 15:40:32.175] [sharedprocess] [info] Scanned user extensions: 1
[2019-09-17 15:45:32.404] [sharedprocess] [info] Scanned user extensions: 1
[2019-09-17 15:50:32.414] [sharedprocess] [info] Scanned user extensions: 1
[2019-09-17 15:55:32.492] [sharedprocess] [info] Scanned user extensions: 1
[2019-09-17 16:00:32.508] [sharedprocess] [info] Scanned user extensions: 1
[2019-09-17 16:05:32.521] [sharedprocess] [info] Scanned user extensions: 1
[2019-09-17 16:10:32.533] [sharedprocess] [info] Scanned user extensions: 1
[2019-09-17 16:15:32.548] [sharedprocess] [info] Scanned user extensions: 1
[2019-09-17 16:20:32.562] [sharedprocess] [info] Scanned user extensions: 1
[2019-09-17 16:25:32.576] [sharedprocess] [info] Scanned user extensions: 1
[2019-09-17 16:30:32.589] [sharedprocess] [info] Scanned user extensions: 1
[2019-09-17 16:35:32.607] [sharedprocess] [info] Scanned user extensions: 1
[2019-09-17 16:40:32.621] [sharedprocess] [info] Scanned user extensions: 1
[2019-09-17 16:45:32.844] [sharedprocess] [info] Scanned user extensions: 1
[2019-09-17 16:50:32.859] [sharedprocess] [info] Scanned user extensions: 1
[2019-09-17 16:55:32.870] [sharedprocess] [info] Scanned user extensions: 1
[2019-09-17 17:00:32.882] [sharedprocess] [info] Scanned user extensions: 1
[2019-09-17 17:05:32.896] [sharedprocess] [info] Scanned user extensions: 1
[2019-09-17 17:10:32.906] [sharedprocess] [info] Scanned user extensions: 1
[2019-09-17 17:15:32.921] [sharedprocess] [info] Scanned user extensions: 1
[2019-09-17 17:20:32.936] [sharedprocess] [info] Scanned user extensions: 1
[2019-09-17 17:25:32.951] [sharedprocess] [info] Scanned user extensions: 1
[2019-09-18 07:41:55.534] [sharedprocess] [info] Scanned user extensions: 1
[2019-09-18 07:46:55.547] [sharedprocess] [info] Scanned user extensions: 1
[2019-09-18 07:51:55.562] [sharedprocess] [info] Scanned user extensions: 1
[2019-09-18 07:56:55.576] [sharedprocess] [info] Scanned user extensions: 1
[2019-09-18 08:01:55.589] [sharedprocess] [info] Scanned user extensions: 1
[2019-09-18 08:06:55.603] [sharedprocess] [info] Scanned user extensions: 1
[2019-09-18 08:11:55.617] [sharedprocess] [info] Scanned user extensions: 1
[2019-09-18 08:16:56.271] [sharedprocess] [info] Scanned user extensions: 1
[2019-09-18 08:21:56.285] [sharedprocess] [info] Scanned user extensions: 1
[2019-09-18 08:26:56.298] [sharedprocess] [info] Scanned user extensions: 1
[2019-09-18 08:31:56.334] [sharedprocess] [info] Scanned user extensions: 1
[2019-09-18 08:36:56.348] [sharedprocess] [info] Scanned user extensions: 1
[2019-09-18 08:41:56.717] [sharedprocess] [info] Scanned user extensions: 1
[2019-09-18 08:46:56.843] [sharedprocess] [info] Scanned user extensions: 1
[2019-09-18 08:51:56.857] [sharedprocess] [info] Scanned user extensions: 1
[2019-09-18 08:56:56.870] [sharedprocess] [info] Scanned user extensions: 1
[2019-09-18 09:01:56.883] [sharedprocess] [info] Scanned user extensions: 1
[2019-09-18 09:06:56.897] [sharedprocess] [info] Scanned user extensions: 1
[2019-09-18 09:11:56.913] [sharedprocess] [info] Scanned user extensions: 1
[2019-09-18 09:16:56.927] [sharedprocess] [info] Scanned user extensions: 1
[2019-09-18 09:21:56.941] [sharedprocess] [info] Scanned user extensions: 1
[2019-09-18 09:26:56.955] [sharedprocess] [info] Scanned user extensions: 1
[2019-09-18 09:31:57.033] [sharedprocess] [info] Scanned user extensions: 1
[2019-09-18 09:42:25.864] [sharedprocess] [info] Scanned user extensions: 1
[2019-09-18 09:47:26.276] [sharedprocess] [info] Scanned user extensions: 1
[2019-09-18 09:52:26.289] [sharedprocess] [info] Scanned user extensions: 1
[2019-09-18 09:57:26.303] [sharedprocess] [info] Scanned user extensions: 1
[2019-09-18 10:02:26.318] [sharedprocess] [info] Scanned user extensions: 1
[2019-09-18 10:07:26.332] [sharedprocess] [info] Scanned user extensions: 1
[2019-09-18 10:12:26.376] [sharedprocess] [info] Scanned user extensions: 1
[2019-09-18 10:17:26.389] [sharedprocess] [info] Scanned user extensions: 1
[2019-09-18 10:22:26.467] [sharedprocess] [info] Scanned user extensions: 1
[2019-09-18 10:27:26.483] [sharedprocess] [info] Scanned user extensions: 1
[2019-09-18 10:32:26.502] [sharedprocess] [info] Scanned user extensions: 1
[2019-09-18 10:37:26.516] [sharedprocess] [info] Scanned user extensions: 1
[2019-09-18 10:42:27.147] [sharedprocess] [info] Scanned user extensions: 1
[2019-09-18 10:47:27.157] [sharedprocess] [info] Scanned user extensions: 1
[2019-09-18 10:52:27.169] [sharedprocess] [info] Scanned user extensions: 1
[2019-09-18 10:57:27.183] [sharedprocess] [info] Scanned user extensions: 1
[2019-09-18 11:02:27.201] [sharedprocess] [info] Scanned user extensions: 1
[2019-09-18 11:07:27.247] [sharedprocess] [info] Scanned user extensions: 1
[2019-09-18 11:12:27.262] [sharedprocess] [info] Scanned user extensions: 1
[2019-09-18 11:17:27.276] [sharedprocess] [info] Scanned user extensions: 1
[2019-09-18 11:22:27.286] [sharedprocess] [info] Scanned user extensions: 1
[2019-09-18 11:27:27.299] [sharedprocess] [info] Scanned user extensions: 1
[2019-09-18 11:32:27.312] [sharedprocess] [info] Scanned user extensions: 1
[2019-09-18 11:37:27.325] [sharedprocess] [info] Scanned user extensions: 1
[2019-09-18 11:42:28.027] [sharedprocess] [info] Scanned user extensions: 1
[2019-09-18 11:47:28.042] [sharedprocess] [info] Scanned user extensions: 1
[2019-09-18 11:52:28.081] [sharedprocess] [info] Scanned user extensions: 1
[2019-09-18 11:57:28.097] [sharedprocess] [info] Scanned user extensions: 1
[2019-09-18 12:02:28.110] [sharedprocess] [info] Scanned user extensions: 1
[2019-09-18 12:07:28.125] [sharedprocess] [info] Scanned user extensions: 1
[2019-09-18 12:12:28.179] [sharedprocess] [info] Scanned user extensions: 1
[2019-09-18 12:17:28.196] [sharedprocess] [info] Scanned user extensions: 1
[2019-09-18 12:22:28.234] [sharedprocess] [info] Scanned user extensions: 1
[2019-09-18 12:27:28.249] [sharedprocess] [info] Scanned user extensions: 1
[2019-09-18 12:32:28.267] [sharedprocess] [info] Scanned user extensions: 1
[2019-09-18 12:37:28.281] [sharedprocess] [info] Scanned user extensions: 1
[2019-09-18 12:42:28.586] [sharedprocess] [info] Scanned user extensions: 1
[2019-09-18 12:47:28.599] [sharedprocess] [info] Scanned user extensions: 1
[2019-09-18 12:52:28.617] [sharedprocess] [info] Scanned user extensions: 1
[2019-09-18 12:57:28.633] [sharedprocess] [info] Scanned user extensions: 1
[2019-09-18 13:02:28.657] [sharedprocess] [info] Scanned user extensions: 1
[2019-09-18 13:07:28.675] [sharedprocess] [info] Scanned user extensions: 1
[2019-09-18 13:12:28.692] [sharedprocess] [info] Scanned user extensions: 1
[2019-09-18 13:17:28.707] [sharedprocess] [info] Scanned user extensions: 1
[2019-09-18 13:22:28.723] [sharedprocess] [info] Scanned user extensions: 1
[2019-09-18 13:27:28.734] [sharedprocess] [info] Scanned user extensions: 1
[2019-09-18 13:32:28.750] [sharedprocess] [info] Scanned user extensions: 1
[2019-09-18 13:37:28.760] [sharedprocess] [info] Scanned user extensions: 1
[2019-09-18 13:42:28.969] [sharedprocess] [info] Scanned user extensions: 1
[2019-09-18 13:47:28.981] [sharedprocess] [info] Scanned user extensions: 1
[2019-09-18 13:52:28.997] [sharedprocess] [info] Scanned user extensions: 1
[2019-09-18 13:57:29.011] [sharedprocess] [info] Scanned user extensions: 1
[2019-09-18 14:02:29.022] [sharedprocess] [info] Scanned user extensions: 1
[2019-09-18 14:07:29.036] [sharedprocess] [info] Scanned user extensions: 1
[2019-09-18 14:12:29.079] [sharedprocess] [info] Scanned user extensions: 1
[2019-09-18 14:17:29.093] [sharedprocess] [info] Scanned user extensions: 1
[2019-09-18 14:22:29.158] [sharedprocess] [info] Scanned user extensions: 1
[2019-09-18 14:27:29.172] [sharedprocess] [info] Scanned user extensions: 1
[2019-09-18 14:32:29.186] [sharedprocess] [info] Scanned user extensions: 1
[2019-09-18 14:37:29.201] [sharedprocess] [info] Scanned user extensions: 1
[2019-09-18 14:42:30.384] [sharedprocess] [info] Scanned user extensions: 1
[2019-09-18 14:47:30.400] [sharedprocess] [info] Scanned user extensions: 1
[2019-09-18 14:52:30.415] [sharedprocess] [info] Scanned user extensions: 1
[2019-09-18 14:57:30.430] [sharedprocess] [info] Scanned user extensions: 1
[2019-09-18 15:02:30.443] [sharedprocess] [info] Scanned user extensions: 1
[2019-09-18 15:07:30.456] [sharedprocess] [info] Scanned user extensions: 1
[2019-09-18 15:12:30.470] [sharedprocess] [info] Scanned user extensions: 1
[2019-09-18 15:16:50.207] [sharedprocess] [info] Scanned user extensions: 1
[2019-09-18 15:16:50.253] [sharedprocess] [info] Scanned user extensions: 1
[2019-09-18 15:16:50.920] [sharedprocess] [info] Scanned user extensions: 1
[2019-09-18 15:16:52.383] [sharedprocess] [info] Scanned system extensions: 72
[2019-09-18 15:16:52.388] [sharedprocess] [info] Scanned system extensions: 72
[2019-09-18 15:17:30.568] [sharedprocess] [info] Scanned user extensions: 1
[2019-09-18 15:21:50.930] [sharedprocess] [info] Scanned user extensions: 1
[2019-09-18 15:22:30.665] [sharedprocess] [info] Scanned user extensions: 1
[2019-09-18 15:26:50.970] [sharedprocess] [info] Scanned user extensions: 1
[2019-09-18 15:27:30.706] [sharedprocess] [info] Scanned user extensions: 1
[2019-09-18 15:31:50.979] [sharedprocess] [info] Scanned user extensions: 1
[2019-09-18 15:32:30.721] [sharedprocess] [info] Scanned user extensions: 1
[2019-09-18 15:36:50.990] [sharedprocess] [info] Scanned user extensions: 1
[2019-09-18 15:37:30.730] [sharedprocess] [info] Scanned user extensions: 1
[2019-09-18 15:41:51.002] [sharedprocess] [info] Scanned user extensions: 1
[2019-09-18 15:42:31.420] [sharedprocess] [info] Scanned user extensions: 1
[2019-09-18 15:46:51.014] [sharedprocess] [info] Scanned user extensions: 1
[2019-09-18 15:47:31.431] [sharedprocess] [info] Scanned user extensions: 1
[2019-09-18 15:51:51.024] [sharedprocess] [info] Scanned user extensions: 1
[2019-09-18 15:52:31.446] [sharedprocess] [info] Scanned user extensions: 1
[2019-09-18 15:56:51.036] [sharedprocess] [info] Scanned user extensions: 1
[2019-09-18 15:57:31.459] [sharedprocess] [info] Scanned user extensions: 1
[2019-09-18 16:01:51.047] [sharedprocess] [info] Scanned user extensions: 1
[2019-09-18 16:02:31.474] [sharedprocess] [info] Scanned user extensions: 1
[2019-09-18 16:06:51.057] [sharedprocess] [info] Scanned user extensions: 1
[2019-09-18 16:07:31.488] [sharedprocess] [info] Scanned user extensions: 1
[2019-09-18 16:11:51.067] [sharedprocess] [info] Scanned user extensions: 1
[2019-09-18 16:12:31.502] [sharedprocess] [info] Scanned user extensions: 1
[2019-09-18 16:16:51.078] [sharedprocess] [info] Scanned user extensions: 1
[2019-09-18 16:17:31.525] [sharedprocess] [info] Scanned user extensions: 1
[2019-09-18 16:21:51.089] [sharedprocess] [info] Scanned user extensions: 1
[2019-09-18 16:22:31.542] [sharedprocess] [info] Scanned user extensions: 1
[2019-09-18 16:23:36.390] [sharedprocess] [info] Scanned user extensions: 1
[2019-09-18 16:23:36.392] [sharedprocess] [info] Scanned user extensions: 1
[2019-09-18 16:23:36.392] [sharedprocess] [info] Scanned user extensions: 1
[2019-09-18 16:23:36.392] [sharedprocess] [info] Scanned user extensions: 1
[2019-09-18 16:23:40.805] [sharedprocess] [info] Scanned system extensions: 72
[2019-09-18 16:23:40.809] [sharedprocess] [info] Scanned system extensions: 72
[2019-09-18 16:23:40.855] [sharedprocess] [info] Scanned system extensions: 72
[2019-09-18 16:26:51.099] [sharedprocess] [info] Scanned user extensions: 1
[2019-09-18 16:27:31.555] [sharedprocess] [info] Scanned user extensions: 1
[2019-09-18 16:31:51.113] [sharedprocess] [info] Scanned user extensions: 1
[2019-09-18 16:32:31.568] [sharedprocess] [info] Scanned user extensions: 1
[2019-09-18 16:36:51.123] [sharedprocess] [info] Scanned user extensions: 1
[2019-09-18 16:37:31.691] [sharedprocess] [info] Scanned user extensions: 1
[2019-09-18 16:41:51.136] [sharedprocess] [info] Scanned user extensions: 1
[2019-09-18 16:42:32.146] [sharedprocess] [info] Scanned user extensions: 1
[2019-09-18 16:46:51.146] [sharedprocess] [info] Scanned user extensions: 1
[2019-09-18 16:47:32.196] [sharedprocess] [info] Scanned user extensions: 1
[2019-09-18 16:51:51.153] [sharedprocess] [info] Scanned user extensions: 1
[2019-09-18 16:52:32.234] [sharedprocess] [info] Scanned user extensions: 1
[2019-09-18 16:56:51.163] [sharedprocess] [info] Scanned user extensions: 1
[2019-09-18 16:57:32.246] [sharedprocess] [info] Scanned user extensions: 1
[2019-09-18 17:01:51.174] [sharedprocess] [info] Scanned user extensions: 1
[2019-09-18 17:02:32.260] [sharedprocess] [info] Scanned user extensions: 1
[2019-09-18 17:06:51.185] [sharedprocess] [info] Scanned user extensions: 1
[2019-09-18 17:07:32.289] [sharedprocess] [info] Scanned user extensions: 1
[2019-09-18 17:11:51.199] [sharedprocess] [info] Scanned user extensions: 1
[2019-09-18 17:12:32.304] [sharedprocess] [info] Scanned user extensions: 1
[2019-09-18 17:16:51.208] [sharedprocess] [info] Scanned user extensions: 1
[2019-09-18 17:17:32.378] [sharedprocess] [info] Scanned user extensions: 1
[2019-09-18 17:21:51.219] [sharedprocess] [info] Scanned user extensions: 1
[2019-09-18 17:22:32.422] [sharedprocess] [info] Scanned user extensions: 1
[2019-09-18 17:26:51.229] [sharedprocess] [info] Scanned user extensions: 1
[2019-09-18 17:27:32.435] [sharedprocess] [info] Scanned user extensions: 1
[2019-09-18 17:31:51.239] [sharedprocess] [info] Scanned user extensions: 1
[2019-09-18 17:32:32.476] [sharedprocess] [info] Scanned user extensions: 1
[2019-09-18 17:36:51.250] [sharedprocess] [info] Scanned user extensions: 1
[2019-09-18 17:37:32.490] [sharedprocess] [info] Scanned user extensions: 1
[2019-09-18 17:41:51.261] [sharedprocess] [info] Scanned user extensions: 1
[2019-09-18 17:42:33.325] [sharedprocess] [info] Scanned user extensions: 1
[2019-09-18 17:46:51.271] [sharedprocess] [info] Scanned user extensions: 1
[2019-09-19 07:45:49.366] [sharedprocess] [info] Scanned user extensions: 1
[2019-09-19 07:50:06.295] [sharedprocess] [info] Scanned user extensions: 1
[2019-09-19 07:50:49.590] [sharedprocess] [info] Scanned user extensions: 1
[2019-09-19 07:55:06.339] [sharedprocess] [info] Scanned user extensions: 1
[2019-09-19 07:55:49.669] [sharedprocess] [info] Scanned user extensions: 1
[2019-09-19 08:00:06.399] [sharedprocess] [info] Scanned user extensions: 1
[2019-09-19 08:00:49.696] [sharedprocess] [info] Scanned user extensions: 1
[2019-09-19 08:05:06.407] [sharedprocess] [info] Scanned user extensions: 1
[2019-09-19 08:05:49.733] [sharedprocess] [info] Scanned user extensions: 1
[2019-09-19 08:10:06.416] [sharedprocess] [info] Scanned user extensions: 1
[2019-09-19 08:10:49.748] [sharedprocess] [info] Scanned user extensions: 1
[2019-09-19 08:15:06.427] [sharedprocess] [info] Scanned user extensions: 1
[2019-09-19 08:15:49.758] [sharedprocess] [info] Scanned user extensions: 1
[2019-09-19 08:20:06.437] [sharedprocess] [info] Scanned user extensions: 1
[2019-09-19 08:20:49.771] [sharedprocess] [info] Scanned user extensions: 1
[2019-09-19 08:25:06.450] [sharedprocess] [info] Scanned user extensions: 1
[2019-09-19 08:25:49.837] [sharedprocess] [info] Scanned user extensions: 1
[2019-09-19 08:30:06.461] [sharedprocess] [info] Scanned user extensions: 1
[2019-09-19 08:30:49.849] [sharedprocess] [info] Scanned user extensions: 1
[2019-09-19 08:35:06.515] [sharedprocess] [info] Scanned user extensions: 1
[2019-09-19 08:35:49.860] [sharedprocess] [info] Scanned user extensions: 1
[2019-09-19 08:40:06.525] [sharedprocess] [info] Scanned user extensions: 1
[2019-09-19 08:40:49.896] [sharedprocess] [info] Scanned user extensions: 1
[2019-09-19 08:45:06.535] [sharedprocess] [info] Scanned user extensions: 1
[2019-09-19 08:45:50.742] [sharedprocess] [info] Scanned user extensions: 1
[2019-09-19 08:50:06.545] [sharedprocess] [info] Scanned user extensions: 1
[2019-09-19 08:50:50.755] [sharedprocess] [info] Scanned user extensions: 1
[2019-09-19 08:55:07.243] [sharedprocess] [info] Scanned user extensions: 1
[2019-09-19 08:55:51.478] [sharedprocess] [info] Scanned user extensions: 1
[2019-09-19 09:00:07.254] [sharedprocess] [info] Scanned user extensions: 1
[2019-09-19 09:00:51.491] [sharedprocess] [info] Scanned user extensions: 1
[2019-09-19 09:05:07.265] [sharedprocess] [info] Scanned user extensions: 1
[2019-09-19 09:05:51.506] [sharedprocess] [info] Scanned user extensions: 1
[2019-09-19 09:10:07.275] [sharedprocess] [info] Scanned user extensions: 1
[2019-09-19 09:10:51.519] [sharedprocess] [info] Scanned user extensions: 1
[2019-09-19 09:15:07.286] [sharedprocess] [info] Scanned user extensions: 1
[2019-09-19 09:15:51.574] [sharedprocess] [info] Scanned user extensions: 1
[2019-09-19 09:20:07.301] [sharedprocess] [info] Scanned user extensions: 1
[2019-09-19 09:20:51.608] [sharedprocess] [info] Scanned user extensions: 1
[2019-09-19 09:25:07.311] [sharedprocess] [info] Scanned user extensions: 1
[2019-09-19 09:25:51.621] [sharedprocess] [info] Scanned user extensions: 1
[2019-09-19 09:30:07.322] [sharedprocess] [info] Scanned user extensions: 1
[2019-09-19 09:30:51.652] [sharedprocess] [info] Scanned user extensions: 1
[2019-09-19 09:35:07.329] [sharedprocess] [info] Scanned user extensions: 1
[2019-09-19 09:35:51.685] [sharedprocess] [info] Scanned user extensions: 1
[2019-09-19 09:40:07.339] [sharedprocess] [info] Scanned user extensions: 1
[2019-09-19 09:40:51.696] [sharedprocess] [info] Scanned user extensions: 1
[2019-09-19 09:45:07.351] [sharedprocess] [info] Scanned user extensions: 1
[2019-09-19 09:45:51.972] [sharedprocess] [info] Scanned user extensions: 1
[2019-09-19 09:50:07.360] [sharedprocess] [info] Scanned user extensions: 1
[2019-09-19 09:50:51.981] [sharedprocess] [info] Scanned user extensions: 1
[2019-09-19 09:55:07.368] [sharedprocess] [info] Scanned user extensions: 1
[2019-09-19 09:55:51.991] [sharedprocess] [info] Scanned user extensions: 1
[2019-09-19 10:00:07.382] [sharedprocess] [info] Scanned user extensions: 1
[2019-09-19 10:00:52.086] [sharedprocess] [info] Scanned user extensions: 1
[2019-09-19 10:05:07.395] [sharedprocess] [info] Scanned user extensions: 1
[2019-09-19 10:05:52.098] [sharedprocess] [info] Scanned user extensions: 1
[2019-09-19 10:10:07.405] [sharedprocess] [info] Scanned user extensions: 1
[2019-09-19 10:10:52.137] [sharedprocess] [info] Scanned user extensions: 1
[2019-09-19 10:15:07.415] [sharedprocess] [info] Scanned user extensions: 1
[2019-09-19 10:15:54.415] [sharedprocess] [info] Scanned user extensions: 1
[2019-09-19 10:20:07.425] [sharedprocess] [info] Scanned user extensions: 1
[2019-09-19 10:21:00.707] [sharedprocess] [info] Scanned user extensions: 1
[2019-09-19 10:25:07.845] [sharedprocess] [info] Scanned user extensions: 1
[2019-09-19 10:26:01.908] [sharedprocess] [info] Scanned user extensions: 1
[2019-09-19 10:30:07.976] [sharedprocess] [info] Scanned user extensions: 1
[2019-09-19 10:31:01.918] [sharedprocess] [info] Scanned user extensions: 1
[2019-09-19 10:35:07.985] [sharedprocess] [info] Scanned user extensions: 1
[2019-09-19 10:36:01.927] [sharedprocess] [info] Scanned user extensions: 1
[2019-09-19 10:40:07.996] [sharedprocess] [info] Scanned user extensions: 1
[2019-09-19 10:41:01.979] [sharedprocess] [info] Scanned user extensions: 1
[2019-09-19 10:45:08.034] [sharedprocess] [info] Scanned user extensions: 1
[2019-09-19 10:46:02.708] [sharedprocess] [info] Scanned user extensions: 1
[2019-09-19 10:50:08.043] [sharedprocess] [info] Scanned user extensions: 1
[2019-09-19 10:51:02.722] [sharedprocess] [info] Scanned user extensions: 1
[2019-09-19 10:55:08.055] [sharedprocess] [info] Scanned user extensions: 1
[2019-09-19 10:56:02.736] [sharedprocess] [info] Scanned user extensions: 1
[2019-09-19 11:00:08.066] [sharedprocess] [info] Scanned user extensions: 1
[2019-09-19 11:01:02.807] [sharedprocess] [info] Scanned user extensions: 1
[2019-09-19 11:05:08.076] [sharedprocess] [info] Scanned user extensions: 1
[2019-09-19 11:06:02.817] [sharedprocess] [info] Scanned user extensions: 1
[2019-09-19 11:10:08.087] [sharedprocess] [info] Scanned user extensions: 1
[2019-09-19 11:11:02.831] [sharedprocess] [info] Scanned user extensions: 1
[2019-09-19 11:15:08.099] [sharedprocess] [info] Scanned user extensions: 1
[2019-09-19 11:16:02.865] [sharedprocess] [info] Scanned user extensions: 1
[2019-09-19 11:20:08.107] [sharedprocess] [info] Scanned user extensions: 1
[2019-09-19 11:21:02.874] [sharedprocess] [info] Scanned user extensions: 1
[2019-09-19 11:25:08.117] [sharedprocess] [info] Scanned user extensions: 1
[2019-09-19 11:26:02.887] [sharedprocess] [info] Scanned user extensions: 1
[2019-09-19 11:30:08.126] [sharedprocess] [info] Scanned user extensions: 1
[2019-09-19 11:31:02.899] [sharedprocess] [info] Scanned user extensions: 1
[2019-09-19 11:35:08.136] [sharedprocess] [info] Scanned user extensions: 1
[2019-09-19 11:36:02.912] [sharedprocess] [info] Scanned user extensions: 1
[2019-09-19 11:40:08.148] [sharedprocess] [info] Scanned user extensions: 1
[2019-09-19 11:41:02.926] [sharedprocess] [info] Scanned user extensions: 1
[2019-09-19 11:45:08.162] [sharedprocess] [info] Scanned user extensions: 1
[2019-09-19 11:46:03.180] [sharedprocess] [info] Scanned user extensions: 1
[2019-09-19 11:50:08.168] [sharedprocess] [info] Scanned user extensions: 1
[2019-09-19 11:51:03.223] [sharedprocess] [info] Scanned user extensions: 1
[2019-09-19 11:55:08.205] [sharedprocess] [info] Scanned user extensions: 1
[2019-09-19 11:56:03.236] [sharedprocess] [info] Scanned user extensions: 1
[2019-09-19 12:00:08.214] [sharedprocess] [info] Scanned user extensions: 1
[2019-09-19 12:01:03.250] [sharedprocess] [info] Scanned user extensions: 1
[2019-09-19 12:05:08.224] [sharedprocess] [info] Scanned user extensions: 1
[2019-09-19 12:06:03.263] [sharedprocess] [info] Scanned user extensions: 1
[2019-09-19 12:10:08.234] [sharedprocess] [info] Scanned user extensions: 1
[2019-09-19 12:11:03.277] [sharedprocess] [info] Scanned user extensions: 1
[2019-09-19 12:15:08.245] [sharedprocess] [info] Scanned user extensions: 1
[2019-09-19 12:16:03.289] [sharedprocess] [info] Scanned user extensions: 1
[2019-09-19 12:20:08.255] [sharedprocess] [info] Scanned user extensions: 1
[2019-09-19 12:21:03.302] [sharedprocess] [info] Scanned user extensions: 1
[2019-09-19 12:25:08.264] [sharedprocess] [info] Scanned user extensions: 1
[2019-09-19 12:26:03.315] [sharedprocess] [info] Scanned user extensions: 1
[2019-09-19 12:30:08.275] [sharedprocess] [info] Scanned user extensions: 1
[2019-09-19 12:31:03.351] [sharedprocess] [info] Scanned user extensions: 1
[2019-09-19 12:35:08.286] [sharedprocess] [info] Scanned user extensions: 1
[2019-09-19 12:36:03.364] [sharedprocess] [info] Scanned user extensions: 1
[2019-09-19 12:40:08.296] [sharedprocess] [info] Scanned user extensions: 1
[2019-09-19 12:41:03.377] [sharedprocess] [info] Scanned user extensions: 1
[2019-09-19 12:45:08.307] [sharedprocess] [info] Scanned user extensions: 1
[2019-09-19 12:46:03.586] [sharedprocess] [info] Scanned user extensions: 1
[2019-09-19 12:50:08.315] [sharedprocess] [info] Scanned user extensions: 1
[2019-09-19 12:51:03.598] [sharedprocess] [info] Scanned user extensions: 1
[2019-09-19 12:55:08.324] [sharedprocess] [info] Scanned user extensions: 1
[2019-09-19 12:56:03.640] [sharedprocess] [info] Scanned user extensions: 1
[2019-09-19 13:00:08.336] [sharedprocess] [info] Scanned user extensions: 1
[2019-09-19 13:01:03.655] [sharedprocess] [info] Scanned user extensions: 1
[2019-09-19 13:05:08.349] [sharedprocess] [info] Scanned user extensions: 1
[2019-09-19 13:06:03.669] [sharedprocess] [info] Scanned user extensions: 1
[2019-09-19 13:10:08.360] [sharedprocess] [info] Scanned user extensions: 1
[2019-09-19 13:11:03.733] [sharedprocess] [info] Scanned user extensions: 1
[2019-09-19 13:15:08.370] [sharedprocess] [info] Scanned user extensions: 1
[2019-09-19 13:16:03.747] [sharedprocess] [info] Scanned user extensions: 1
[2019-09-19 13:20:08.380] [sharedprocess] [info] Scanned user extensions: 1
[2019-09-19 13:21:03.759] [sharedprocess] [info] Scanned user extensions: 1
[2019-09-19 13:25:08.392] [sharedprocess] [info] Scanned user extensions: 1
[2019-09-19 13:26:03.769] [sharedprocess] [info] Scanned user extensions: 1
[2019-09-19 13:30:08.428] [sharedprocess] [info] Scanned user extensions: 1
[2019-09-19 13:31:03.782] [sharedprocess] [info] Scanned user extensions: 1
[2019-09-19 13:35:08.437] [sharedprocess] [info] Scanned user extensions: 1
[2019-09-19 13:36:03.796] [sharedprocess] [info] Scanned user extensions: 1
[2019-09-19 13:40:08.445] [sharedprocess] [info] Scanned user extensions: 1
[2019-09-19 13:41:03.809] [sharedprocess] [info] Scanned user extensions: 1
[2019-09-19 13:45:08.452] [sharedprocess] [info] Scanned user extensions: 1
[2019-09-19 13:46:04.009] [sharedprocess] [info] Scanned user extensions: 1
[2019-09-19 13:50:08.459] [sharedprocess] [info] Scanned user extensions: 1
[2019-09-19 13:51:04.023] [sharedprocess] [info] Scanned user extensions: 1
[2019-09-19 13:55:08.466] [sharedprocess] [info] Scanned user extensions: 1
[2019-09-19 13:56:04.035] [sharedprocess] [info] Scanned user extensions: 1
[2019-09-19 14:00:08.474] [sharedprocess] [info] Scanned user extensions: 1
[2019-09-19 14:01:04.050] [sharedprocess] [info] Scanned user extensions: 1
[2019-09-19 14:05:08.484] [sharedprocess] [info] Scanned user extensions: 1
[2019-09-19 14:06:04.063] [sharedprocess] [info] Scanned user extensions: 1
[2019-09-19 14:10:08.495] [sharedprocess] [info] Scanned user extensions: 1
[2019-09-19 14:11:04.075] [sharedprocess] [info] Scanned user extensions: 1
[2019-09-19 14:15:08.509] [sharedprocess] [info] Scanned user extensions: 1
[2019-09-19 14:16:04.087] [sharedprocess] [info] Scanned user extensions: 1
[2019-09-19 14:20:08.519] [sharedprocess] [info] Scanned user extensions: 1
[2019-09-19 14:21:04.098] [sharedprocess] [info] Scanned user extensions: 1
[2019-09-19 14:25:08.528] [sharedprocess] [info] Scanned user extensions: 1
[2019-09-19 14:26:04.112] [sharedprocess] [info] Scanned user extensions: 1
[2019-09-19 14:30:08.539] [sharedprocess] [info] Scanned user extensions: 1
[2019-09-19 14:31:04.126] [sharedprocess] [info] Scanned user extensions: 1
[2019-09-19 14:32:11.542] [sharedprocess] [info] Scanned user extensions: 1
[2019-09-19 14:32:11.684] [sharedprocess] [info] Scanned user extensions: 1
[2019-09-19 14:32:14.429] [sharedprocess] [info] Scanned user extensions: 1
[2019-09-19 14:32:15.686] [sharedprocess] [info] Scanned system extensions: 72
[2019-09-19 14:32:15.690] [sharedprocess] [info] Scanned system extensions: 72
[2019-09-19 14:33:12.406] [sharedprocess] [info] Scanned user extensions: 1
[2019-09-19 14:33:12.442] [sharedprocess] [info] Scanned user extensions: 1
[2019-09-19 14:33:14.047] [sharedprocess] [info] Scanned user extensions: 1
[2019-09-19 14:33:14.383] [sharedprocess] [info] Scanned system extensions: 72
[2019-09-19 14:33:14.388] [sharedprocess] [info] Scanned system extensions: 72
[2019-09-19 14:35:08.548] [sharedprocess] [info] Scanned user extensions: 1
[2019-09-19 14:36:04.154] [sharedprocess] [info] Scanned user extensions: 1
[2019-09-19 14:38:14.057] [sharedprocess] [info] Scanned user extensions: 1
[2019-09-19 14:40:08.559] [sharedprocess] [info] Scanned user extensions: 1
[2019-09-19 14:41:04.167] [sharedprocess] [info] Scanned user extensions: 1
[2019-09-19 14:43:14.068] [sharedprocess] [info] Scanned user extensions: 1
[2019-09-19 14:45:08.570] [sharedprocess] [info] Scanned user extensions: 1
[2019-09-19 14:46:08.671] [sharedprocess] [info] Scanned user extensions: 1
[2019-09-19 14:48:14.074] [sharedprocess] [info] Scanned user extensions: 1
[2019-09-19 14:50:08.594] [sharedprocess] [info] Scanned user extensions: 1
[2019-09-19 14:51:08.807] [sharedprocess] [info] Scanned user extensions: 1
[2019-09-19 14:53:14.428] [sharedprocess] [info] Scanned user extensions: 1
[2019-09-19 14:55:08.604] [sharedprocess] [info] Scanned user extensions: 1
[2019-09-19 14:56:10.915] [sharedprocess] [info] Scanned user extensions: 1
[2019-09-19 14:58:14.485] [sharedprocess] [info] Scanned user extensions: 1
[2019-09-19 15:00:08.813] [sharedprocess] [info] Scanned user extensions: 1
[2019-09-19 15:01:10.971] [sharedprocess] [info] Scanned user extensions: 1
[2019-09-19 15:03:14.497] [sharedprocess] [info] Scanned user extensions: 1
[2019-09-19 15:05:08.821] [sharedprocess] [info] Scanned user extensions: 1
[2019-09-19 15:06:11.028] [sharedprocess] [info] Scanned user extensions: 1
[2019-09-19 15:08:14.507] [sharedprocess] [info] Scanned user extensions: 1
[2019-09-19 15:10:08.833] [sharedprocess] [info] Scanned user extensions: 1
[2019-09-19 15:11:11.053] [sharedprocess] [info] Scanned user extensions: 1
[2019-09-19 15:13:14.516] [sharedprocess] [info] Scanned user extensions: 1
[2019-09-19 15:15:08.842] [sharedprocess] [info] Scanned user extensions: 1
[2019-09-19 15:16:11.115] [sharedprocess] [info] Scanned user extensions: 1
[2019-09-19 15:18:14.528] [sharedprocess] [info] Scanned user extensions: 1
[2019-09-19 15:20:08.851] [sharedprocess] [info] Scanned user extensions: 1
[2019-09-19 15:21:11.143] [sharedprocess] [info] Scanned user extensions: 1
[2019-09-19 15:23:14.536] [sharedprocess] [info] Scanned user extensions: 1
[2019-09-19 15:25:08.885] [sharedprocess] [info] Scanned user extensions: 1
[2019-09-19 15:26:11.158] [sharedprocess] [info] Scanned user extensions: 1
[2019-09-19 15:28:14.547] [sharedprocess] [info] Scanned user extensions: 1
[2019-09-19 15:30:08.925] [sharedprocess] [info] Scanned user extensions: 1
[2019-09-19 15:31:11.170] [sharedprocess] [info] Scanned user extensions: 1
[2019-09-19 15:33:14.557] [sharedprocess] [info] Scanned user extensions: 1
[2019-09-19 15:35:08.958] [sharedprocess] [info] Scanned user extensions: 1
[2019-09-19 15:36:11.223] [sharedprocess] [info] Scanned user extensions: 1
[2019-09-19 15:38:14.565] [sharedprocess] [info] Scanned user extensions: 1
[2019-09-19 15:40:08.963] [sharedprocess] [info] Scanned user extensions: 1
[2019-09-19 15:41:11.230] [sharedprocess] [info] Scanned user extensions: 1
[2019-09-19 15:43:14.576] [sharedprocess] [info] Scanned user extensions: 1
[2019-09-19 15:45:08.969] [sharedprocess] [info] Scanned user extensions: 1
[2019-09-19 15:46:11.803] [sharedprocess] [info] Scanned user extensions: 1
[2019-09-19 15:48:14.605] [sharedprocess] [info] Scanned user extensions: 1
[2019-09-19 15:50:08.979] [sharedprocess] [info] Scanned user extensions: 1
[2019-09-19 15:51:11.853] [sharedprocess] [info] Scanned user extensions: 1
[2019-09-19 15:53:14.616] [sharedprocess] [info] Scanned user extensions: 1
[2019-09-19 15:55:08.989] [sharedprocess] [info] Scanned user extensions: 1
[2019-09-19 15:56:11.867] [sharedprocess] [info] Scanned user extensions: 1
[2019-09-19 15:58:14.642] [sharedprocess] [info] Scanned user extensions: 1
[2019-09-19 16:00:09.050] [sharedprocess] [info] Scanned user extensions: 1
[2019-09-19 16:01:11.901] [sharedprocess] [info] Scanned user extensions: 1
[2019-09-19 16:03:14.651] [sharedprocess] [info] Scanned user extensions: 1
[2019-09-19 16:05:09.079] [sharedprocess] [info] Scanned user extensions: 1
[2019-09-19 16:06:11.912] [sharedprocess] [info] Scanned user extensions: 1
[2019-09-19 16:08:14.662] [sharedprocess] [info] Scanned user extensions: 1
[2019-09-19 16:10:09.088] [sharedprocess] [info] Scanned user extensions: 1
[2019-09-19 16:11:11.925] [sharedprocess] [info] Scanned user extensions: 1
[2019-09-19 16:13:14.700] [sharedprocess] [info] Scanned user extensions: 1
[2019-09-19 16:15:09.098] [sharedprocess] [info] Scanned user extensions: 1
[2019-09-19 16:16:11.935] [sharedprocess] [info] Scanned user extensions: 1
[2019-09-19 16:18:14.709] [sharedprocess] [info] Scanned user extensions: 1
[2019-09-19 16:20:09.106] [sharedprocess] [info] Scanned user extensions: 1
[2019-09-19 16:21:11.946] [sharedprocess] [info] Scanned user extensions: 1
[2019-09-19 16:23:14.719] [sharedprocess] [info] Scanned user extensions: 1
[2019-09-19 16:25:09.115] [sharedprocess] [info] Scanned user extensions: 1
[2019-09-19 16:26:11.960] [sharedprocess] [info] Scanned user extensions: 1
[2019-09-19 16:28:14.730] [sharedprocess] [info] Scanned user extensions: 1
[2019-09-19 16:30:09.124] [sharedprocess] [info] Scanned user extensions: 1
[2019-09-19 16:31:12.002] [sharedprocess] [info] Scanned user extensions: 1
[2019-09-19 16:33:14.740] [sharedprocess] [info] Scanned user extensions: 1
[2019-09-19 16:35:09.132] [sharedprocess] [info] Scanned user extensions: 1
[2019-09-19 16:36:12.041] [sharedprocess] [info] Scanned user extensions: 1
[2019-09-19 16:38:14.745] [sharedprocess] [info] Scanned user extensions: 1
[2019-09-19 16:40:09.143] [sharedprocess] [info] Scanned user extensions: 1
[2019-09-19 16:41:12.050] [sharedprocess] [info] Scanned user extensions: 1
[2019-09-19 16:43:14.756] [sharedprocess] [info] Scanned user extensions: 1
[2019-09-19 16:45:09.152] [sharedprocess] [info] Scanned user extensions: 1
[2019-09-19 16:46:12.383] [sharedprocess] [info] Scanned user extensions: 1
[2019-09-19 16:48:14.767] [sharedprocess] [info] Scanned user extensions: 1
[2019-09-19 16:50:09.189] [sharedprocess] [info] Scanned user extensions: 1
[2019-09-19 16:51:12.417] [sharedprocess] [info] Scanned user extensions: 1
[2019-09-19 16:53:14.777] [sharedprocess] [info] Scanned user extensions: 1
[2019-09-19 16:55:09.222] [sharedprocess] [info] Scanned user extensions: 1
[2019-09-19 16:56:12.430] [sharedprocess] [info] Scanned user extensions: 1
[2019-09-19 16:58:14.788] [sharedprocess] [info] Scanned user extensions: 1
[2019-09-20 07:41:51.822] [sharedprocess] [info] Scanned user extensions: 1
[2019-09-20 07:42:54.142] [sharedprocess] [info] Scanned user extensions: 1
[2019-09-20 07:44:56.521] [sharedprocess] [info] Scanned user extensions: 1
[2019-09-20 07:46:51.937] [sharedprocess] [info] Scanned user extensions: 1
[2019-09-20 07:47:54.154] [sharedprocess] [info] Scanned user extensions: 1
[2019-09-20 07:49:56.531] [sharedprocess] [info] Scanned user extensions: 1
[2019-09-20 07:51:52.002] [sharedprocess] [info] Scanned user extensions: 1
[2019-09-20 07:52:54.171] [sharedprocess] [info] Scanned user extensions: 1
[2019-09-20 07:54:56.542] [sharedprocess] [info] Scanned user extensions: 1
[2019-09-20 07:56:53.555] [sharedprocess] [info] Scanned user extensions: 1
[2019-09-20 07:57:54.178] [sharedprocess] [info] Scanned user extensions: 1
[2019-09-20 07:59:56.548] [sharedprocess] [info] Scanned user extensions: 1
[2019-09-20 08:01:53.637] [sharedprocess] [info] Scanned user extensions: 1
[2019-09-20 08:02:54.240] [sharedprocess] [info] Scanned user extensions: 1
[2019-09-20 08:04:56.557] [sharedprocess] [info] Scanned user extensions: 1
[2019-09-20 08:06:53.717] [sharedprocess] [info] Scanned user extensions: 1
[2019-09-20 08:07:54.252] [sharedprocess] [info] Scanned user extensions: 1
[2019-09-20 08:09:56.567] [sharedprocess] [info] Scanned user extensions: 1
[2019-09-20 08:11:53.729] [sharedprocess] [info] Scanned user extensions: 1
[2019-09-20 08:12:54.329] [sharedprocess] [info] Scanned user extensions: 1
[2019-09-20 08:14:56.576] [sharedprocess] [info] Scanned user extensions: 1
[2019-09-20 08:16:53.772] [sharedprocess] [info] Scanned user extensions: 1
[2019-09-20 08:17:54.337] [sharedprocess] [info] Scanned user extensions: 1
[2019-09-20 08:19:56.592] [sharedprocess] [info] Scanned user extensions: 1
[2019-09-20 08:21:53.785] [sharedprocess] [info] Scanned user extensions: 1
[2019-09-20 08:22:54.345] [sharedprocess] [info] Scanned user extensions: 1
[2019-09-20 08:24:56.599] [sharedprocess] [info] Scanned user extensions: 1
[2019-09-20 08:26:53.879] [sharedprocess] [info] Scanned user extensions: 1
[2019-09-20 08:27:54.354] [sharedprocess] [info] Scanned user extensions: 1
[2019-09-20 08:29:56.608] [sharedprocess] [info] Scanned user extensions: 1
[2019-09-20 08:31:53.927] [sharedprocess] [info] Scanned user extensions: 1
[2019-09-20 08:32:54.367] [sharedprocess] [info] Scanned user extensions: 1
[2019-09-20 08:34:56.618] [sharedprocess] [info] Scanned user extensions: 1
[2019-09-20 08:36:53.971] [sharedprocess] [info] Scanned user extensions: 1
[2019-09-20 08:37:54.378] [sharedprocess] [info] Scanned user extensions: 1
[2019-09-20 08:39:56.654] [sharedprocess] [info] Scanned user extensions: 1
[2019-09-20 08:41:54.378] [sharedprocess] [info] Scanned user extensions: 1
[2019-09-20 08:42:54.456] [sharedprocess] [info] Scanned user extensions: 1
[2019-09-20 08:44:56.663] [sharedprocess] [info] Scanned user extensions: 1
[2019-09-20 08:46:54.555] [sharedprocess] [info] Scanned user extensions: 1
[2019-09-20 08:47:54.467] [sharedprocess] [info] Scanned user extensions: 1
[2019-09-20 08:49:56.700] [sharedprocess] [info] Scanned user extensions: 1
[2019-09-20 08:51:54.593] [sharedprocess] [info] Scanned user extensions: 1
[2019-09-20 08:52:54.479] [sharedprocess] [info] Scanned user extensions: 1
[2019-09-20 08:54:56.710] [sharedprocess] [info] Scanned user extensions: 1
[2019-09-20 08:56:54.635] [sharedprocess] [info] Scanned user extensions: 1
[2019-09-20 08:57:54.491] [sharedprocess] [info] Scanned user extensions: 1
[2019-09-20 08:59:56.720] [sharedprocess] [info] Scanned user extensions: 1
[2019-09-20 09:01:54.648] [sharedprocess] [info] Scanned user extensions: 1
[2019-09-20 09:02:54.504] [sharedprocess] [info] Scanned user extensions: 1
[2019-09-20 09:04:56.762] [sharedprocess] [info] Scanned user extensions: 1
[2019-09-20 09:06:54.689] [sharedprocess] [info] Scanned user extensions: 1
[2019-09-20 09:07:54.514] [sharedprocess] [info] Scanned user extensions: 1
[2019-09-20 09:09:56.768] [sharedprocess] [info] Scanned user extensions: 1
[2019-09-20 09:11:54.738] [sharedprocess] [info] Scanned user extensions: 1
[2019-09-20 09:12:54.525] [sharedprocess] [info] Scanned user extensions: 1
[2019-09-20 09:14:56.776] [sharedprocess] [info] Scanned user extensions: 1
[2019-09-20 09:16:54.750] [sharedprocess] [info] Scanned user extensions: 1
[2019-09-20 09:17:54.533] [sharedprocess] [info] Scanned user extensions: 1
[2019-09-20 09:19:56.788] [sharedprocess] [info] Scanned user extensions: 1
[2019-09-20 09:21:54.820] [sharedprocess] [info] Scanned user extensions: 1
[2019-09-20 09:22:54.544] [sharedprocess] [info] Scanned user extensions: 1
[2019-09-20 09:24:56.798] [sharedprocess] [info] Scanned user extensions: 1
[2019-09-20 09:26:54.860] [sharedprocess] [info] Scanned user extensions: 1
[2019-09-20 09:27:54.556] [sharedprocess] [info] Scanned user extensions: 1
[2019-09-20 09:29:56.844] [sharedprocess] [info] Scanned user extensions: 1
[2019-09-20 09:31:54.910] [sharedprocess] [info] Scanned user extensions: 1
[2019-09-20 09:32:54.567] [sharedprocess] [info] Scanned user extensions: 1
[2019-09-20 09:34:56.856] [sharedprocess] [info] Scanned user extensions: 1
[2019-09-20 09:36:54.973] [sharedprocess] [info] Scanned user extensions: 1
[2019-09-20 09:37:54.609] [sharedprocess] [info] Scanned user extensions: 1
[2019-09-20 09:39:56.866] [sharedprocess] [info] Scanned user extensions: 1
[2019-09-20 09:41:55.209] [sharedprocess] [info] Scanned user extensions: 1
[2019-09-20 09:42:54.618] [sharedprocess] [info] Scanned user extensions: 1
[2019-09-20 09:44:56.877] [sharedprocess] [info] Scanned user extensions: 1
[2019-09-20 09:46:55.250] [sharedprocess] [info] Scanned user extensions: 1
[2019-09-20 09:47:54.626] [sharedprocess] [info] Scanned user extensions: 1
[2019-09-20 09:49:56.887] [sharedprocess] [info] Scanned user extensions: 1
[2019-09-20 10:34:44.540] [sharedprocess] [info] Scanned user extensions: 1
[2019-09-20 10:35:43.896] [sharedprocess] [info] Scanned user extensions: 1
[2019-09-20 10:37:46.153] [sharedprocess] [info] Scanned user extensions: 1
[2019-09-20 10:39:44.549] [sharedprocess] [info] Scanned user extensions: 1
[2019-09-20 10:40:43.905] [sharedprocess] [info] Scanned user extensions: 1
[2019-09-20 10:42:46.163] [sharedprocess] [info] Scanned user extensions: 1
[2019-09-20 10:44:44.976] [sharedprocess] [info] Scanned user extensions: 1
[2019-09-20 10:45:43.916] [sharedprocess] [info] Scanned user extensions: 1
[2019-09-20 10:47:46.173] [sharedprocess] [info] Scanned user extensions: 1
[2019-09-20 10:49:45.029] [sharedprocess] [info] Scanned user extensions: 1
[2019-09-20 10:50:43.926] [sharedprocess] [info] Scanned user extensions: 1
[2019-09-20 10:52:46.186] [sharedprocess] [info] Scanned user extensions: 1
[2019-09-20 10:54:45.133] [sharedprocess] [info] Scanned user extensions: 1
[2019-09-20 10:55:43.964] [sharedprocess] [info] Scanned user extensions: 1
[2019-09-20 10:57:46.206] [sharedprocess] [info] Scanned user extensions: 1
[2019-09-20 10:59:45.144] [sharedprocess] [info] Scanned user extensions: 1
[2019-09-20 11:00:43.973] [sharedprocess] [info] Scanned user extensions: 1
[2019-09-20 11:02:46.213] [sharedprocess] [info] Scanned user extensions: 1
[2019-09-20 11:04:45.219] [sharedprocess] [info] Scanned user extensions: 1
[2019-09-20 11:05:43.980] [sharedprocess] [info] Scanned user extensions: 1
[2019-09-20 11:07:46.224] [sharedprocess] [info] Scanned user extensions: 1
[2019-09-20 11:09:45.305] [sharedprocess] [info] Scanned user extensions: 1
[2019-09-20 11:10:44.089] [sharedprocess] [info] Scanned user extensions: 1
[2019-09-20 11:12:46.234] [sharedprocess] [info] Scanned user extensions: 1
[2019-09-20 11:14:45.384] [sharedprocess] [info] Scanned user extensions: 1
[2019-09-20 11:15:44.099] [sharedprocess] [info] Scanned user extensions: 1
[2019-09-20 11:17:46.244] [sharedprocess] [info] Scanned user extensions: 1
[2019-09-20 11:19:45.417] [sharedprocess] [info] Scanned user extensions: 1
[2019-09-20 11:20:44.110] [sharedprocess] [info] Scanned user extensions: 1
[2019-09-20 11:22:46.258] [sharedprocess] [info] Scanned user extensions: 1
[2019-09-20 11:24:45.895] [sharedprocess] [info] Scanned user extensions: 1
[2019-09-20 11:25:44.120] [sharedprocess] [info] Scanned user extensions: 1
[2019-09-20 11:27:46.269] [sharedprocess] [info] Scanned user extensions: 1
[2019-09-20 11:29:45.928] [sharedprocess] [info] Scanned user extensions: 1
[2019-09-20 11:30:44.190] [sharedprocess] [info] Scanned user extensions: 1
[2019-09-20 11:32:46.277] [sharedprocess] [info] Scanned user extensions: 1
[2019-09-20 11:34:46.037] [sharedprocess] [info] Scanned user extensions: 1
[2019-09-20 11:35:44.199] [sharedprocess] [info] Scanned user extensions: 1
[2019-09-20 11:37:46.285] [sharedprocess] [info] Scanned user extensions: 1
[2019-09-20 11:39:46.068] [sharedprocess] [info] Scanned user extensions: 1
[2019-09-20 11:40:44.207] [sharedprocess] [info] Scanned user extensions: 1
[2019-09-20 11:42:46.296] [sharedprocess] [info] Scanned user extensions: 1
[2019-09-20 11:44:46.550] [sharedprocess] [info] Scanned user extensions: 1
[2019-09-20 11:45:44.218] [sharedprocess] [info] Scanned user extensions: 1
[2019-09-20 11:47:46.308] [sharedprocess] [info] Scanned user extensions: 1
[2019-09-20 11:49:46.677] [sharedprocess] [info] Scanned user extensions: 1
[2019-09-20 11:50:44.292] [sharedprocess] [info] Scanned user extensions: 1
[2019-09-20 11:52:46.317] [sharedprocess] [info] Scanned user extensions: 1
[2019-09-20 11:54:46.779] [sharedprocess] [info] Scanned user extensions: 1
[2019-09-20 11:55:44.302] [sharedprocess] [info] Scanned user extensions: 1
[2019-09-20 11:57:46.326] [sharedprocess] [info] Scanned user extensions: 1
[2019-09-20 11:59:46.873] [sharedprocess] [info] Scanned user extensions: 1
[2019-09-20 12:00:44.313] [sharedprocess] [info] Scanned user extensions: 1
[2019-09-20 12:02:46.336] [sharedprocess] [info] Scanned user extensions: 1
[2019-09-20 12:04:46.972] [sharedprocess] [info] Scanned user extensions: 1
[2019-09-20 12:05:44.392] [sharedprocess] [info] Scanned user extensions: 1
[2019-09-20 12:07:46.345] [sharedprocess] [info] Scanned user extensions: 1
[2019-09-20 12:09:47.184] [sharedprocess] [info] Scanned user extensions: 1
[2019-09-20 12:10:44.484] [sharedprocess] [info] Scanned user extensions: 1
[2019-09-20 12:12:46.352] [sharedprocess] [info] Scanned user extensions: 1
[2019-09-20 12:14:47.197] [sharedprocess] [info] Scanned user extensions: 1
[2019-09-20 12:15:44.493] [sharedprocess] [info] Scanned user extensions: 1
[2019-09-20 12:17:46.432] [sharedprocess] [info] Scanned user extensions: 1
[2019-09-20 12:19:47.279] [sharedprocess] [info] Scanned user extensions: 1
[2019-09-20 12:20:44.502] [sharedprocess] [info] Scanned user extensions: 1
[2019-09-20 12:22:46.441] [sharedprocess] [info] Scanned user extensions: 1
[2019-09-20 12:24:47.306] [sharedprocess] [info] Scanned user extensions: 1
[2019-09-20 12:25:44.512] [sharedprocess] [info] Scanned user extensions: 1
[2019-09-20 12:27:46.451] [sharedprocess] [info] Scanned user extensions: 1
[2019-09-20 12:29:47.317] [sharedprocess] [info] Scanned user extensions: 1
[2019-09-20 12:30:44.521] [sharedprocess] [info] Scanned user extensions: 1
[2019-09-20 12:32:46.462] [sharedprocess] [info] Scanned user extensions: 1
[2019-09-20 12:34:47.419] [sharedprocess] [info] Scanned user extensions: 1
[2019-09-20 12:35:44.527] [sharedprocess] [info] Scanned user extensions: 1
[2019-09-20 12:37:46.554] [sharedprocess] [info] Scanned user extensions: 1
[2019-09-20 12:39:47.536] [sharedprocess] [info] Scanned user extensions: 1
[2019-09-20 12:40:44.535] [sharedprocess] [info] Scanned user extensions: 1
[2019-09-20 12:42:46.563] [sharedprocess] [info] Scanned user extensions: 1
[2019-09-20 12:44:48.088] [sharedprocess] [info] Scanned user extensions: 1
[2019-09-20 12:45:44.903] [sharedprocess] [info] Scanned user extensions: 1
[2019-09-20 12:47:46.574] [sharedprocess] [info] Scanned user extensions: 1
[2019-09-20 12:49:48.187] [sharedprocess] [info] Scanned user extensions: 1
[2019-09-20 12:50:44.912] [sharedprocess] [info] Scanned user extensions: 1
[2019-09-20 12:52:46.580] [sharedprocess] [info] Scanned user extensions: 1
[2019-09-20 12:54:48.280] [sharedprocess] [info] Scanned user extensions: 1
[2019-09-20 12:55:44.922] [sharedprocess] [info] Scanned user extensions: 1
[2019-09-20 12:57:46.589] [sharedprocess] [info] Scanned user extensions: 1
[2019-09-20 12:59:48.294] [sharedprocess] [info] Scanned user extensions: 1
[2019-09-20 13:00:45.024] [sharedprocess] [info] Scanned user extensions: 1
[2019-09-20 13:02:46.598] [sharedprocess] [info] Scanned user extensions: 1
[2019-09-20 13:04:48.366] [sharedprocess] [info] Scanned user extensions: 1
[2019-09-20 13:05:45.099] [sharedprocess] [info] Scanned user extensions: 1
[2019-09-20 13:07:46.609] [sharedprocess] [info] Scanned user extensions: 1
[2019-09-20 13:09:48.406] [sharedprocess] [info] Scanned user extensions: 1
[2019-09-20 13:10:45.120] [sharedprocess] [info] Scanned user extensions: 1
[2019-09-20 13:12:46.645] [sharedprocess] [info] Scanned user extensions: 1
[2019-09-20 13:14:48.427] [sharedprocess] [info] Scanned user extensions: 1
[2019-09-20 13:15:45.130] [sharedprocess] [info] Scanned user extensions: 1
[2019-09-20 13:17:46.689] [sharedprocess] [info] Scanned user extensions: 1
[2019-09-20 13:19:48.533] [sharedprocess] [info] Scanned user extensions: 1
[2019-09-20 13:20:45.228] [sharedprocess] [info] Scanned user extensions: 1
[2019-09-20 13:22:46.700] [sharedprocess] [info] Scanned user extensions: 1
[2019-09-20 13:24:48.634] [sharedprocess] [info] Scanned user extensions: 1
[2019-09-20 13:25:45.321] [sharedprocess] [info] Scanned user extensions: 1
[2019-09-20 13:27:46.709] [sharedprocess] [info] Scanned user extensions: 1
[2019-09-20 13:29:48.720] [sharedprocess] [info] Scanned user extensions: 1
[2019-09-20 13:30:45.425] [sharedprocess] [info] Scanned user extensions: 1
[2019-09-20 13:32:46.719] [sharedprocess] [info] Scanned user extensions: 1
[2019-09-20 13:34:48.733] [sharedprocess] [info] Scanned user extensions: 1
[2019-09-20 13:35:45.449] [sharedprocess] [info] Scanned user extensions: 1
[2019-09-20 13:37:46.109] [sharedprocess] [info] Scanned user extensions: 1
[2019-09-20 13:39:48.179] [sharedprocess] [info] Scanned user extensions: 1
[2019-09-20 13:40:44.914] [sharedprocess] [info] Scanned user extensions: 1
[2019-09-20 13:42:46.119] [sharedprocess] [info] Scanned user extensions: 1
[2019-09-20 13:44:48.192] [sharedprocess] [info] Scanned user extensions: 1
[2019-09-20 13:45:45.622] [sharedprocess] [info] Scanned user extensions: 1
[2019-09-20 13:47:46.129] [sharedprocess] [info] Scanned user extensions: 1
[2019-09-20 13:49:48.202] [sharedprocess] [info] Scanned user extensions: 1
[2019-09-20 13:50:45.636] [sharedprocess] [info] Scanned user extensions: 1
[2019-09-20 13:52:46.140] [sharedprocess] [info] Scanned user extensions: 1
[2019-09-20 13:54:48.273] [sharedprocess] [info] Scanned user extensions: 1
[2019-09-20 13:55:45.717] [sharedprocess] [info] Scanned user extensions: 1
[2019-09-20 13:57:46.150] [sharedprocess] [info] Scanned user extensions: 1
[2019-09-20 13:59:48.363] [sharedprocess] [info] Scanned user extensions: 1
[2019-09-20 14:00:45.796] [sharedprocess] [info] Scanned user extensions: 1
[2019-09-20 14:02:46.158] [sharedprocess] [info] Scanned user extensions: 1
[2019-09-20 14:04:48.433] [sharedprocess] [info] Scanned user extensions: 1
[2019-09-20 14:05:45.875] [sharedprocess] [info] Scanned user extensions: 1
[2019-09-20 14:07:46.232] [sharedprocess] [info] Scanned user extensions: 1
[2019-09-20 14:09:48.514] [sharedprocess] [info] Scanned user extensions: 1
[2019-09-20 14:10:45.968] [sharedprocess] [info] Scanned user extensions: 1
[2019-09-20 14:12:46.239] [sharedprocess] [info] Scanned user extensions: 1
[2019-09-20 14:14:48.532] [sharedprocess] [info] Scanned user extensions: 1
[2019-09-20 14:15:46.040] [sharedprocess] [info] Scanned user extensions: 1
[2019-09-20 14:17:46.258] [sharedprocess] [info] Scanned user extensions: 1
[2019-09-20 14:19:48.609] [sharedprocess] [info] Scanned user extensions: 1
[2019-09-20 14:20:46.134] [sharedprocess] [info] Scanned user extensions: 1
[2019-09-20 14:22:46.263] [sharedprocess] [info] Scanned user extensions: 1
[2019-09-20 14:24:48.681] [sharedprocess] [info] Scanned user extensions: 1
[2019-09-20 14:25:46.222] [sharedprocess] [info] Scanned user extensions: 1
[2019-09-20 14:27:46.322] [sharedprocess] [info] Scanned user extensions: 1
[2019-09-20 14:29:48.688] [sharedprocess] [info] Scanned user extensions: 1
[2019-09-20 14:30:46.304] [sharedprocess] [info] Scanned user extensions: 1
[2019-09-20 14:32:46.336] [sharedprocess] [info] Scanned user extensions: 1
[2019-09-20 14:34:48.765] [sharedprocess] [info] Scanned user extensions: 1
[2019-09-20 14:35:46.382] [sharedprocess] [info] Scanned user extensions: 1
[2019-09-20 14:37:46.366] [sharedprocess] [info] Scanned user extensions: 1
[2019-09-20 14:39:48.848] [sharedprocess] [info] Scanned user extensions: 1
[2019-09-20 14:40:46.422] [sharedprocess] [info] Scanned user extensions: 1
[2019-09-20 14:42:46.453] [sharedprocess] [info] Scanned user extensions: 1
[2019-09-20 14:44:48.985] [sharedprocess] [info] Scanned user extensions: 1
[2019-09-20 14:45:46.952] [sharedprocess] [info] Scanned user extensions: 1
[2019-09-20 14:47:46.464] [sharedprocess] [info] Scanned user extensions: 1
[2019-09-20 14:49:49.234] [sharedprocess] [info] Scanned user extensions: 1
[2019-09-20 14:50:46.963] [sharedprocess] [info] Scanned user extensions: 1
[2019-09-20 14:52:46.473] [sharedprocess] [info] Scanned user extensions: 1
[2019-09-20 14:54:49.240] [sharedprocess] [info] Scanned user extensions: 1
[2019-09-20 14:55:47.038] [sharedprocess] [info] Scanned user extensions: 1
[2019-09-20 14:57:46.545] [sharedprocess] [info] Scanned user extensions: 1
[2019-09-20 14:59:49.246] [sharedprocess] [info] Scanned user extensions: 1
[2019-09-20 15:00:47.199] [sharedprocess] [info] Scanned user extensions: 1
[2019-09-20 15:02:46.555] [sharedprocess] [info] Scanned user extensions: 1
[2019-09-20 15:04:49.284] [sharedprocess] [info] Scanned user extensions: 1
[2019-09-20 15:05:47.242] [sharedprocess] [info] Scanned user extensions: 1
[2019-09-20 15:07:46.564] [sharedprocess] [info] Scanned user extensions: 1
[2019-09-20 15:09:49.293] [sharedprocess] [info] Scanned user extensions: 1
[2019-09-20 15:10:47.315] [sharedprocess] [info] Scanned user extensions: 1
[2019-09-20 15:12:46.570] [sharedprocess] [info] Scanned user extensions: 1
[2019-09-20 15:14:49.301] [sharedprocess] [info] Scanned user extensions: 1
[2019-09-20 15:15:47.405] [sharedprocess] [info] Scanned user extensions: 1
[2019-09-20 15:17:46.580] [sharedprocess] [info] Scanned user extensions: 1
[2019-09-20 15:19:49.306] [sharedprocess] [info] Scanned user extensions: 1
[2019-09-20 15:20:47.472] [sharedprocess] [info] Scanned user extensions: 1
[2019-09-20 15:22:46.590] [sharedprocess] [info] Scanned user extensions: 1
[2019-09-20 15:24:49.315] [sharedprocess] [info] Scanned user extensions: 1
[2019-09-20 15:25:47.544] [sharedprocess] [info] Scanned user extensions: 1
[2019-09-20 15:27:46.601] [sharedprocess] [info] Scanned user extensions: 1
[2019-09-20 15:29:49.483] [sharedprocess] [info] Scanned user extensions: 1
[2019-09-20 15:30:47.575] [sharedprocess] [info] Scanned user extensions: 1
[2019-09-20 15:32:46.609] [sharedprocess] [info] Scanned user extensions: 1
[2019-09-20 15:34:49.561] [sharedprocess] [info] Scanned user extensions: 1
[2019-09-20 15:35:47.648] [sharedprocess] [info] Scanned user extensions: 1
[2019-09-20 15:37:46.620] [sharedprocess] [info] Scanned user extensions: 1
[2019-09-20 15:39:49.570] [sharedprocess] [info] Scanned user extensions: 1
[2019-09-20 15:40:47.761] [sharedprocess] [info] Scanned user extensions: 1
[2019-09-20 15:42:46.630] [sharedprocess] [info] Scanned user extensions: 1
[2019-09-20 15:44:49.614] [sharedprocess] [info] Scanned user extensions: 1
[2019-09-20 15:45:48.060] [sharedprocess] [info] Scanned user extensions: 1
[2019-09-20 15:47:46.702] [sharedprocess] [info] Scanned user extensions: 1
[2019-09-20 15:49:49.688] [sharedprocess] [info] Scanned user extensions: 1
[2019-09-20 15:50:48.074] [sharedprocess] [info] Scanned user extensions: 1
[2019-09-20 15:52:46.711] [sharedprocess] [info] Scanned user extensions: 1
[2019-09-20 15:54:49.700] [sharedprocess] [info] Scanned user extensions: 1
[2019-09-20 15:55:48.160] [sharedprocess] [info] Scanned user extensions: 1
[2019-09-20 15:57:46.720] [sharedprocess] [info] Scanned user extensions: 1
[2019-09-20 15:59:49.800] [sharedprocess] [info] Scanned user extensions: 1
[2019-09-20 16:00:48.238] [sharedprocess] [info] Scanned user extensions: 1
[2019-09-20 16:02:46.730] [sharedprocess] [info] Scanned user extensions: 1
[2019-09-20 16:04:49.869] [sharedprocess] [info] Scanned user extensions: 1
[2019-09-20 16:05:48.250] [sharedprocess] [info] Scanned user extensions: 1
[2019-09-20 16:07:46.751] [sharedprocess] [info] Scanned user extensions: 1
[2019-09-20 16:09:50.008] [sharedprocess] [info] Scanned user extensions: 1
[2019-09-20 16:10:48.351] [sharedprocess] [info] Scanned user extensions: 1
[2019-09-20 16:12:46.759] [sharedprocess] [info] Scanned user extensions: 1
[2019-09-20 16:14:50.088] [sharedprocess] [info] Scanned user extensions: 1
[2019-09-20 16:15:48.425] [sharedprocess] [info] Scanned user extensions: 1
[2019-09-20 16:17:46.773] [sharedprocess] [info] Scanned user extensions: 1
[2019-09-20 16:19:50.149] [sharedprocess] [info] Scanned user extensions: 1
[2019-09-20 16:20:48.552] [sharedprocess] [info] Scanned user extensions: 1
[2019-09-20 16:22:46.781] [sharedprocess] [info] Scanned user extensions: 1
[2019-09-20 16:24:50.157] [sharedprocess] [info] Scanned user extensions: 1
[2019-09-20 16:25:48.586] [sharedprocess] [info] Scanned user extensions: 1
[2019-09-20 16:27:46.789] [sharedprocess] [info] Scanned user extensions: 1
[2019-09-20 16:29:50.233] [sharedprocess] [info] Scanned user extensions: 1
[2019-09-20 16:30:48.653] [sharedprocess] [info] Scanned user extensions: 1
[2019-09-20 16:32:46.799] [sharedprocess] [info] Scanned user extensions: 1
[2019-09-20 16:34:50.239] [sharedprocess] [info] Scanned user extensions: 1
[2019-09-20 16:35:48.727] [sharedprocess] [info] Scanned user extensions: 1
[2019-09-20 16:37:46.809] [sharedprocess] [info] Scanned user extensions: 1
[2019-09-20 16:39:50.312] [sharedprocess] [info] Scanned user extensions: 1
[2019-09-20 16:40:48.802] [sharedprocess] [info] Scanned user extensions: 1
[2019-09-20 16:42:46.938] [sharedprocess] [info] Scanned user extensions: 1
[2019-09-20 16:44:50.321] [sharedprocess] [info] Scanned user extensions: 1
[2019-09-20 16:45:49.162] [sharedprocess] [info] Scanned user extensions: 1
[2019-09-20 16:47:46.944] [sharedprocess] [info] Scanned user extensions: 1
[2019-09-20 16:49:50.381] [sharedprocess] [info] Scanned user extensions: 1
[2019-09-20 16:50:49.172] [sharedprocess] [info] Scanned user extensions: 1
[2019-09-20 16:52:46.952] [sharedprocess] [info] Scanned user extensions: 1
[2019-09-20 16:54:50.390] [sharedprocess] [info] Scanned user extensions: 1
[2019-09-20 16:55:49.185] [sharedprocess] [info] Scanned user extensions: 1
[2019-09-20 16:57:46.992] [sharedprocess] [info] Scanned user extensions: 1
[2019-09-20 16:59:50.498] [sharedprocess] [info] Scanned user extensions: 1
[2019-09-20 17:00:49.835] [sharedprocess] [info] Scanned user extensions: 1
[2019-09-20 17:02:47.001] [sharedprocess] [info] Scanned user extensions: 1
[2019-09-20 17:04:50.582] [sharedprocess] [info] Scanned user extensions: 1
[2019-09-20 17:05:49.849] [sharedprocess] [info] Scanned user extensions: 1
[2019-09-20 17:07:47.016] [sharedprocess] [info] Scanned user extensions: 1
[2019-09-20 17:09:50.591] [sharedprocess] [info] Scanned user extensions: 1
[2019-09-20 17:10:49.859] [sharedprocess] [info] Scanned user extensions: 1
[2019-09-20 17:12:47.027] [sharedprocess] [info] Scanned user extensions: 1
[2019-09-20 17:14:50.725] [sharedprocess] [info] Scanned user extensions: 1
[2019-09-20 17:15:49.872] [sharedprocess] [info] Scanned user extensions: 1
[2019-09-20 17:17:47.037] [sharedprocess] [info] Scanned user extensions: 1
[2019-09-20 17:19:50.736] [sharedprocess] [info] Scanned user extensions: 1
[2019-09-20 17:20:49.944] [sharedprocess] [info] Scanned user extensions: 1
[2019-09-20 17:22:47.043] [sharedprocess] [info] Scanned user extensions: 1
[2019-09-20 17:24:50.806] [sharedprocess] [info] Scanned user extensions: 1
[2019-09-20 17:25:50.106] [sharedprocess] [info] Scanned user extensions: 1
[2019-09-20 17:27:47.056] [sharedprocess] [info] Scanned user extensions: 1
[2019-09-20 17:29:50.898] [sharedprocess] [info] Scanned user extensions: 1
[2019-09-20 17:30:50.119] [sharedprocess] [info] Scanned user extensions: 1
[2019-09-20 17:32:47.067] [sharedprocess] [info] Scanned user extensions: 1
[2019-09-20 17:34:50.979] [sharedprocess] [info] Scanned user extensions: 1
[2019-09-20 17:35:50.132] [sharedprocess] [info] Scanned user extensions: 1
[2019-09-20 17:37:47.077] [sharedprocess] [info] Scanned user extensions: 1
[2019-09-20 17:39:51.044] [sharedprocess] [info] Scanned user extensions: 1
[2019-09-20 17:40:50.207] [sharedprocess] [info] Scanned user extensions: 1
[2019-09-20 17:42:47.085] [sharedprocess] [info] Scanned user extensions: 1
[2019-09-20 17:44:51.049] [sharedprocess] [info] Scanned user extensions: 1
[2019-09-20 17:45:51.072] [sharedprocess] [info] Scanned user extensions: 1
[2019-09-20 17:47:47.098] [sharedprocess] [info] Scanned user extensions: 1
[2019-09-20 17:49:51.125] [sharedprocess] [info] Scanned user extensions: 1
[2019-09-20 17:50:51.086] [sharedprocess] [info] Scanned user extensions: 1
[2019-09-20 17:52:47.108] [sharedprocess] [info] Scanned user extensions: 1
[2019-09-20 17:54:51.133] [sharedprocess] [info] Scanned user extensions: 1
[2019-09-20 17:55:51.100] [sharedprocess] [info] Scanned user extensions: 1
[2019-09-20 17:57:47.114] [sharedprocess] [info] Scanned user extensions: 1
[2019-09-20 17:59:51.218] [sharedprocess] [info] Scanned user extensions: 1
[2019-09-20 18:00:51.133] [sharedprocess] [info] Scanned user extensions: 1
[2019-09-20 18:02:47.125] [sharedprocess] [info] Scanned user extensions: 1
[2019-09-20 18:04:51.318] [sharedprocess] [info] Scanned user extensions: 1
[2019-09-20 18:05:51.142] [sharedprocess] [info] Scanned user extensions: 1
[2019-09-20 18:07:47.134] [sharedprocess] [info] Scanned user extensions: 1
[2019-09-20 18:19:56.583] [sharedprocess] [info] Scanned user extensions: 1
[2019-09-20 18:20:56.318] [sharedprocess] [info] Scanned user extensions: 1
[2019-09-20 18:22:52.314] [sharedprocess] [info] Scanned user extensions: 1
[2019-09-20 18:24:56.593] [sharedprocess] [info] Scanned user extensions: 1
[2019-09-20 18:25:56.393] [sharedprocess] [info] Scanned user extensions: 1
[2019-09-20 20:40:07.604] [sharedprocess] [info] Scanned user extensions: 1
[2019-09-20 20:42:11.120] [sharedprocess] [info] Scanned user extensions: 1
[2019-09-20 20:43:10.977] [sharedprocess] [info] Scanned user extensions: 1
[2019-09-20 20:45:07.617] [sharedprocess] [info] Scanned user extensions: 1
[2019-09-20 20:47:11.127] [sharedprocess] [info] Scanned user extensions: 1
[2019-09-20 20:48:11.047] [sharedprocess] [info] Scanned user extensions: 1
[2019-09-20 20:50:07.631] [sharedprocess] [info] Scanned user extensions: 1
[2019-09-20 20:52:11.195] [sharedprocess] [info] Scanned user extensions: 1
[2019-09-20 20:53:11.133] [sharedprocess] [info] Scanned user extensions: 1
[2019-09-20 20:55:07.666] [sharedprocess] [info] Scanned user extensions: 1
[2019-09-20 20:57:11.264] [sharedprocess] [info] Scanned user extensions: 1
[2019-09-20 20:58:11.141] [sharedprocess] [info] Scanned user extensions: 1
[2019-09-20 21:00:07.679] [sharedprocess] [info] Scanned user extensions: 1
[2019-09-20 21:02:11.390] [sharedprocess] [info] Scanned user extensions: 1
[2019-09-20 21:03:11.150] [sharedprocess] [info] Scanned user extensions: 1
[2019-09-20 21:05:08.092] [sharedprocess] [info] Scanned user extensions: 1
[2019-09-20 21:07:11.446] [sharedprocess] [info] Scanned user extensions: 1
[2019-09-20 21:08:11.159] [sharedprocess] [info] Scanned user extensions: 1
[2019-09-20 21:10:08.102] [sharedprocess] [info] Scanned user extensions: 1
[2019-09-20 21:12:11.542] [sharedprocess] [info] Scanned user extensions: 1
[2019-09-20 21:13:11.219] [sharedprocess] [info] Scanned user extensions: 1
[2019-09-20 21:15:09.206] [sharedprocess] [info] Scanned user extensions: 1
[2019-09-20 21:17:12.444] [sharedprocess] [info] Scanned user extensions: 1
[2019-09-20 21:18:12.050] [sharedprocess] [info] Scanned user extensions: 1
[2019-09-20 21:20:10.326] [sharedprocess] [info] Scanned user extensions: 1
[2019-09-20 21:22:12.554] [sharedprocess] [info] Scanned user extensions: 1
[2019-09-20 21:23:12.058] [sharedprocess] [info] Scanned user extensions: 1
[2019-09-20 21:25:10.478] [sharedprocess] [info] Scanned user extensions: 1
[2019-09-20 21:27:12.560] [sharedprocess] [info] Scanned user extensions: 1
[2019-09-20 21:28:12.065] [sharedprocess] [info] Scanned user extensions: 1
[2019-09-20 21:30:10.627] [sharedprocess] [info] Scanned user extensions: 1
[2019-09-20 21:32:12.647] [sharedprocess] [info] Scanned user extensions: 1
[2019-09-20 21:33:12.092] [sharedprocess] [info] Scanned user extensions: 1
[2019-09-20 21:35:10.849] [sharedprocess] [info] Scanned user extensions: 1
[2019-09-20 21:37:12.758] [sharedprocess] [info] Scanned user extensions: 1
[2019-09-20 21:38:12.103] [sharedprocess] [info] Scanned user extensions: 1
[2019-09-20 21:40:12.916] [sharedprocess] [info] Scanned user extensions: 1
[2019-09-20 21:42:12.855] [sharedprocess] [info] Scanned user extensions: 1
[2019-09-20 21:43:12.591] [sharedprocess] [info] Scanned user extensions: 1
[2019-09-20 21:45:13.339] [sharedprocess] [info] Scanned user extensions: 1
[2019-09-20 21:47:12.897] [sharedprocess] [info] Scanned user extensions: 1
[2019-09-20 21:48:12.684] [sharedprocess] [info] Scanned user extensions: 1
[2019-09-20 21:50:13.530] [sharedprocess] [info] Scanned user extensions: 1
[2019-09-20 21:52:12.964] [sharedprocess] [info] Scanned user extensions: 1
[2019-09-20 21:53:12.753] [sharedprocess] [info] Scanned user extensions: 1
[2019-09-20 21:55:15.140] [sharedprocess] [info] Scanned user extensions: 1
[2019-09-20 21:57:13.077] [sharedprocess] [info] Scanned user extensions: 1
[2019-09-20 21:58:12.803] [sharedprocess] [info] Scanned user extensions: 1
[2019-09-20 22:00:16.335] [sharedprocess] [info] Scanned user extensions: 1
[2019-09-20 22:02:16.767] [sharedprocess] [info] Scanned user extensions: 1
[2019-09-20 22:03:15.642] [sharedprocess] [info] Scanned user extensions: 1
[2019-09-20 22:05:18.706] [sharedprocess] [info] Scanned user extensions: 1
[2019-09-20 22:07:18.427] [sharedprocess] [info] Scanned user extensions: 1
[2019-09-20 22:08:17.474] [sharedprocess] [info] Scanned user extensions: 1
[2019-09-20 22:10:20.874] [sharedprocess] [info] Scanned user extensions: 1
[2019-09-20 22:12:19.008] [sharedprocess] [info] Scanned user extensions: 1
[2019-09-20 22:13:17.555] [sharedprocess] [info] Scanned user extensions: 1
[2019-09-20 22:15:23.255] [sharedprocess] [info] Scanned user extensions: 1
[2019-09-20 22:17:19.841] [sharedprocess] [info] Scanned user extensions: 1
[2019-09-20 22:18:17.626] [sharedprocess] [info] Scanned user extensions: 1
[2019-09-20 22:20:25.505] [sharedprocess] [info] Scanned user extensions: 1
[2019-09-20 22:22:20.001] [sharedprocess] [info] Scanned user extensions: 1
[2019-09-20 22:23:17.797] [sharedprocess] [info] Scanned user extensions: 1
[2019-09-20 22:25:42.064] [sharedprocess] [info] Scanned user extensions: 1
[2019-09-21 12:58:36.385] [sharedprocess] [info] Scanned user extensions: 1
[2019-09-21 12:59:25.975] [sharedprocess] [info] Scanned user extensions: 1
[2019-09-21 13:01:50.140] [sharedprocess] [info] Scanned user extensions: 1
[2019-09-21 13:03:36.449] [sharedprocess] [info] Scanned user extensions: 1
[2019-09-21 13:04:25.985] [sharedprocess] [info] Scanned user extensions: 1
[2019-09-21 13:06:50.231] [sharedprocess] [info] Scanned user extensions: 1
[2019-09-21 13:08:36.488] [sharedprocess] [info] Scanned user extensions: 1
[2019-09-21 13:09:26.046] [sharedprocess] [info] Scanned user extensions: 1
[2019-09-21 13:11:50.240] [sharedprocess] [info] Scanned user extensions: 1
[2019-09-21 13:13:36.526] [sharedprocess] [info] Scanned user extensions: 1
[2019-09-21 13:14:26.054] [sharedprocess] [info] Scanned user extensions: 1
[2019-09-21 13:16:50.248] [sharedprocess] [info] Scanned user extensions: 1
[2019-09-21 13:18:36.582] [sharedprocess] [info] Scanned user extensions: 1
[2019-09-21 13:19:26.122] [sharedprocess] [info] Scanned user extensions: 1
[2019-09-21 13:21:50.258] [sharedprocess] [info] Scanned user extensions: 1
[2019-09-21 13:23:36.669] [sharedprocess] [info] Scanned user extensions: 1
[2019-09-21 13:24:26.130] [sharedprocess] [info] Scanned user extensions: 1
[2019-09-21 13:26:50.269] [sharedprocess] [info] Scanned user extensions: 1
[2019-09-21 13:28:36.808] [sharedprocess] [info] Scanned user extensions: 1
[2019-09-21 13:29:26.139] [sharedprocess] [info] Scanned user extensions: 1
[2019-09-21 13:31:50.796] [sharedprocess] [info] Scanned user extensions: 1
[2019-09-21 13:33:37.363] [sharedprocess] [info] Scanned user extensions: 1
[2019-09-21 13:34:26.831] [sharedprocess] [info] Scanned user extensions: 1
[2019-09-21 13:36:50.846] [sharedprocess] [info] Scanned user extensions: 1
[2019-09-21 13:38:37.507] [sharedprocess] [info] Scanned user extensions: 1
[2019-09-21 13:39:26.840] [sharedprocess] [info] Scanned user extensions: 1
[2019-09-21 13:41:50.919] [sharedprocess] [info] Scanned user extensions: 1
[2019-09-21 13:43:37.518] [sharedprocess] [info] Scanned user extensions: 1
[2019-09-21 13:44:26.906] [sharedprocess] [info] Scanned user extensions: 1
[2019-09-21 13:46:50.989] [sharedprocess] [info] Scanned user extensions: 1
[2019-09-21 13:48:37.588] [sharedprocess] [info] Scanned user extensions: 1
[2019-09-21 13:49:26.969] [sharedprocess] [info] Scanned user extensions: 1
[2019-09-21 13:51:51.000] [sharedprocess] [info] Scanned user extensions: 1
[2019-09-21 13:53:37.683] [sharedprocess] [info] Scanned user extensions: 1
[2019-09-21 13:54:26.980] [sharedprocess] [info] Scanned user extensions: 1
[2019-09-21 13:56:51.009] [sharedprocess] [info] Scanned user extensions: 1
[2019-09-21 13:58:38.458] [sharedprocess] [info] Scanned user extensions: 1
[2019-09-21 13:59:27.049] [sharedprocess] [info] Scanned user extensions: 1
[2019-09-21 14:01:51.019] [sharedprocess] [info] Scanned user extensions: 1
[2019-09-21 14:03:38.571] [sharedprocess] [info] Scanned user extensions: 1
[2019-09-21 14:04:27.057] [sharedprocess] [info] Scanned user extensions: 1
[2019-09-21 14:06:51.047] [sharedprocess] [info] Scanned user extensions: 1
[2019-09-21 14:08:38.694] [sharedprocess] [info] Scanned user extensions: 1
[2019-09-21 14:09:27.106] [sharedprocess] [info] Scanned user extensions: 1
[2019-09-21 14:11:51.060] [sharedprocess] [info] Scanned user extensions: 1
[2019-09-21 14:13:38.780] [sharedprocess] [info] Scanned user extensions: 1
[2019-09-21 14:14:27.184] [sharedprocess] [info] Scanned user extensions: 1
[2019-09-21 14:16:51.074] [sharedprocess] [info] Scanned user extensions: 1
[2019-09-21 14:18:38.867] [sharedprocess] [info] Scanned user extensions: 1
[2019-09-21 14:19:27.289] [sharedprocess] [info] Scanned user extensions: 1
[2019-09-21 14:21:51.083] [sharedprocess] [info] Scanned user extensions: 1
[2019-09-21 14:23:38.876] [sharedprocess] [info] Scanned user extensions: 1
[2019-09-21 14:24:27.299] [sharedprocess] [info] Scanned user extensions: 1
[2019-09-21 14:26:51.091] [sharedprocess] [info] Scanned user extensions: 1
[2019-09-21 14:28:38.994] [sharedprocess] [info] Scanned user extensions: 1
[2019-09-21 14:29:27.405] [sharedprocess] [info] Scanned user extensions: 1
[2019-09-21 14:31:51.102] [sharedprocess] [info] Scanned user extensions: 1
[2019-09-21 14:33:39.004] [sharedprocess] [info] Scanned user extensions: 1
[2019-09-21 14:34:27.411] [sharedprocess] [info] Scanned user extensions: 1
[2019-09-21 14:36:51.111] [sharedprocess] [info] Scanned user extensions: 1
[2019-09-21 14:38:39.076] [sharedprocess] [info] Scanned user extensions: 1
[2019-09-21 14:39:27.479] [sharedprocess] [info] Scanned user extensions: 1
[2019-09-21 14:41:51.120] [sharedprocess] [info] Scanned user extensions: 1
[2019-09-21 14:43:39.150] [sharedprocess] [info] Scanned user extensions: 1
[2019-09-21 14:44:27.545] [sharedprocess] [info] Scanned user extensions: 1
[2019-09-21 14:46:51.129] [sharedprocess] [info] Scanned user extensions: 1
[2019-09-21 14:48:39.299] [sharedprocess] [info] Scanned user extensions: 1
[2019-09-21 14:49:27.572] [sharedprocess] [info] Scanned user extensions: 1
[2019-09-21 14:51:51.141] [sharedprocess] [info] Scanned user extensions: 1
[2019-09-21 14:53:39.308] [sharedprocess] [info] Scanned user extensions: 1
[2019-09-21 14:54:27.579] [sharedprocess] [info] Scanned user extensions: 1
[2019-09-21 14:56:51.152] [sharedprocess] [info] Scanned user extensions: 1
[2019-09-21 14:58:40.071] [sharedprocess] [info] Scanned user extensions: 1
[2019-09-21 14:59:27.703] [sharedprocess] [info] Scanned user extensions: 1
[2019-09-21 15:01:51.161] [sharedprocess] [info] Scanned user extensions: 1
[2019-09-21 15:03:40.148] [sharedprocess] [info] Scanned user extensions: 1
[2019-09-21 15:04:27.776] [sharedprocess] [info] Scanned user extensions: 1
[2019-09-21 15:06:51.170] [sharedprocess] [info] Scanned user extensions: 1
[2019-09-21 15:08:40.203] [sharedprocess] [info] Scanned user extensions: 1
[2019-09-21 15:09:27.795] [sharedprocess] [info] Scanned user extensions: 1
[2019-09-21 15:11:51.180] [sharedprocess] [info] Scanned user extensions: 1
[2019-09-21 15:13:40.299] [sharedprocess] [info] Scanned user extensions: 1
[2019-09-21 15:14:27.861] [sharedprocess] [info] Scanned user extensions: 1
[2019-09-21 15:16:51.195] [sharedprocess] [info] Scanned user extensions: 1
[2019-09-21 15:18:40.385] [sharedprocess] [info] Scanned user extensions: 1
[2019-09-21 15:19:27.866] [sharedprocess] [info] Scanned user extensions: 1
[2019-09-21 15:21:51.206] [sharedprocess] [info] Scanned user extensions: 1
[2019-09-21 15:23:40.413] [sharedprocess] [info] Scanned user extensions: 1
[2019-09-21 15:24:27.871] [sharedprocess] [info] Scanned user extensions: 1
[2019-09-21 15:26:51.211] [sharedprocess] [info] Scanned user extensions: 1
[2019-09-21 15:28:40.423] [sharedprocess] [info] Scanned user extensions: 1
[2019-09-21 15:29:27.876] [sharedprocess] [info] Scanned user extensions: 1
[2019-09-21 15:31:51.216] [sharedprocess] [info] Scanned user extensions: 1
[2019-09-21 15:33:40.489] [sharedprocess] [info] Scanned user extensions: 1
[2019-09-21 15:34:28.142] [sharedprocess] [info] Scanned user extensions: 1
[2019-09-21 15:36:51.224] [sharedprocess] [info] Scanned user extensions: 1
[2019-09-21 15:38:40.578] [sharedprocess] [info] Scanned user extensions: 1
[2019-09-21 15:39:28.151] [sharedprocess] [info] Scanned user extensions: 1
[2019-09-21 15:41:51.310] [sharedprocess] [info] Scanned user extensions: 1
[2019-09-21 15:43:40.626] [sharedprocess] [info] Scanned user extensions: 1
[2019-09-21 15:44:28.221] [sharedprocess] [info] Scanned user extensions: 1
[2019-09-21 15:46:51.320] [sharedprocess] [info] Scanned user extensions: 1
[2019-09-21 15:48:40.640] [sharedprocess] [info] Scanned user extensions: 1
[2019-09-21 15:49:28.230] [sharedprocess] [info] Scanned user extensions: 1
[2019-09-21 15:51:51.328] [sharedprocess] [info] Scanned user extensions: 1
[2019-09-21 15:53:40.653] [sharedprocess] [info] Scanned user extensions: 1
[2019-09-21 15:54:28.258] [sharedprocess] [info] Scanned user extensions: 1
[2019-09-21 15:56:51.338] [sharedprocess] [info] Scanned user extensions: 1
[2019-09-21 15:58:42.076] [sharedprocess] [info] Scanned user extensions: 1
[2019-09-21 15:59:28.266] [sharedprocess] [info] Scanned user extensions: 1
[2019-09-21 16:01:51.347] [sharedprocess] [info] Scanned user extensions: 1
[2019-09-21 16:03:42.223] [sharedprocess] [info] Scanned user extensions: 1
[2019-09-21 16:04:28.274] [sharedprocess] [info] Scanned user extensions: 1
[2019-09-21 16:06:51.356] [sharedprocess] [info] Scanned user extensions: 1
[2019-09-21 16:08:42.306] [sharedprocess] [info] Scanned user extensions: 1
[2019-09-21 16:09:28.283] [sharedprocess] [info] Scanned user extensions: 1
[2019-09-21 16:11:51.367] [sharedprocess] [info] Scanned user extensions: 1
[2019-09-21 16:13:42.384] [sharedprocess] [info] Scanned user extensions: 1
[2019-09-21 16:14:28.293] [sharedprocess] [info] Scanned user extensions: 1
[2019-09-21 16:16:51.379] [sharedprocess] [info] Scanned user extensions: 1
[2019-09-21 16:18:42.458] [sharedprocess] [info] Scanned user extensions: 1
[2019-09-21 16:19:28.304] [sharedprocess] [info] Scanned user extensions: 1
[2019-09-21 16:21:51.388] [sharedprocess] [info] Scanned user extensions: 1
[2019-09-21 16:23:42.532] [sharedprocess] [info] Scanned user extensions: 1
[2019-09-21 16:24:28.439] [sharedprocess] [info] Scanned user extensions: 1
[2019-09-21 16:26:51.398] [sharedprocess] [info] Scanned user extensions: 1
[2019-09-21 16:28:42.596] [sharedprocess] [info] Scanned user extensions: 1
[2019-09-21 16:29:28.512] [sharedprocess] [info] Scanned user extensions: 1
[2019-09-21 16:31:51.408] [sharedprocess] [info] Scanned user extensions: 1
[2019-09-21 16:33:42.607] [sharedprocess] [info] Scanned user extensions: 1
[2019-09-21 16:34:28.521] [sharedprocess] [info] Scanned user extensions: 1
[2019-09-21 16:36:51.417] [sharedprocess] [info] Scanned user extensions: 1
[2019-09-21 16:38:42.639] [sharedprocess] [info] Scanned user extensions: 1
[2019-09-21 16:39:28.529] [sharedprocess] [info] Scanned user extensions: 1
[2019-09-21 16:41:51.427] [sharedprocess] [info] Scanned user extensions: 1
[2019-09-21 16:43:42.652] [sharedprocess] [info] Scanned user extensions: 1
[2019-09-21 16:44:28.537] [sharedprocess] [info] Scanned user extensions: 1
[2019-09-21 19:44:09.837] [sharedprocess] [info] Scanned user extensions: 1
[2019-09-21 19:46:00.242] [sharedprocess] [info] Scanned user extensions: 1
[2019-09-21 19:46:46.127] [sharedprocess] [info] Scanned user extensions: 1
[2019-09-21 19:49:10.053] [sharedprocess] [info] Scanned user extensions: 1
[2019-09-21 19:51:00.309] [sharedprocess] [info] Scanned user extensions: 1
[2019-09-21 19:51:46.133] [sharedprocess] [info] Scanned user extensions: 1
[2019-09-21 19:54:10.074] [sharedprocess] [info] Scanned user extensions: 1
[2019-09-21 19:56:00.314] [sharedprocess] [info] Scanned user extensions: 1
[2019-09-21 19:56:46.140] [sharedprocess] [info] Scanned user extensions: 1
[2019-09-21 19:59:10.084] [sharedprocess] [info] Scanned user extensions: 1
[2019-09-21 20:01:00.320] [sharedprocess] [info] Scanned user extensions: 1
[2019-09-21 20:01:46.220] [sharedprocess] [info] Scanned user extensions: 1
[2019-09-21 20:04:10.092] [sharedprocess] [info] Scanned user extensions: 1
[2019-09-21 20:06:00.328] [sharedprocess] [info] Scanned user extensions: 1
[2019-09-21 20:06:46.337] [sharedprocess] [info] Scanned user extensions: 1
[2019-09-21 20:09:10.158] [sharedprocess] [info] Scanned user extensions: 1
[2019-09-21 20:11:00.449] [sharedprocess] [info] Scanned user extensions: 1
[2019-09-21 20:11:46.344] [sharedprocess] [info] Scanned user extensions: 1
[2019-09-21 20:14:10.180] [sharedprocess] [info] Scanned user extensions: 1
[2019-09-21 20:16:00.455] [sharedprocess] [info] Scanned user extensions: 1
[2019-09-21 20:16:46.351] [sharedprocess] [info] Scanned user extensions: 1
[2019-09-21 20:19:10.192] [sharedprocess] [info] Scanned user extensions: 1
[2019-09-21 20:21:00.461] [sharedprocess] [info] Scanned user extensions: 1
[2019-09-21 20:21:46.360] [sharedprocess] [info] Scanned user extensions: 1
[2019-09-21 20:24:10.202] [sharedprocess] [info] Scanned user extensions: 1
[2019-09-21 20:26:00.537] [sharedprocess] [info] Scanned user extensions: 1
[2019-09-21 20:26:46.435] [sharedprocess] [info] Scanned user extensions: 1
[2019-09-21 20:29:10.281] [sharedprocess] [info] Scanned user extensions: 1
[2019-09-21 20:31:00.555] [sharedprocess] [info] Scanned user extensions: 1
[2019-09-21 20:31:46.506] [sharedprocess] [info] Scanned user extensions: 1
[2019-09-21 20:34:10.292] [sharedprocess] [info] Scanned user extensions: 1
[2019-09-21 20:36:00.635] [sharedprocess] [info] Scanned user extensions: 1
[2019-09-21 20:36:46.511] [sharedprocess] [info] Scanned user extensions: 1
[2019-09-21 20:39:10.302] [sharedprocess] [info] Scanned user extensions: 1
[2019-09-21 20:41:00.644] [sharedprocess] [info] Scanned user extensions: 1
[2019-09-21 20:41:46.519] [sharedprocess] [info] Scanned user extensions: 1
[2019-09-21 20:44:11.069] [sharedprocess] [info] Scanned user extensions: 1
[2019-09-21 20:46:00.796] [sharedprocess] [info] Scanned user extensions: 1
[2019-09-21 20:46:46.618] [sharedprocess] [info] Scanned user extensions: 1
[2019-09-21 20:49:11.141] [sharedprocess] [info] Scanned user extensions: 1
[2019-09-21 20:51:00.805] [sharedprocess] [info] Scanned user extensions: 1
[2019-09-21 20:51:46.624] [sharedprocess] [info] Scanned user extensions: 1
[2019-09-21 20:54:11.155] [sharedprocess] [info] Scanned user extensions: 1
[2019-09-21 20:56:00.836] [sharedprocess] [info] Scanned user extensions: 1
[2019-09-21 20:56:46.631] [sharedprocess] [info] Scanned user extensions: 1
[2019-09-21 20:59:11.235] [sharedprocess] [info] Scanned user extensions: 1
[2019-09-21 21:01:00.905] [sharedprocess] [info] Scanned user extensions: 1
[2019-09-21 21:01:46.677] [sharedprocess] [info] Scanned user extensions: 1
[2019-09-21 21:04:11.244] [sharedprocess] [info] Scanned user extensions: 1
[2019-09-21 21:06:00.911] [sharedprocess] [info] Scanned user extensions: 1
[2019-09-21 21:06:46.733] [sharedprocess] [info] Scanned user extensions: 1
[2019-09-22 16:57:14.336] [sharedprocess] [info] Scanned user extensions: 1
[2019-09-22 16:59:03.218] [sharedprocess] [info] Scanned user extensions: 1
[2019-09-22 16:59:48.977] [sharedprocess] [info] Scanned user extensions: 1
[2019-09-22 17:02:14.361] [sharedprocess] [info] Scanned user extensions: 1
[2019-09-22 17:04:03.232] [sharedprocess] [info] Scanned user extensions: 1
[2019-09-22 17:04:48.986] [sharedprocess] [info] Scanned user extensions: 1
[2019-09-22 17:07:14.375] [sharedprocess] [info] Scanned user extensions: 1
[2019-09-22 17:09:03.483] [sharedprocess] [info] Scanned user extensions: 1
[2019-09-22 17:09:48.993] [sharedprocess] [info] Scanned user extensions: 1
[2019-09-22 17:12:14.386] [sharedprocess] [info] Scanned user extensions: 1
[2019-09-22 17:14:03.561] [sharedprocess] [info] Scanned user extensions: 1
[2019-09-22 17:14:49.045] [sharedprocess] [info] Scanned user extensions: 1
[2019-09-22 17:17:14.400] [sharedprocess] [info] Scanned user extensions: 1
[2019-09-22 17:19:03.626] [sharedprocess] [info] Scanned user extensions: 1
[2019-09-22 17:19:49.301] [sharedprocess] [info] Scanned user extensions: 1
[2019-09-22 17:22:14.413] [sharedprocess] [info] Scanned user extensions: 1
[2019-09-22 17:24:03.704] [sharedprocess] [info] Scanned user extensions: 1
[2019-09-22 17:24:49.308] [sharedprocess] [info] Scanned user extensions: 1
[2019-09-22 17:27:14.426] [sharedprocess] [info] Scanned user extensions: 1
[2019-09-22 17:29:04.209] [sharedprocess] [info] Scanned user extensions: 1
[2019-09-22 17:29:49.817] [sharedprocess] [info] Scanned user extensions: 1
[2019-09-22 17:32:14.992] [sharedprocess] [info] Scanned user extensions: 1
[2019-09-22 17:34:04.353] [sharedprocess] [info] Scanned user extensions: 1
[2019-09-22 17:34:49.822] [sharedprocess] [info] Scanned user extensions: 1
[2019-09-22 17:37:15.003] [sharedprocess] [info] Scanned user extensions: 1
[2019-09-22 17:39:04.425] [sharedprocess] [info] Scanned user extensions: 1
[2019-09-22 17:39:49.921] [sharedprocess] [info] Scanned user extensions: 1
[2019-09-22 17:42:15.079] [sharedprocess] [info] Scanned user extensions: 1
[2019-09-22 17:44:04.493] [sharedprocess] [info] Scanned user extensions: 1
[2019-09-22 17:44:49.992] [sharedprocess] [info] Scanned user extensions: 1
[2019-09-22 17:47:15.091] [sharedprocess] [info] Scanned user extensions: 1
[2019-09-22 17:49:04.560] [sharedprocess] [info] Scanned user extensions: 1
[2019-09-22 17:49:50.063] [sharedprocess] [info] Scanned user extensions: 1
[2019-09-22 17:52:15.103] [sharedprocess] [info] Scanned user extensions: 1
[2019-09-22 17:54:04.657] [sharedprocess] [info] Scanned user extensions: 1
[2019-09-22 17:54:50.069] [sharedprocess] [info] Scanned user extensions: 1
[2019-09-22 17:57:16.065] [sharedprocess] [info] Scanned user extensions: 1
[2019-09-22 17:59:04.686] [sharedprocess] [info] Scanned user extensions: 1
[2019-09-22 17:59:50.074] [sharedprocess] [info] Scanned user extensions: 1
[2019-09-22 18:02:16.075] [sharedprocess] [info] Scanned user extensions: 1
[2019-09-22 18:04:04.762] [sharedprocess] [info] Scanned user extensions: 1
[2019-09-22 18:04:50.166] [sharedprocess] [info] Scanned user extensions: 1
[2019-09-22 18:07:16.170] [sharedprocess] [info] Scanned user extensions: 1
[2019-09-22 18:09:04.834] [sharedprocess] [info] Scanned user extensions: 1
[2019-09-22 18:09:50.229] [sharedprocess] [info] Scanned user extensions: 1
[2019-09-22 18:12:16.179] [sharedprocess] [info] Scanned user extensions: 1
[2019-09-22 18:14:04.839] [sharedprocess] [info] Scanned user extensions: 1
[2019-09-22 18:14:50.235] [sharedprocess] [info] Scanned user extensions: 1
[2019-09-22 18:17:16.190] [sharedprocess] [info] Scanned user extensions: 1
[2019-09-22 18:19:04.904] [sharedprocess] [info] Scanned user extensions: 1
[2019-09-22 18:19:50.241] [sharedprocess] [info] Scanned user extensions: 1
[2019-09-22 18:22:16.233] [sharedprocess] [info] Scanned user extensions: 1
[2019-09-22 18:24:04.981] [sharedprocess] [info] Scanned user extensions: 1
[2019-09-22 18:24:50.248] [sharedprocess] [info] Scanned user extensions: 1
[2019-09-22 18:27:16.314] [sharedprocess] [info] Scanned user extensions: 1
[2019-09-22 18:29:05.004] [sharedprocess] [info] Scanned user extensions: 1
[2019-09-22 18:29:50.321] [sharedprocess] [info] Scanned user extensions: 1
[2019-09-22 18:32:16.388] [sharedprocess] [info] Scanned user extensions: 1
[2019-09-22 18:34:05.077] [sharedprocess] [info] Scanned user extensions: 1
[2019-09-22 18:34:50.421] [sharedprocess] [info] Scanned user extensions: 1
[2019-09-22 18:37:16.401] [sharedprocess] [info] Scanned user extensions: 1
[2019-09-22 18:39:05.180] [sharedprocess] [info] Scanned user extensions: 1
[2019-09-22 18:39:50.427] [sharedprocess] [info] Scanned user extensions: 1
[2019-09-22 18:42:16.409] [sharedprocess] [info] Scanned user extensions: 1
[2019-09-22 18:44:05.244] [sharedprocess] [info] Scanned user extensions: 1
[2019-09-22 18:44:50.432] [sharedprocess] [info] Scanned user extensions: 1
[2019-09-22 18:47:16.481] [sharedprocess] [info] Scanned user extensions: 1
[2019-09-22 18:49:05.292] [sharedprocess] [info] Scanned user extensions: 1
[2019-09-22 18:49:50.436] [sharedprocess] [info] Scanned user extensions: 1
[2019-09-22 18:52:16.493] [sharedprocess] [info] Scanned user extensions: 1
[2019-09-22 18:54:05.360] [sharedprocess] [info] Scanned user extensions: 1
[2019-09-22 18:54:50.511] [sharedprocess] [info] Scanned user extensions: 1
[2019-09-22 18:57:17.334] [sharedprocess] [info] Scanned user extensions: 1
[2019-09-22 18:59:05.379] [sharedprocess] [info] Scanned user extensions: 1
[2019-09-22 18:59:50.516] [sharedprocess] [info] Scanned user extensions: 1
[2019-09-22 19:02:17.416] [sharedprocess] [info] Scanned user extensions: 1
[2019-09-22 19:04:05.457] [sharedprocess] [info] Scanned user extensions: 1
[2019-09-22 19:04:50.521] [sharedprocess] [info] Scanned user extensions: 1
