[2019-10-09 07:53:29.040] [renderer1] [warning] UNRESPONSIVE extension host, 'ritwickdey.LiveServer' took 99% of 2013.866ms, saved PROFILE here: '/tmp/exthost-96a1d6.cpuprofile' [{"id":"gc","total":4817,"percentage":0},{"id":"program","total":4234,"percentage":0},{"id":"ritwickdey.LiveServer","total":2001197,"percentage":99},{"id":"self","total":1115,"percentage":0}]
[2019-10-09 11:06:00.966] [renderer1] [error] Tree element not found: [object Object]: Error: Tree element not found: [object Object]
    at s.getElementLocation (file:///usr/share/code/resources/app/out/vs/workbench/workbench.main.js:91:674)
    at s.isCollapsed (file:///usr/share/code/resources/app/out/vs/workbench/workbench.main.js:91:14)
    at j.isCollapsed (file:///usr/share/code/resources/app/out/vs/workbench/workbench.main.js:940:572)
    at B.revealMarkersForCurrentActiveEditor (file:///usr/share/code/resources/app/out/vs/workbench/workbench.main.js:5301:237)
    at B.autoReveal (file:///usr/share/code/resources/app/out/vs/workbench/workbench.main.js:5301:94)
    at B.onActiveEditorChanged (file:///usr/share/code/resources/app/out/vs/workbench/workbench.main.js:5298:531)
    at B._register.e (file:///usr/share/code/resources/app/out/vs/workbench/workbench.main.js:5297:572)
    at d.fire (file:///usr/share/code/resources/app/out/vs/workbench/workbench.main.js:75:436)
    at setTimeout (file:///usr/share/code/resources/app/out/vs/workbench/workbench.main.js:71:973)
[2019-10-09 11:06:06.774] [renderer1] [error] Tree element not found: [object Object]: Error: Tree element not found: [object Object]
    at s.getElementLocation (file:///usr/share/code/resources/app/out/vs/workbench/workbench.main.js:91:674)
    at s.isCollapsed (file:///usr/share/code/resources/app/out/vs/workbench/workbench.main.js:91:14)
    at j.isCollapsed (file:///usr/share/code/resources/app/out/vs/workbench/workbench.main.js:940:572)
    at B.revealMarkersForCurrentActiveEditor (file:///usr/share/code/resources/app/out/vs/workbench/workbench.main.js:5301:237)
    at B.autoReveal (file:///usr/share/code/resources/app/out/vs/workbench/workbench.main.js:5301:94)
    at B.onActiveEditorChanged (file:///usr/share/code/resources/app/out/vs/workbench/workbench.main.js:5298:531)
    at B._register.e (file:///usr/share/code/resources/app/out/vs/workbench/workbench.main.js:5297:572)
    at d.fire (file:///usr/share/code/resources/app/out/vs/workbench/workbench.main.js:75:436)
    at setTimeout (file:///usr/share/code/resources/app/out/vs/workbench/workbench.main.js:71:973)
[2019-10-09 11:12:56.639] [renderer1] [error] Tree element not found: [object Object]: Error: Tree element not found: [object Object]
    at s.getElementLocation (file:///usr/share/code/resources/app/out/vs/workbench/workbench.main.js:91:674)
    at s.isCollapsed (file:///usr/share/code/resources/app/out/vs/workbench/workbench.main.js:91:14)
    at j.isCollapsed (file:///usr/share/code/resources/app/out/vs/workbench/workbench.main.js:940:572)
    at B.revealMarkersForCurrentActiveEditor (file:///usr/share/code/resources/app/out/vs/workbench/workbench.main.js:5301:237)
    at B.autoReveal (file:///usr/share/code/resources/app/out/vs/workbench/workbench.main.js:5301:94)
    at B.onActiveEditorChanged (file:///usr/share/code/resources/app/out/vs/workbench/workbench.main.js:5298:531)
    at B._register.e (file:///usr/share/code/resources/app/out/vs/workbench/workbench.main.js:5297:572)
    at d.fire (file:///usr/share/code/resources/app/out/vs/workbench/workbench.main.js:75:436)
    at setTimeout (file:///usr/share/code/resources/app/out/vs/workbench/workbench.main.js:71:973)
[2019-10-09 11:37:57.681] [renderer1] [error] Tree element not found: [object Object]: Error: Tree element not found: [object Object]
    at s.getElementLocation (file:///usr/share/code/resources/app/out/vs/workbench/workbench.main.js:91:674)
    at s.isCollapsed (file:///usr/share/code/resources/app/out/vs/workbench/workbench.main.js:91:14)
    at j.isCollapsed (file:///usr/share/code/resources/app/out/vs/workbench/workbench.main.js:940:572)
    at B.revealMarkersForCurrentActiveEditor (file:///usr/share/code/resources/app/out/vs/workbench/workbench.main.js:5301:237)
    at B.autoReveal (file:///usr/share/code/resources/app/out/vs/workbench/workbench.main.js:5301:94)
    at B.onActiveEditorChanged (file:///usr/share/code/resources/app/out/vs/workbench/workbench.main.js:5298:531)
    at B._register.e (file:///usr/share/code/resources/app/out/vs/workbench/workbench.main.js:5297:572)
    at d.fire (file:///usr/share/code/resources/app/out/vs/workbench/workbench.main.js:75:436)
    at setTimeout (file:///usr/share/code/resources/app/out/vs/workbench/workbench.main.js:71:973)
[2019-10-09 11:55:55.961] [renderer1] [error] Tree element not found: [object Object]: Error: Tree element not found: [object Object]
    at s.getElementLocation (file:///usr/share/code/resources/app/out/vs/workbench/workbench.main.js:91:674)
    at s.isCollapsed (file:///usr/share/code/resources/app/out/vs/workbench/workbench.main.js:91:14)
    at j.isCollapsed (file:///usr/share/code/resources/app/out/vs/workbench/workbench.main.js:940:572)
    at B.revealMarkersForCurrentActiveEditor (file:///usr/share/code/resources/app/out/vs/workbench/workbench.main.js:5301:237)
    at B.autoReveal (file:///usr/share/code/resources/app/out/vs/workbench/workbench.main.js:5301:94)
    at B.onActiveEditorChanged (file:///usr/share/code/resources/app/out/vs/workbench/workbench.main.js:5298:531)
    at B._register.e (file:///usr/share/code/resources/app/out/vs/workbench/workbench.main.js:5297:572)
    at d.fire (file:///usr/share/code/resources/app/out/vs/workbench/workbench.main.js:75:436)
    at setTimeout (file:///usr/share/code/resources/app/out/vs/workbench/workbench.main.js:71:973)
[2019-10-09 11:57:09.371] [renderer1] [error] Tree element not found: [object Object]: Error: Tree element not found: [object Object]
    at s.getElementLocation (file:///usr/share/code/resources/app/out/vs/workbench/workbench.main.js:91:674)
    at s.isCollapsed (file:///usr/share/code/resources/app/out/vs/workbench/workbench.main.js:91:14)
    at j.isCollapsed (file:///usr/share/code/resources/app/out/vs/workbench/workbench.main.js:940:572)
    at B.revealMarkersForCurrentActiveEditor (file:///usr/share/code/resources/app/out/vs/workbench/workbench.main.js:5301:237)
    at B.autoReveal (file:///usr/share/code/resources/app/out/vs/workbench/workbench.main.js:5301:94)
    at B.onActiveEditorChanged (file:///usr/share/code/resources/app/out/vs/workbench/workbench.main.js:5298:531)
    at B._register.e (file:///usr/share/code/resources/app/out/vs/workbench/workbench.main.js:5297:572)
    at d.fire (file:///usr/share/code/resources/app/out/vs/workbench/workbench.main.js:75:436)
    at setTimeout (file:///usr/share/code/resources/app/out/vs/workbench/workbench.main.js:71:973)
