[09/09/19, 21:25:56:835] info: ╔═════════════════════════════════════════════════════════════════════════════════╗
[09/09/19, 21:25:56:837] info: ║      Slack 3.3.8, linux 4.15.0-20-generic on x64 at 09/09/19, 21:25:56:829      ║
[09/09/19, 21:25:56:837] info: ╚═════════════════════════════════════════════════════════════════════════════════╝
[09/09/19, 21:25:58:623] info: Initializing local storage instance at path: /home/peter/.config/Slack/local-settings.json
[09/09/19, 21:25:59:087] error: Locale: Tried to access systemLocale before application was ready
[09/09/19, 21:26:00:811] info: TraceRecorder: setting up trace recorder, trace will be stored under /home/peter/.config/Slack/logs/recorded-trace
[09/09/19, 21:26:00:863] info: Configuring uncaughtExceptionHandler
[09/09/19, 21:26:00:863] info: Configuring unhandledRejectionHandler
[09/09/19, 21:26:00:863] info: Registered with apiKey acaff8df67924f677747922423057034
[09/09/19, 21:26:04:770] info: Store: persist/REHYDRATE
[09/09/19, 21:26:06:280] info: Store: UPDATE_SETTINGS
{
  "isSignedIntoSlackOrg": false
}
[09/09/19, 21:26:06:285] info: UpdaterEpics: Updates disabled because
{
  "reasons": [
    "using Linux"
  ]
}
[09/09/19, 21:26:06:290] info: Generated uuid and stored
{
  "uuid": "0354bf9a-e196-5730-b520-4d44c18831b1"
}
[09/09/19, 21:26:11:342] info: Tray Handler: Showing a tray balloon with title: Welcome to Slack!
[09/09/19, 21:26:11:383] info: Store: INITIALIZE_SETTINGS
{
  "releaseChannel": "prod",
  "platformVersion": {
    "major": 4,
    "minor": 15,
    "build": 0
  },
  "isTitleBarHidden": false,
  "isDevMode": false,
  "appVersion": "3.3.8",
  "versionName": "Alaska",
  "devEnv": null,
  "resourcePath": "/usr/lib/slack/resources/app.asar",
  "webappSrcPath": null,
  "webappParams": null,
  "launchOnStartup": false,
  "openDevToolsOnStart": false,
  "logFile": null,
  "pretendNotReallyWindows10": false,
  "isAeroGlassEnabled": false,
  "isGpuCompositionAvailable": true,
  "linux": {
    "os": "Ubuntu 18.04 LTS",
    "release": "bionic",
    "desktopEnvironment": "Unity"
  }
}
[09/09/19, 21:26:11:388] info: AutoLoginEpic: Checking for autologin.
[09/09/19, 21:26:11:394] info: Store: UPDATE_SETTINGS
{
  "hasRunApp": true
}
[09/09/19, 21:26:11:409] info: WebContentsMediator: Attaching to new webContents
[09/09/19, 21:26:11:414] info: Store: ADD_WINDOW
{
  "id": 2,
  "type": "main"
}
[09/09/19, 21:26:11:417] info: BrowserViewManager: Starting initialization
[09/09/19, 21:26:11:421] info: PersistSettingsWindowBehavior: Loading windowMetrics
{
  "settings": null
}
[09/09/19, 21:26:11:422] info: PersistSettingsWindowBehavior: Resetting to default window position
{
  "settings": {
    "position": [
      205,
      27
    ],
    "size": [
      1024,
      741
    ]
  }
}
[09/09/19, 21:26:11:422] info: Store: SAVE_WINDOW_SETTINGS
{
  "position": [
    205,
    27
  ],
  "size": [
    1024,
    741
  ]
}
[09/09/19, 21:26:11:584] info: Store: UPDATE_SETTINGS
{
  "PrefSSBFileDownloadPath": "/home/peter/Downloads"
}
[09/09/19, 21:26:11:587] info: DownloadListener: Downloads directory set to
{
  "downloadsDirectory": "/home/peter/Downloads"
}
[09/09/19, 21:26:11:588] info: Application: Setting main window ID
{
  "id": 2
}
[09/09/19, 21:26:11:590] info: App: Welcome to Slack 3.3.8 x64
[09/09/19, 21:26:11:591] info: App load time: 17,732828983
[09/09/19, 21:26:16:841] info: Store: BACKGROUND_CLIENTS_INITIALIZED
[09/09/19, 21:26:16:852] info: Store: BACKGROUND_CLIENTS_INITIALIZED true
[09/09/19, 21:26:19:458] info: Store: SET_NETWORK_STATUS online
[09/09/19, 21:26:19:465] info: Store: MAIN_WINDOW_SHOWN
[09/09/19, 21:26:19:783] info: createSignInWindowEpic: No teams signed in, showing sign-in window
[09/09/19, 21:26:19:797] info: WebContentsMediator: Attaching to new webContents
[09/09/19, 21:26:19:814] info: Store: ADD_WINDOW
{
  "id": 3,
  "type": "sign-in"
}
[09/09/19, 21:26:19:841] info: SignInEpic: Loading URL in new window
[09/09/19, 21:26:37:788] info: Store: SIGN_IN_CANCELED
[09/09/19, 21:26:37:795] info: SignInEpic: Sign-in window closed
[09/09/19, 21:26:37:796] info: maybeQuitAppAction
{
  "canceledSignIn": true,
  "hasNoTeams": true
}
[09/09/19, 21:26:37:796] info: SignInEpic: End of the road
{
  "action": "QUIT_APP"
}
[09/09/19, 21:26:37:798] info: Store: QUIT_APP
[09/09/19, 21:26:37:866] info: quitApplicationEpic: found update metadata, send telemetry
[09/09/19, 21:26:37:867] info: EpicHelpers: Flushing cookie store
[09/09/19, 21:26:37:871] info: Store: REMOVE_WINDOW 3
[09/09/19, 21:26:38:585] info: EpicHelpers: Flushing local-settings.json
[09/09/19, 21:26:38:999] info: quitApplicationEpic: Closing main window
{
  "id": 2
}
[09/09/19, 21:26:39:003] info: Allowing window close because user chose to quit
[09/09/19, 21:26:39:005] info: Notification Window Manager: Trying to close notifications window
[09/09/19, 21:26:39:005] warn: Notification Window Manager: Could not find notifications window in state
[09/09/19, 21:26:39:006] info: App: Disposing application
[09/09/19, 21:26:39:010] info: Store: REMOVE_WINDOW 2
[09/09/19, 21:26:39:014] info: quitApplicationEpic: Disposing item
{
  "type": "ReduxPersistStorage"
}
[09/09/19, 21:26:39:180] info: Store: QUIT_APP
[09/09/19, 21:26:40:240] info: Store: QUIT_APP
[09/12/19, 16:00:48:896] info: ╔═════════════════════════════════════════════════════════════════════════════════╗
[09/12/19, 16:00:48:897] info: ║      Slack 3.3.8, linux 4.15.0-20-generic on x64 at 09/12/19, 16:00:48:893      ║
[09/12/19, 16:00:48:897] info: ╚═════════════════════════════════════════════════════════════════════════════════╝
[09/12/19, 16:00:49:880] info: Initializing local storage instance at path: /home/peter/.config/Slack/local-settings.json
[09/12/19, 16:00:50:210] error: Locale: Tried to access systemLocale before application was ready
[09/12/19, 16:00:51:291] info: TraceRecorder: setting up trace recorder, trace will be stored under /home/peter/.config/Slack/logs/recorded-trace
[09/12/19, 16:00:51:332] info: Copying current Cookies into StaleCookies
[09/12/19, 16:00:51:461] info: Configuring uncaughtExceptionHandler
[09/12/19, 16:00:51:461] info: Configuring unhandledRejectionHandler
[09/12/19, 16:00:51:461] info: Registered with apiKey acaff8df67924f677747922423057034
[09/12/19, 16:00:56:179] info: Store: persist/REHYDRATE
{
  "appTeams": {
    "selectedTeamId": null,
    "teamsByIndex": [],
    "teamsToSignOut": []
  },
  "enterprise": {},
  "settings": {
    "appVersion": "3.3.8",
    "versionName": "Alaska",
    "platform": "linux",
    "platformVersion": {
      "major": 4,
      "minor": 15,
      "build": 0
    },
    "isWin10": false,
    "isBeforeWin10": false,
    "resourcePath": "/usr/lib/slack/resources/app.asar",
    "webappSrcPath": null,
    "webappParams": null,
    "isDevMode": false,
    "devEnv": null,
    "logFile": null,
    "rxLogging": false,
    "openDevToolsOnStart": false,
    "pretendNotReallyWindows10": false,
    "releaseChannel": "prod",
    "autoHideMenuBar": false,
    "defaultSigninTeam": null,
    "isTitleBarHidden": false,
    "isUsingBrowserSignin": true,
    "hasRunApp": true,
    "hasRunFromTray": false,
    "reportIssueOnStartup": false,
    "isSignedIntoSlackOrg": false,
    "isGpuCompositionAvailable": true,
    "runFromTray": true,
    "launchOnStartup": false,
    "spellcheckerLanguage": null,
    "zoomLevel": 0,
    "workspaceIdleTimeout": 43200000,
    "whitelistedUrlSchemes": [
      "http:",
      "https:",
      "mailto:",
      "skype:",
      "spotify:",
      "live:",
      "callto:",
      "tel:",
      "im:",
      "sip:",
      "sips:",
      "slack:"
    ],
    "isTitleBarForcedByUser": false,
    "useHwAcceleration": true,
    "isOpenExternalShellForced": true,
    "PrefSSBFileDownloadPath": "/home/peter/Downloads",
    "notificationMethod": null,
    "notificationPlayback": null,
    "notificationFailover": 0,
    "notificationFailoverEnabled": true,
    "notificationClickThrough": false,
    "notificationClickThroughMain": true,
    "notificationTimeout": 6000,
    "notificationAfterHoverTimeout": 2000,
    "notificationMaxItems": 3,
    "notificationZoomLevel": null,
    "notificationStyle": null,
    "notificationPresentationCheck": null,
    "notifyPosition": {
      "corner": "bottom_right",
      "display": "same_as_app"
    },
    "locale": "en-US",
    "spellCheckerVersion": "V2",
    "os": false,
    "release": false,
    "desktopEnvironment": false,
    "isAeroGlassEnabled": false,
    "linux": {
      "os": "Ubuntu 18.04 LTS",
      "release": "bionic",
      "desktopEnvironment": "Unity"
    }
  },
  "windowFrame": {
    "windowSettings": {
      "position": [
        205,
        27
      ],
      "size": [
        1024,
        741
      ]
    },
    "isFullScreen": false
  }
}
[09/12/19, 16:00:57:941] info: Store: UPDATE_SETTINGS
{
  "isSignedIntoSlackOrg": false
}
[09/12/19, 16:00:57:943] info: UpdaterEpics: Updates disabled because
{
  "reasons": [
    "using Linux"
  ]
}
[09/12/19, 16:00:57:976] info: Read UUID from file successful
{
  "uuid": "0354bf9a-e196-5730-b520-4d44c18831b1"
}
[09/12/19, 16:01:04:476] info: Store: INITIALIZE_SETTINGS
{
  "releaseChannel": "prod",
  "platformVersion": {
    "major": 4,
    "minor": 15,
    "build": 0
  },
  "isTitleBarHidden": false,
  "isDevMode": false,
  "appVersion": "3.3.8",
  "versionName": "Alaska",
  "devEnv": null,
  "resourcePath": "/usr/lib/slack/resources/app.asar",
  "webappSrcPath": null,
  "webappParams": null,
  "launchOnStartup": false,
  "openDevToolsOnStart": false,
  "logFile": null,
  "pretendNotReallyWindows10": false,
  "isAeroGlassEnabled": false,
  "isGpuCompositionAvailable": true,
  "linux": {
    "os": "Ubuntu 18.04 LTS",
    "release": "bionic",
    "desktopEnvironment": "Unity"
  }
}
[09/12/19, 16:01:04:479] info: AutoLoginEpic: Checking for autologin.
[09/12/19, 16:01:04:494] info: WebContentsMediator: Attaching to new webContents
[09/12/19, 16:01:04:503] info: Store: ADD_WINDOW
{
  "id": 2,
  "type": "main"
}
[09/12/19, 16:01:04:513] info: BrowserViewManager: Starting initialization
[09/12/19, 16:01:04:516] info: PersistSettingsWindowBehavior: Loading windowMetrics
{
  "settings": {
    "position": [
      205,
      27
    ],
    "size": [
      1024,
      741
    ]
  }
}
[09/12/19, 16:01:04:875] info: Application: Setting main window ID
{
  "id": 2
}
[09/12/19, 16:01:04:877] info: App: Welcome to Slack 3.3.8 x64
[09/12/19, 16:01:04:877] info: App load time: 17,109198377
[09/12/19, 16:01:10:433] info: Store: BACKGROUND_CLIENTS_INITIALIZED
[09/12/19, 16:01:10:438] info: Store: BACKGROUND_CLIENTS_INITIALIZED true
[09/12/19, 16:01:11:733] info: Store: SET_NETWORK_STATUS online
[09/12/19, 16:01:11:739] info: Store: MAIN_WINDOW_SHOWN
[09/12/19, 16:01:11:941] info: createSignInWindowEpic: No teams signed in, showing sign-in window
[09/12/19, 16:01:11:946] info: WebContentsMediator: Attaching to new webContents
[09/12/19, 16:01:11:948] info: Store: ADD_WINDOW
{
  "id": 3,
  "type": "sign-in"
}
[09/12/19, 16:01:11:961] info: SignInEpic: Loading URL in new window
[09/12/19, 16:01:15:799] info: Store: SIGN_IN_CANCELED
[09/12/19, 16:01:15:802] info: SignInEpic: Sign-in window closed
[09/12/19, 16:01:15:803] info: maybeQuitAppAction
{
  "canceledSignIn": true,
  "hasNoTeams": true
}
[09/12/19, 16:01:15:804] info: SignInEpic: End of the road
{
  "action": "QUIT_APP"
}
[09/12/19, 16:01:15:804] info: Store: QUIT_APP
[09/12/19, 16:01:15:808] info: quitApplicationEpic: found update metadata, send telemetry
[09/12/19, 16:01:15:809] info: EpicHelpers: Flushing cookie store
[09/12/19, 16:01:15:810] info: Store: REMOVE_WINDOW 3
[09/12/19, 16:01:16:010] info: EpicHelpers: Flushing local-settings.json
[09/12/19, 16:01:16:030] info: quitApplicationEpic: Closing main window
{
  "id": 2
}
[09/12/19, 16:01:16:030] info: Allowing window close because user chose to quit
[09/12/19, 16:01:16:031] info: Notification Window Manager: Trying to close notifications window
[09/12/19, 16:01:16:031] warn: Notification Window Manager: Could not find notifications window in state
[09/12/19, 16:01:16:032] info: App: Disposing application
[09/12/19, 16:01:16:033] info: Store: REMOVE_WINDOW 2
[09/12/19, 16:01:16:036] info: quitApplicationEpic: Disposing item
{
  "type": "ReduxPersistStorage"
}
[09/12/19, 16:01:16:070] info: Store: QUIT_APP
[09/12/19, 16:01:16:542] info: Store: QUIT_APP
[09/13/19, 09:43:16:315] info: ╔═════════════════════════════════════════════════════════════════════════════════╗
[09/13/19, 09:43:16:316] info: ║      Slack 3.3.8, linux 4.15.0-20-generic on x64 at 09/13/19, 09:43:16:312      ║
[09/13/19, 09:43:16:316] info: ╚═════════════════════════════════════════════════════════════════════════════════╝
[09/13/19, 09:43:17:377] info: Initializing local storage instance at path: /home/peter/.config/Slack/local-settings.json
[09/13/19, 09:43:17:658] error: Locale: Tried to access systemLocale before application was ready
[09/13/19, 09:43:18:800] info: TraceRecorder: setting up trace recorder, trace will be stored under /home/peter/.config/Slack/logs/recorded-trace
[09/13/19, 09:43:18:840] info: Configuring uncaughtExceptionHandler
[09/13/19, 09:43:18:840] info: Configuring unhandledRejectionHandler
[09/13/19, 09:43:18:840] info: Registered with apiKey acaff8df67924f677747922423057034
[09/13/19, 09:43:25:116] info: Store: persist/REHYDRATE
{
  "appTeams": {
    "selectedTeamId": null,
    "teamsByIndex": [],
    "teamsToSignOut": []
  },
  "enterprise": {},
  "settings": {
    "appVersion": "3.3.8",
    "versionName": "Alaska",
    "platform": "linux",
    "platformVersion": {
      "major": 4,
      "minor": 15,
      "build": 0
    },
    "isWin10": false,
    "isBeforeWin10": false,
    "resourcePath": "/usr/lib/slack/resources/app.asar",
    "webappSrcPath": null,
    "webappParams": null,
    "isDevMode": false,
    "devEnv": null,
    "logFile": null,
    "rxLogging": false,
    "openDevToolsOnStart": false,
    "pretendNotReallyWindows10": false,
    "releaseChannel": "prod",
    "autoHideMenuBar": false,
    "defaultSigninTeam": null,
    "isTitleBarHidden": false,
    "isUsingBrowserSignin": true,
    "hasRunApp": true,
    "hasRunFromTray": false,
    "reportIssueOnStartup": false,
    "isSignedIntoSlackOrg": false,
    "isGpuCompositionAvailable": true,
    "runFromTray": true,
    "launchOnStartup": false,
    "spellcheckerLanguage": null,
    "zoomLevel": 0,
    "workspaceIdleTimeout": 43200000,
    "whitelistedUrlSchemes": [
      "http:",
      "https:",
      "mailto:",
      "skype:",
      "spotify:",
      "live:",
      "callto:",
      "tel:",
      "im:",
      "sip:",
      "sips:",
      "slack:"
    ],
    "isTitleBarForcedByUser": false,
    "useHwAcceleration": true,
    "isOpenExternalShellForced": true,
    "PrefSSBFileDownloadPath": "/home/peter/Downloads",
    "notificationMethod": null,
    "notificationPlayback": null,
    "notificationFailover": 0,
    "notificationFailoverEnabled": true,
    "notificationClickThrough": false,
    "notificationClickThroughMain": true,
    "notificationTimeout": 6000,
    "notificationAfterHoverTimeout": 2000,
    "notificationMaxItems": 3,
    "notificationZoomLevel": null,
    "notificationStyle": null,
    "notificationPresentationCheck": null,
    "notifyPosition": {
      "corner": "bottom_right",
      "display": "same_as_app"
    },
    "locale": "en-US",
    "spellCheckerVersion": "V2",
    "os": false,
    "release": false,
    "desktopEnvironment": false,
    "isAeroGlassEnabled": false,
    "linux": {
      "os": "Ubuntu 18.04 LTS",
      "release": "bionic",
      "desktopEnvironment": "Unity"
    }
  },
  "windowFrame": {
    "windowSettings": {
      "position": [
        205,
        27
      ],
      "size": [
        1024,
        741
      ]
    },
    "isFullScreen": false
  }
}
[09/13/19, 09:43:27:868] info: Store: UPDATE_SETTINGS
{
  "isSignedIntoSlackOrg": false
}
[09/13/19, 09:43:27:870] info: UpdaterEpics: Updates disabled because
{
  "reasons": [
    "using Linux"
  ]
}
[09/13/19, 09:43:28:103] info: Read UUID from file successful
{
  "uuid": "0354bf9a-e196-5730-b520-4d44c18831b1"
}
[09/13/19, 09:43:39:586] info: Store: INITIALIZE_SETTINGS
{
  "releaseChannel": "prod",
  "platformVersion": {
    "major": 4,
    "minor": 15,
    "build": 0
  },
  "isTitleBarHidden": false,
  "isDevMode": false,
  "appVersion": "3.3.8",
  "versionName": "Alaska",
  "devEnv": null,
  "resourcePath": "/usr/lib/slack/resources/app.asar",
  "webappSrcPath": null,
  "webappParams": null,
  "launchOnStartup": false,
  "openDevToolsOnStart": false,
  "logFile": null,
  "pretendNotReallyWindows10": false,
  "isAeroGlassEnabled": false,
  "isGpuCompositionAvailable": true,
  "linux": {
    "os": "Ubuntu 18.04 LTS",
    "release": "bionic",
    "desktopEnvironment": "Unity"
  }
}
[09/13/19, 09:43:39:589] info: AutoLoginEpic: Checking for autologin.
[09/13/19, 09:43:39:821] info: WebContentsMediator: Attaching to new webContents
[09/13/19, 09:43:39:823] info: Store: ADD_WINDOW
{
  "id": 2,
  "type": "main"
}
[09/13/19, 09:43:39:849] info: BrowserViewManager: Starting initialization
[09/13/19, 09:43:39:851] info: PersistSettingsWindowBehavior: Loading windowMetrics
{
  "settings": {
    "position": [
      205,
      27
    ],
    "size": [
      1024,
      741
    ]
  }
}
[09/13/19, 09:43:40:419] info: Application: Setting main window ID
{
  "id": 2
}
[09/13/19, 09:43:40:420] info: App: Welcome to Slack 3.3.8 x64
[09/13/19, 09:43:40:420] info: App load time: 25,323046154
[09/13/19, 09:43:45:829] info: Store: BACKGROUND_CLIENTS_INITIALIZED
[09/13/19, 09:43:45:833] info: Store: BACKGROUND_CLIENTS_INITIALIZED true
[09/13/19, 09:43:48:195] info: Store: SET_NETWORK_STATUS online
[09/13/19, 09:43:48:198] info: Store: MAIN_WINDOW_SHOWN
[09/13/19, 09:43:48:813] info: createSignInWindowEpic: No teams signed in, showing sign-in window
[09/13/19, 09:43:48:819] info: WebContentsMediator: Attaching to new webContents
[09/13/19, 09:43:48:821] info: Store: ADD_WINDOW
{
  "id": 3,
  "type": "sign-in"
}
[09/13/19, 09:43:48:826] info: SignInEpic: Loading URL in new window
[09/13/19, 09:44:24:237] error: Telemetry: Failed to send telemetry request
{
  "error": {
    "message": "telemetry request aborted due to timeout",
    "stack": "Error: telemetry request aborted due to timeout\n    at Timeout.setTimeout [as _onTimeout] (/usr/lib/slack/resources/app.asar/src/telemetry.ts:148:36)\n    at ontimeout (timers.js:427:11)\n    at tryOnTimeout (timers.js:289:5)\n    at listOnTimeout (timers.js:252:5)\n    at Timer.processTimers (timers.js:212:10)"
  }
}
[09/13/19, 09:47:02:102] info: WebContentsMediator: Attaching to new webContents
[09/13/19, 09:47:02:114] info: MagicLogin: Making magic login API request to https://slack.com/api/
[09/13/19, 09:47:05:940] info: Store: ADD_NEW_TEAM
{
  "team_id": "T077KKCG6",
  "id": "UMREG73RQ"
}
[09/13/19, 09:47:06:177] info: BrowserViewManager: Creating views for new teams
{
  "newTeamIds": [
    "T077KKCG6"
  ]
}
[09/13/19, 09:47:06:178] info: BrowserViewManager: Activating BrowserView
{
  "teamId": "T077KKCG6"
}
[09/13/19, 09:47:06:178] info: BrowserViewManager: Creating BrowserView
{
  "teamId": "T077KKCG6"
}
[09/13/19, 09:47:06:252] info: WebContentsMediator: Attaching to new webContents
[09/13/19, 09:47:06:253] info: Store: UPSERT_WEB_CONTENTS
{
  "id": 5,
  "teamId": "T077KKCG6",
  "state": "unloaded"
}
[09/13/19, 09:47:06:259] info: Background Clients Update: 
+-----------+-------+------------+
|           | Full  | Background |
|-----------+-------+------------+
| T077KKCG6 | start |            |
+-----------+-------+------------+
[09/13/19, 09:47:06:554] info: BrowserViewManager: Activating BrowserView
{
  "teamId": "T077KKCG6"
}
[09/13/19, 09:47:06:698] info: Background Clients Update: 
+-----------+-------+------------+
|           | Full  | Background |
|-----------+-------+------------+
| T077KKCG6 | start |            |
+-----------+-------+------------+
[09/13/19, 09:47:06:704] info: Store: SIGN_IN_CANCELED
[09/13/19, 09:47:06:707] info: SignInEpic: Sign-in window closed
[09/13/19, 09:47:06:708] info: maybeQuitAppAction
{
  "canceledSignIn": true,
  "hasNoTeams": false
}
[09/13/19, 09:47:06:708] info: SignInEpic: End of the road
{
  "action": "none"
}
[09/13/19, 09:47:06:709] info: Store: REMOVE_WINDOW 3
[09/13/19, 09:47:06:710] info: Store: REMOVE_WINDOW 3
[09/13/19, 09:47:06:713] info: MagicLogin: added team T077KKCG6
[09/13/19, 09:47:08:658] info: Store: SET_FULL_SCREEN
[09/13/19, 09:47:08:674] info: Store: SAVE_WINDOW_SETTINGS
{
  "size": [
    1024,
    711
  ],
  "position": [
    205,
    57
  ],
  "isMaximized": false
}
[09/13/19, 09:47:09:095] info: Store: SET_FULL_SCREEN
[09/13/19, 09:47:09:341] info: Store: SET_FULL_SCREEN
[09/13/19, 09:47:09:816] info: Team boot count
{
  "count": 1
}
[09/13/19, 09:47:10:047] info: Store: SET_FULL_SCREEN
[09/13/19, 09:47:24:058] info: Store: UPDATE_SETTINGS
{
  "userTheme": "light"
}
[09/13/19, 09:47:24:144] info: Store: UPDATE_SETTINGS
{
  "systemThemeSyncEnabled": false
}
[09/13/19, 09:47:26:172] info: WebContents LifeCycle: webContents:5 from 'unloaded' to 'loaded' took 19684 ms
[09/13/19, 09:47:26:173] info: Store: UPSERT_WEB_CONTENTS
{
  "id": 5,
  "state": "loaded",
  "teamId": "T077KKCG6"
}
[09/13/19, 09:47:26:175] info: Background Clients Update: 
+-----------+---------+------------+
|           | Full    | Background |
|-----------+---------+------------+
| T077KKCG6 | loading |            |
+-----------+---------+------------+
[09/13/19, 09:47:26:471] info: Store: SET_FULL_SCREEN
[09/13/19, 09:47:26:955] info: Store: UPDATE_SESSION_STATUS
{
  "hasValidSession": true,
  "teamId": "T077KKCG6"
}
[09/13/19, 09:47:27:897] info: Store: UPDATE_TEAM_ICONS
{
  "icons": {
    "image_102": "https://avatars.slack-edge.com/2016-06-08/49221502963_e752abd663f106913c95_102.png",
    "image_132": "https://avatars.slack-edge.com/2016-06-08/49221502963_e752abd663f106913c95_132.png",
    "image_230": "https://avatars.slack-edge.com/2016-06-08/49221502963_e752abd663f106913c95_230.png",
    "image_34": "https://avatars.slack-edge.com/2016-06-08/49221502963_e752abd663f106913c95_34.png",
    "image_44": "https://avatars.slack-edge.com/2016-06-08/49221502963_e752abd663f106913c95_44.png",
    "image_68": "https://avatars.slack-edge.com/2016-06-08/49221502963_e752abd663f106913c95_68.png",
    "image_88": "https://avatars.slack-edge.com/2016-06-08/49221502963_e752abd663f106913c95_88.png",
    "image_original": "https://avatars.slack-edge.com/2016-06-08/49221502963_e752abd663f106913c95_original.png"
  },
  "teamId": "T077KKCG6"
}
[09/13/19, 09:47:28:688] info: Store: SELECT_CHANNEL C077KNK28
[09/13/19, 09:47:28:696] info: Store: UPDATE_TEAM_LOCALE
{
  "locale": "en-US",
  "teamId": "T077KKCG6"
}
[09/13/19, 09:47:28:864] info: Store: UPDATE_SETTINGS
{
  "locale": "en-US"
}
[09/13/19, 09:47:28:946] info: Store: UPDATE_TEAM_THEME
{
  "teamId": "T077KKCG6",
  "theme": {
    "active_item": "#1264A3",
    "active_item_text": "#FFFFFF",
    "active_presence": "#2BAC76",
    "badge": "#CD2553",
    "column_bg": "#3F0E40",
    "hover_item": "#350D36",
    "menu_bg": "#350d36",
    "text_color": "#FFFFFF"
  }
}
[09/13/19, 09:47:31:853] info: WebContents LifeCycle: webContents:5 from 'loaded' to 'webapp-loaded' took 5681 ms
[09/13/19, 09:47:31:853] info: Store: UPSERT_WEB_CONTENTS
{
  "id": 5,
  "state": "webapp-loaded",
  "teamId": "T077KKCG6"
}
[09/13/19, 09:47:31:859] info: Background Clients Update: 
+-----------+-------+------------+
|           | Full  | Background |
|-----------+-------+------------+
| T077KKCG6 | ready |            |
+-----------+-------+------------+
[09/13/19, 09:47:32:362] info: Store: STORE_ENTERPRISE_ID_PAIR
{
  "teamId": "T077KKCG6",
  "enterpriseId": null
}
[09/13/19, 09:47:32:368] info: Store: STORE_API_TOKEN
{
  "token": "xoxs-⋯",
  "teamId": "T077KKCG6"
}
[09/13/19, 09:47:58:652] info: Store: SET_FULL_SCREEN
[09/13/19, 09:48:14:941] info: BrowserViewManager: Activating BrowserView
{
  "teamId": "T077KKCG6"
}
[09/13/19, 09:48:15:160] info: Store: SET_FULL_SCREEN
[09/13/19, 09:48:16:004] info: Store: SAVE_WINDOW_SETTINGS
{
  "size": [
    1024,
    711
  ],
  "position": [
    205,
    57
  ],
  "isMaximized": false
}
[09/13/19, 09:48:51:542] info: Store: SET_FULL_SCREEN
[09/13/19, 09:49:57:200] info: BrowserViewManager: Activating BrowserView
{
  "teamId": "T077KKCG6"
}
[09/13/19, 09:49:57:249] info: Store: SET_FULL_SCREEN
[09/13/19, 09:49:58:212] info: Store: SAVE_WINDOW_SETTINGS
{
  "size": [
    1024,
    711
  ],
  "position": [
    205,
    57
  ],
  "isMaximized": false
}
[09/13/19, 09:50:00:335] info: Store: SELECT_CHANNEL GN47Z099B
[09/13/19, 09:50:25:975] info: Store: SET_FULL_SCREEN
[09/13/19, 10:29:52:068] info: Store: SET_SUSPEND_STATUS
[09/13/19, 10:29:53:063] info: Store: SET_NETWORK_STATUS offline
[09/13/19, 10:43:22:052] info: Store: SET_SUSPEND_STATUS true
[09/13/19, 10:43:43:274] info: Store: SET_NETWORK_STATUS online
[09/13/19, 10:43:45:292] info: Store: UPDATE_TEAM_ICONS
{
  "icons": {
    "image_102": "https://avatars.slack-edge.com/2016-06-08/49221502963_e752abd663f106913c95_102.png",
    "image_132": "https://avatars.slack-edge.com/2016-06-08/49221502963_e752abd663f106913c95_132.png",
    "image_230": "https://avatars.slack-edge.com/2016-06-08/49221502963_e752abd663f106913c95_230.png",
    "image_34": "https://avatars.slack-edge.com/2016-06-08/49221502963_e752abd663f106913c95_34.png",
    "image_44": "https://avatars.slack-edge.com/2016-06-08/49221502963_e752abd663f106913c95_44.png",
    "image_68": "https://avatars.slack-edge.com/2016-06-08/49221502963_e752abd663f106913c95_68.png",
    "image_88": "https://avatars.slack-edge.com/2016-06-08/49221502963_e752abd663f106913c95_88.png",
    "image_original": "https://avatars.slack-edge.com/2016-06-08/49221502963_e752abd663f106913c95_original.png"
  },
  "teamId": "T077KKCG6"
}
[09/13/19, 10:43:48:025] info: Store: UPDATE_TEAM_LOCALE
{
  "locale": "en-US",
  "teamId": "T077KKCG6"
}
[09/15/19, 15:49:04:315] info: ╔═════════════════════════════════════════════════════════════════════════════════╗
[09/15/19, 15:49:04:316] info: ║      Slack 3.3.8, linux 4.15.0-20-generic on x64 at 09/15/19, 15:49:04:310      ║
[09/15/19, 15:49:04:316] info: ╚═════════════════════════════════════════════════════════════════════════════════╝
[09/15/19, 15:49:05:608] info: Initializing local storage instance at path: /home/peter/.config/Slack/local-settings.json
[09/15/19, 15:49:06:696] info: TraceRecorder: setting up trace recorder, trace will be stored under /home/peter/.config/Slack/logs/recorded-trace
[09/15/19, 15:49:06:740] info: Configuring uncaughtExceptionHandler
[09/15/19, 15:49:06:741] info: Configuring unhandledRejectionHandler
[09/15/19, 15:49:06:741] info: Registered with apiKey acaff8df67924f677747922423057034
[09/15/19, 15:49:13:146] info: Store: persist/REHYDRATE
{
  "appTeams": {
    "selectedTeamId": "T077KKCG6",
    "teamsByIndex": [
      "T077KKCG6"
    ],
    "teamsToSignOut": []
  },
  "enterprise": {
    "T077KKCG6": null
  },
  "settings": {
    "appVersion": "3.3.8",
    "versionName": "Alaska",
    "platform": "linux",
    "platformVersion": {
      "major": 4,
      "minor": 15,
      "build": 0
    },
    "isWin10": false,
    "isBeforeWin10": false,
    "resourcePath": "/usr/lib/slack/resources/app.asar",
    "webappSrcPath": null,
    "webappParams": null,
    "isDevMode": false,
    "devEnv": null,
    "logFile": null,
    "rxLogging": false,
    "openDevToolsOnStart": false,
    "pretendNotReallyWindows10": false,
    "releaseChannel": "prod",
    "autoHideMenuBar": false,
    "defaultSigninTeam": null,
    "isTitleBarHidden": false,
    "isUsingBrowserSignin": true,
    "hasRunApp": true,
    "hasRunFromTray": false,
    "reportIssueOnStartup": false,
    "isSignedIntoSlackOrg": false,
    "isGpuCompositionAvailable": true,
    "runFromTray": true,
    "launchOnStartup": false,
    "spellcheckerLanguage": null,
    "zoomLevel": 0,
    "workspaceIdleTimeout": 43200000,
    "whitelistedUrlSchemes": [
      "http:",
      "https:",
      "mailto:",
      "skype:",
      "spotify:",
      "live:",
      "callto:",
      "tel:",
      "im:",
      "sip:",
      "sips:",
      "slack:"
    ],
    "isTitleBarForcedByUser": false,
    "useHwAcceleration": true,
    "isOpenExternalShellForced": true,
    "PrefSSBFileDownloadPath": "/home/peter/Downloads",
    "notificationMethod": null,
    "notificationPlayback": null,
    "notificationFailover": 0,
    "notificationFailoverEnabled": true,
    "notificationClickThrough": false,
    "notificationClickThroughMain": true,
    "notificationTimeout": 6000,
    "notificationAfterHoverTimeout": 2000,
    "notificationMaxItems": 3,
    "notificationZoomLevel": null,
    "notificationStyle": null,
    "notificationPresentationCheck": null,
    "notifyPosition": {
      "corner": "bottom_right",
      "display": "same_as_app"
    },
    "locale": "en-US",
    "spellCheckerVersion": "V2",
    "os": false,
    "release": false,
    "desktopEnvironment": false,
    "isAeroGlassEnabled": false,
    "linux": {
      "os": "Ubuntu 18.04 LTS",
      "release": "bionic",
      "desktopEnvironment": "Unity"
    },
    "userTheme": "light",
    "systemThemeSyncEnabled": false
  },
  "windowFrame": {
    "windowSettings": {
      "size": [
        1024,
        711
      ],
      "position": [
        205,
        57
      ],
      "isMaximized": false
    },
    "isFullScreen": false
  }
}
[09/15/19, 15:49:16:230] info: initializeMainWindowEpic: Waiting for selected team to load
{
  "selectedTeamId": "T077KKCG6"
}
[09/15/19, 15:49:16:231] info: Store: UPDATE_SETTINGS
{
  "isSignedIntoSlackOrg": false
}
[09/15/19, 15:49:16:233] info: UpdaterEpics: Updates disabled because
{
  "reasons": [
    "using Linux"
  ]
}
[09/15/19, 15:49:16:321] info: Read UUID from file successful
{
  "uuid": "0354bf9a-e196-5730-b520-4d44c18831b1"
}
[09/15/19, 15:49:23:627] info: Store: INITIALIZE_SETTINGS
{
  "releaseChannel": "prod",
  "platformVersion": {
    "major": 4,
    "minor": 15,
    "build": 0
  },
  "isTitleBarHidden": false,
  "isDevMode": false,
  "appVersion": "3.3.8",
  "versionName": "Alaska",
  "devEnv": null,
  "resourcePath": "/usr/lib/slack/resources/app.asar",
  "webappSrcPath": null,
  "webappParams": null,
  "launchOnStartup": false,
  "openDevToolsOnStart": false,
  "logFile": null,
  "pretendNotReallyWindows10": false,
  "isAeroGlassEnabled": false,
  "isGpuCompositionAvailable": true,
  "linux": {
    "os": "Ubuntu 18.04 LTS",
    "release": "bionic",
    "desktopEnvironment": "Unity"
  }
}
[09/15/19, 15:49:23:631] info: AutoLoginEpic: Checking for autologin.
[09/15/19, 15:49:23:642] info: WebContentsMediator: Attaching to new webContents
[09/15/19, 15:49:23:644] info: Store: ADD_WINDOW
{
  "id": 2,
  "type": "main"
}
[09/15/19, 15:49:23:646] info: BrowserViewManager: Starting initialization
[09/15/19, 15:49:23:647] info: BrowserViewManager: Activating BrowserView
{
  "teamId": "T077KKCG6"
}
[09/15/19, 15:49:23:647] info: BrowserViewManager: Creating BrowserView
{
  "teamId": "T077KKCG6"
}
[09/15/19, 15:49:23:649] info: WebContentsMediator: Attaching to new webContents
[09/15/19, 15:49:23:650] info: Store: UPSERT_WEB_CONTENTS
{
  "id": 3,
  "teamId": "T077KKCG6",
  "state": "unloaded"
}
[09/15/19, 15:49:23:656] info: Background Clients Update: 
+-----------+-------+------------+
|           | Full  | Background |
|-----------+-------+------------+
| T077KKCG6 | start |            |
+-----------+-------+------------+
[09/15/19, 15:49:23:669] info: PersistSettingsWindowBehavior: Loading windowMetrics
{
  "settings": {
    "size": [
      1024,
      711
    ],
    "position": [
      205,
      57
    ],
    "isMaximized": false
  }
}
[09/15/19, 15:49:24:480] info: Application: Setting main window ID
{
  "id": 2
}
[09/15/19, 15:49:24:482] info: App: Welcome to Slack 3.3.8 x64
[09/15/19, 15:49:24:482] info: App load time: 21,787085339
[09/15/19, 15:49:29:372] info: Team boot count
{
  "count": 1
}
[09/15/19, 15:49:44:062] info: Store: BACKGROUND_CLIENTS_INITIALIZED
[09/15/19, 15:49:44:140] info: Store: BACKGROUND_CLIENTS_INITIALIZED true
[09/15/19, 15:49:44:142] info: BrowserViewManager: Activating BrowserView
{
  "teamId": "T077KKCG6"
}
[09/15/19, 15:49:47:958] info: Store: SET_NETWORK_STATUS online
[09/15/19, 15:50:11:174] error: Telemetry: Failed to send telemetry request
{
  "error": {
    "message": "telemetry request aborted due to timeout",
    "stack": "Error: telemetry request aborted due to timeout\n    at Timeout.setTimeout [as _onTimeout] (/usr/lib/slack/resources/app.asar/src/telemetry.ts:148:36)\n    at ontimeout (timers.js:427:11)\n    at tryOnTimeout (timers.js:289:5)\n    at listOnTimeout (timers.js:252:5)\n    at Timer.processTimers (timers.js:212:10)"
  }
}
[09/16/19, 16:37:35:328] info: ╔═════════════════════════════════════════════════════════════════════════════════╗
[09/16/19, 16:37:35:330] info: ║      Slack 3.3.8, linux 4.15.0-20-generic on x64 at 09/16/19, 16:37:35:323      ║
[09/16/19, 16:37:35:330] info: ╚═════════════════════════════════════════════════════════════════════════════════╝
[09/16/19, 16:37:36:369] info: Initializing local storage instance at path: /home/peter/.config/Slack/local-settings.json
[09/16/19, 16:37:37:532] info: TraceRecorder: setting up trace recorder, trace will be stored under /home/peter/.config/Slack/logs/recorded-trace
[09/16/19, 16:37:37:572] info: Configuring uncaughtExceptionHandler
[09/16/19, 16:37:37:572] info: Configuring unhandledRejectionHandler
[09/16/19, 16:37:37:573] info: Registered with apiKey acaff8df67924f677747922423057034
[09/16/19, 16:37:41:274] info: Store: persist/REHYDRATE
{
  "appTeams": {
    "selectedTeamId": "T077KKCG6",
    "teamsByIndex": [
      "T077KKCG6"
    ],
    "teamsToSignOut": []
  },
  "enterprise": {
    "T077KKCG6": null
  },
  "settings": {
    "appVersion": "3.3.8",
    "versionName": "Alaska",
    "platform": "linux",
    "platformVersion": {
      "major": 4,
      "minor": 15,
      "build": 0
    },
    "isWin10": false,
    "isBeforeWin10": false,
    "resourcePath": "/usr/lib/slack/resources/app.asar",
    "webappSrcPath": null,
    "webappParams": null,
    "isDevMode": false,
    "devEnv": null,
    "logFile": null,
    "rxLogging": false,
    "openDevToolsOnStart": false,
    "pretendNotReallyWindows10": false,
    "releaseChannel": "prod",
    "autoHideMenuBar": false,
    "defaultSigninTeam": null,
    "isTitleBarHidden": false,
    "isUsingBrowserSignin": true,
    "hasRunApp": true,
    "hasRunFromTray": false,
    "reportIssueOnStartup": false,
    "isSignedIntoSlackOrg": false,
    "isGpuCompositionAvailable": true,
    "runFromTray": true,
    "launchOnStartup": false,
    "spellcheckerLanguage": null,
    "zoomLevel": 0,
    "workspaceIdleTimeout": 43200000,
    "whitelistedUrlSchemes": [
      "http:",
      "https:",
      "mailto:",
      "skype:",
      "spotify:",
      "live:",
      "callto:",
      "tel:",
      "im:",
      "sip:",
      "sips:",
      "slack:"
    ],
    "isTitleBarForcedByUser": false,
    "useHwAcceleration": true,
    "isOpenExternalShellForced": true,
    "PrefSSBFileDownloadPath": "/home/peter/Downloads",
    "notificationMethod": null,
    "notificationPlayback": null,
    "notificationFailover": 0,
    "notificationFailoverEnabled": true,
    "notificationClickThrough": false,
    "notificationClickThroughMain": true,
    "notificationTimeout": 6000,
    "notificationAfterHoverTimeout": 2000,
    "notificationMaxItems": 3,
    "notificationZoomLevel": null,
    "notificationStyle": null,
    "notificationPresentationCheck": null,
    "notifyPosition": {
      "corner": "bottom_right",
      "display": "same_as_app"
    },
    "locale": "en-US",
    "spellCheckerVersion": "V2",
    "os": false,
    "release": false,
    "desktopEnvironment": false,
    "isAeroGlassEnabled": false,
    "linux": {
      "os": "Ubuntu 18.04 LTS",
      "release": "bionic",
      "desktopEnvironment": "Unity"
    },
    "userTheme": "light",
    "systemThemeSyncEnabled": false
  },
  "windowFrame": {
    "windowSettings": {
      "size": [
        1024,
        711
      ],
      "position": [
        205,
        57
      ],
      "isMaximized": false
    },
    "isFullScreen": false
  }
}
[09/16/19, 16:37:42:384] info: initializeMainWindowEpic: Waiting for selected team to load
{
  "selectedTeamId": "T077KKCG6"
}
[09/16/19, 16:37:42:386] info: Store: UPDATE_SETTINGS
{
  "isSignedIntoSlackOrg": false
}
[09/16/19, 16:37:42:388] info: UpdaterEpics: Updates disabled because
{
  "reasons": [
    "using Linux"
  ]
}
[09/16/19, 16:37:42:453] info: Read UUID from file successful
{
  "uuid": "0354bf9a-e196-5730-b520-4d44c18831b1"
}
[09/16/19, 16:37:47:396] info: Store: INITIALIZE_SETTINGS
{
  "releaseChannel": "prod",
  "platformVersion": {
    "major": 4,
    "minor": 15,
    "build": 0
  },
  "isTitleBarHidden": false,
  "isDevMode": false,
  "appVersion": "3.3.8",
  "versionName": "Alaska",
  "devEnv": null,
  "resourcePath": "/usr/lib/slack/resources/app.asar",
  "webappSrcPath": null,
  "webappParams": null,
  "launchOnStartup": false,
  "openDevToolsOnStart": false,
  "logFile": null,
  "pretendNotReallyWindows10": false,
  "isAeroGlassEnabled": false,
  "isGpuCompositionAvailable": true,
  "linux": {
    "os": "Ubuntu 18.04 LTS",
    "release": "bionic",
    "desktopEnvironment": "Unity"
  }
}
[09/16/19, 16:37:47:398] info: AutoLoginEpic: Checking for autologin.
[09/16/19, 16:37:47:409] info: WebContentsMediator: Attaching to new webContents
[09/16/19, 16:37:47:413] info: Store: ADD_WINDOW
{
  "id": 2,
  "type": "main"
}
[09/16/19, 16:37:47:415] info: BrowserViewManager: Starting initialization
[09/16/19, 16:37:47:415] info: BrowserViewManager: Activating BrowserView
{
  "teamId": "T077KKCG6"
}
[09/16/19, 16:37:47:416] info: BrowserViewManager: Creating BrowserView
{
  "teamId": "T077KKCG6"
}
[09/16/19, 16:37:47:419] info: WebContentsMediator: Attaching to new webContents
[09/16/19, 16:37:47:420] info: Store: UPSERT_WEB_CONTENTS
{
  "id": 3,
  "teamId": "T077KKCG6",
  "state": "unloaded"
}
[09/16/19, 16:37:47:426] info: Background Clients Update: 
+-----------+-------+------------+
|           | Full  | Background |
|-----------+-------+------------+
| T077KKCG6 | start |            |
+-----------+-------+------------+
[09/16/19, 16:37:47:437] info: PersistSettingsWindowBehavior: Loading windowMetrics
{
  "settings": {
    "size": [
      1024,
      711
    ],
    "position": [
      205,
      57
    ],
    "isMaximized": false
  }
}
[09/16/19, 16:37:48:080] info: Application: Setting main window ID
{
  "id": 2
}
[09/16/19, 16:37:48:081] info: App: Welcome to Slack 3.3.8 x64
[09/16/19, 16:37:48:081] info: App load time: 14,28993161
[09/16/19, 16:37:52:366] info: Team boot count
{
  "count": 1
}
[09/16/19, 16:37:54:621] info: Store: BACKGROUND_CLIENTS_INITIALIZED
[09/16/19, 16:37:54:643] info: Store: BACKGROUND_CLIENTS_INITIALIZED true
[09/16/19, 16:37:54:647] info: BrowserViewManager: Activating BrowserView
{
  "teamId": "T077KKCG6"
}
[09/16/19, 16:37:55:318] info: Store: SET_NETWORK_STATUS online
[09/16/19, 16:38:29:688] info: Store: UPDATE_SETTINGS
{
  "userTheme": "light"
}
[09/16/19, 16:38:29:790] info: Store: UPDATE_SETTINGS
{
  "systemThemeSyncEnabled": false
}
[09/16/19, 16:38:31:577] info: WebContents LifeCycle: webContents:3 from 'unloaded' to 'loaded' took 44149 ms
[09/16/19, 16:38:31:578] info: Store: UPSERT_WEB_CONTENTS
{
  "id": 3,
  "state": "loaded",
  "teamId": "T077KKCG6"
}
[09/16/19, 16:38:31:584] info: Background Clients Update: 
+-----------+---------+------------+
|           | Full    | Background |
|-----------+---------+------------+
| T077KKCG6 | loading |            |
+-----------+---------+------------+
[09/16/19, 16:38:31:587] info: initializeMainWindowEpic: Showing main window
{
  "shouldMinimize": false,
  "shouldMaximize": false,
  "shouldHide": false
}
[09/16/19, 16:38:31:630] info: Store: MAIN_WINDOW_SHOWN
[09/16/19, 16:38:33:056] info: Store: UPDATE_SESSION_STATUS
{
  "hasValidSession": true,
  "teamId": "T077KKCG6"
}
[09/16/19, 16:38:35:285] info: Store: UPDATE_TEAM_ICONS
{
  "icons": {
    "image_102": "https://avatars.slack-edge.com/2016-06-08/49221502963_e752abd663f106913c95_102.png",
    "image_132": "https://avatars.slack-edge.com/2016-06-08/49221502963_e752abd663f106913c95_132.png",
    "image_230": "https://avatars.slack-edge.com/2016-06-08/49221502963_e752abd663f106913c95_230.png",
    "image_34": "https://avatars.slack-edge.com/2016-06-08/49221502963_e752abd663f106913c95_34.png",
    "image_44": "https://avatars.slack-edge.com/2016-06-08/49221502963_e752abd663f106913c95_44.png",
    "image_68": "https://avatars.slack-edge.com/2016-06-08/49221502963_e752abd663f106913c95_68.png",
    "image_88": "https://avatars.slack-edge.com/2016-06-08/49221502963_e752abd663f106913c95_88.png",
    "image_original": "https://avatars.slack-edge.com/2016-06-08/49221502963_e752abd663f106913c95_original.png"
  },
  "teamId": "T077KKCG6"
}
[09/16/19, 16:38:35:909] info: Store: SELECT_CHANNEL GN47Z099B
[09/16/19, 16:38:36:162] info: Store: UPDATE_TEAM_LOCALE
{
  "locale": "en-US",
  "teamId": "T077KKCG6"
}
[09/16/19, 16:38:36:743] info: Store: UPDATE_SETTINGS
{
  "locale": "en-US"
}
[09/16/19, 16:38:37:140] info: Store: UPDATE_TEAM_THEME
{
  "teamId": "T077KKCG6",
  "theme": {
    "active_item": "#1264A3",
    "active_item_text": "#FFFFFF",
    "active_presence": "#2BAC76",
    "badge": "#CD2553",
    "column_bg": "#3F0E40",
    "hover_item": "#350D36",
    "menu_bg": "#350d36",
    "text_color": "#FFFFFF"
  }
}
[09/16/19, 16:38:37:336] info: Store: SET_FULL_SCREEN
[09/16/19, 16:38:37:338] info: Store: SET_FULL_SCREEN
[09/16/19, 16:38:38:383] info: Store: SET_FULL_SCREEN
[09/16/19, 16:38:38:802] info: WebContents LifeCycle: webContents:3 from 'loaded' to 'webapp-loaded' took 7225 ms
[09/16/19, 16:38:38:802] info: Store: UPSERT_WEB_CONTENTS
{
  "id": 3,
  "state": "webapp-loaded",
  "teamId": "T077KKCG6"
}
[09/16/19, 16:38:38:806] info: Background Clients Update: 
+-----------+-------+------------+
|           | Full  | Background |
|-----------+-------+------------+
| T077KKCG6 | ready |            |
+-----------+-------+------------+
[09/16/19, 16:38:39:562] info: Store: STORE_ENTERPRISE_ID_PAIR
{
  "teamId": "T077KKCG6",
  "enterpriseId": null
}
[09/16/19, 16:40:41:770] info: Store: SELECT_CHANNEL DNFNQV8J2
[09/16/19, 16:43:24:182] info: Store: SELECT_CHANNEL DN48081RB
[09/16/19, 16:43:28:374] info: Store: SELECT_CHANNEL GN47Z099B
[09/16/19, 16:43:40:054] info: Store: SET_FULL_SCREEN
[09/16/19, 17:42:15:716] info: Store: SELECT_TEAM T077KKCG6
[09/16/19, 17:42:15:753] info: Store: FOREGROUND_APP
[09/16/19, 17:42:16:958] info: BrowserViewManager: Activating BrowserView
{
  "teamId": "T077KKCG6"
}
[09/16/19, 17:42:17:808] info: Store: SET_FULL_SCREEN
[09/16/19, 17:42:18:831] info: Store: SAVE_WINDOW_SETTINGS
{
  "size": [
    1024,
    711
  ],
  "position": [
    205,
    57
  ],
  "isMaximized": false
}
[09/16/19, 17:42:21:452] info: Store: SELECT_CHANNEL DNFNQV8J2
[09/16/19, 17:42:46:044] info: Store: SELECT_CHANNEL GN47Z099B
[09/16/19, 17:43:44:205] info: Store: SELECT_CHANNEL DN48081RB
[09/16/19, 17:43:56:889] info: Store: SELECT_CHANNEL GN47Z099B
[09/16/19, 17:44:08:054] info: Store: SET_FULL_SCREEN
[09/16/19, 17:47:30:858] info: Store: SET_SUSPEND_STATUS
[09/16/19, 17:47:36:834] info: Store: SET_NETWORK_STATUS offline
[09/17/19, 07:36:01:706] info: Store: SET_SUSPEND_STATUS true
[09/17/19, 07:36:11:662] info: Store: SET_NETWORK_STATUS online
[09/17/19, 07:36:19:884] info: Store: UPDATE_TEAM_ICONS
{
  "icons": {
    "image_102": "https://avatars.slack-edge.com/2016-06-08/49221502963_e752abd663f106913c95_102.png",
    "image_132": "https://avatars.slack-edge.com/2016-06-08/49221502963_e752abd663f106913c95_132.png",
    "image_230": "https://avatars.slack-edge.com/2016-06-08/49221502963_e752abd663f106913c95_230.png",
    "image_34": "https://avatars.slack-edge.com/2016-06-08/49221502963_e752abd663f106913c95_34.png",
    "image_44": "https://avatars.slack-edge.com/2016-06-08/49221502963_e752abd663f106913c95_44.png",
    "image_68": "https://avatars.slack-edge.com/2016-06-08/49221502963_e752abd663f106913c95_68.png",
    "image_88": "https://avatars.slack-edge.com/2016-06-08/49221502963_e752abd663f106913c95_88.png",
    "image_original": "https://avatars.slack-edge.com/2016-06-08/49221502963_e752abd663f106913c95_original.png"
  },
  "teamId": "T077KKCG6"
}
[09/17/19, 07:36:28:332] info: Store: UPDATE_TEAM_LOCALE
{
  "locale": "en-US",
  "teamId": "T077KKCG6"
}
[09/17/19, 09:23:59:436] info: ╔═════════════════════════════════════════════════════════════════════════════════╗
[09/17/19, 09:23:59:437] info: ║      Slack 3.3.8, linux 4.15.0-20-generic on x64 at 09/17/19, 09:23:59:433      ║
[09/17/19, 09:23:59:437] info: ╚═════════════════════════════════════════════════════════════════════════════════╝
[09/17/19, 09:24:00:353] info: Initializing local storage instance at path: /home/peter/.config/Slack/local-settings.json
[09/17/19, 09:24:01:433] info: TraceRecorder: setting up trace recorder, trace will be stored under /home/peter/.config/Slack/logs/recorded-trace
[09/17/19, 09:24:01:472] info: Configuring uncaughtExceptionHandler
[09/17/19, 09:24:01:473] info: Configuring unhandledRejectionHandler
[09/17/19, 09:24:01:473] info: Registered with apiKey acaff8df67924f677747922423057034
[09/17/19, 09:24:04:086] info: Store: persist/REHYDRATE
{
  "appTeams": {
    "selectedTeamId": "T077KKCG6",
    "teamsByIndex": [
      "T077KKCG6"
    ],
    "teamsToSignOut": []
  },
  "enterprise": {
    "T077KKCG6": null
  },
  "settings": {
    "appVersion": "3.3.8",
    "versionName": "Alaska",
    "platform": "linux",
    "platformVersion": {
      "major": 4,
      "minor": 15,
      "build": 0
    },
    "isWin10": false,
    "isBeforeWin10": false,
    "resourcePath": "/usr/lib/slack/resources/app.asar",
    "webappSrcPath": null,
    "webappParams": null,
    "isDevMode": false,
    "devEnv": null,
    "logFile": null,
    "rxLogging": false,
    "openDevToolsOnStart": false,
    "pretendNotReallyWindows10": false,
    "releaseChannel": "prod",
    "autoHideMenuBar": false,
    "defaultSigninTeam": null,
    "isTitleBarHidden": false,
    "isUsingBrowserSignin": true,
    "hasRunApp": true,
    "hasRunFromTray": false,
    "reportIssueOnStartup": false,
    "isSignedIntoSlackOrg": false,
    "isGpuCompositionAvailable": true,
    "runFromTray": true,
    "launchOnStartup": false,
    "spellcheckerLanguage": null,
    "zoomLevel": 0,
    "workspaceIdleTimeout": 43200000,
    "whitelistedUrlSchemes": [
      "http:",
      "https:",
      "mailto:",
      "skype:",
      "spotify:",
      "live:",
      "callto:",
      "tel:",
      "im:",
      "sip:",
      "sips:",
      "slack:"
    ],
    "isTitleBarForcedByUser": false,
    "useHwAcceleration": true,
    "isOpenExternalShellForced": true,
    "PrefSSBFileDownloadPath": "/home/peter/Downloads",
    "notificationMethod": null,
    "notificationPlayback": null,
    "notificationFailover": 0,
    "notificationFailoverEnabled": true,
    "notificationClickThrough": false,
    "notificationClickThroughMain": true,
    "notificationTimeout": 6000,
    "notificationAfterHoverTimeout": 2000,
    "notificationMaxItems": 3,
    "notificationZoomLevel": null,
    "notificationStyle": null,
    "notificationPresentationCheck": null,
    "notifyPosition": {
      "corner": "bottom_right",
      "display": "same_as_app"
    },
    "locale": "en-US",
    "spellCheckerVersion": "V2",
    "os": false,
    "release": false,
    "desktopEnvironment": false,
    "isAeroGlassEnabled": false,
    "linux": {
      "os": "Ubuntu 18.04 LTS",
      "release": "bionic",
      "desktopEnvironment": "Unity"
    },
    "userTheme": "light",
    "systemThemeSyncEnabled": false
  },
  "windowFrame": {
    "windowSettings": {
      "size": [
        1024,
        711
      ],
      "position": [
        205,
        57
      ],
      "isMaximized": false
    },
    "isFullScreen": false
  }
}
[09/17/19, 09:24:05:385] info: initializeMainWindowEpic: Waiting for selected team to load
{
  "selectedTeamId": "T077KKCG6"
}
[09/17/19, 09:24:05:386] info: Store: UPDATE_SETTINGS
{
  "isSignedIntoSlackOrg": false
}
[09/17/19, 09:24:05:388] info: UpdaterEpics: Updates disabled because
{
  "reasons": [
    "using Linux"
  ]
}
[09/17/19, 09:24:05:454] info: Read UUID from file successful
{
  "uuid": "0354bf9a-e196-5730-b520-4d44c18831b1"
}
[09/17/19, 09:24:06:383] info: Store: INITIALIZE_SETTINGS
{
  "releaseChannel": "prod",
  "platformVersion": {
    "major": 4,
    "minor": 15,
    "build": 0
  },
  "isTitleBarHidden": false,
  "isDevMode": false,
  "appVersion": "3.3.8",
  "versionName": "Alaska",
  "devEnv": null,
  "resourcePath": "/usr/lib/slack/resources/app.asar",
  "webappSrcPath": null,
  "webappParams": null,
  "launchOnStartup": false,
  "openDevToolsOnStart": false,
  "logFile": null,
  "pretendNotReallyWindows10": false,
  "isAeroGlassEnabled": false,
  "isGpuCompositionAvailable": true,
  "linux": {
    "os": "Ubuntu 18.04 LTS",
    "release": "bionic",
    "desktopEnvironment": "Unity"
  }
}
[09/17/19, 09:24:06:386] info: AutoLoginEpic: Checking for autologin.
[09/17/19, 09:24:06:397] info: WebContentsMediator: Attaching to new webContents
[09/17/19, 09:24:06:399] info: Store: ADD_WINDOW
{
  "id": 2,
  "type": "main"
}
[09/17/19, 09:24:06:402] info: BrowserViewManager: Starting initialization
[09/17/19, 09:24:06:402] info: BrowserViewManager: Activating BrowserView
{
  "teamId": "T077KKCG6"
}
[09/17/19, 09:24:06:403] info: BrowserViewManager: Creating BrowserView
{
  "teamId": "T077KKCG6"
}
[09/17/19, 09:24:06:406] info: WebContentsMediator: Attaching to new webContents
[09/17/19, 09:24:06:407] info: Store: UPSERT_WEB_CONTENTS
{
  "id": 3,
  "teamId": "T077KKCG6",
  "state": "unloaded"
}
[09/17/19, 09:24:06:413] info: Background Clients Update: 
+-----------+-------+------------+
|           | Full  | Background |
|-----------+-------+------------+
| T077KKCG6 | start |            |
+-----------+-------+------------+
[09/17/19, 09:24:06:423] info: PersistSettingsWindowBehavior: Loading windowMetrics
{
  "settings": {
    "size": [
      1024,
      711
    ],
    "position": [
      205,
      57
    ],
    "isMaximized": false
  }
}
[09/17/19, 09:24:06:748] info: Application: Setting main window ID
{
  "id": 2
}
[09/17/19, 09:24:06:750] info: App: Welcome to Slack 3.3.8 x64
[09/17/19, 09:24:06:750] info: App load time: 8,98727871
[09/17/19, 09:24:08:942] info: Team boot count
{
  "count": 1
}
[09/17/19, 09:24:11:480] info: Store: BACKGROUND_CLIENTS_INITIALIZED
[09/17/19, 09:24:11:563] info: Store: BACKGROUND_CLIENTS_INITIALIZED true
[09/17/19, 09:24:11:565] info: BrowserViewManager: Activating BrowserView
{
  "teamId": "T077KKCG6"
}
[09/17/19, 09:24:13:057] info: Store: SET_NETWORK_STATUS online
[09/17/19, 09:24:19:905] info: Store: UPDATE_SETTINGS
{
  "userTheme": "light"
}
[09/17/19, 09:24:19:909] info: Store: UPDATE_SETTINGS
{
  "systemThemeSyncEnabled": false
}
[09/17/19, 09:24:21:669] info: WebContents LifeCycle: webContents:3 from 'unloaded' to 'loaded' took 15254 ms
[09/17/19, 09:24:21:669] info: Store: UPSERT_WEB_CONTENTS
{
  "id": 3,
  "state": "loaded",
  "teamId": "T077KKCG6"
}
[09/17/19, 09:24:21:672] info: Background Clients Update: 
+-----------+---------+------------+
|           | Full    | Background |
|-----------+---------+------------+
| T077KKCG6 | loading |            |
+-----------+---------+------------+
[09/17/19, 09:24:21:674] info: initializeMainWindowEpic: Showing main window
{
  "shouldMinimize": false,
  "shouldMaximize": false,
  "shouldHide": false
}
[09/17/19, 09:24:21:676] info: Store: MAIN_WINDOW_SHOWN
[09/17/19, 09:24:21:926] info: Store: SET_FULL_SCREEN
[09/17/19, 09:24:21:931] info: Store: SET_FULL_SCREEN
[09/17/19, 09:24:21:934] info: Store: SET_FULL_SCREEN
[09/17/19, 09:24:22:007] info: Store: UPDATE_SESSION_STATUS
{
  "hasValidSession": true,
  "teamId": "T077KKCG6"
}
[09/17/19, 09:24:22:943] info: Store: UPDATE_TEAM_ICONS
{
  "icons": {
    "image_102": "https://avatars.slack-edge.com/2016-06-08/49221502963_e752abd663f106913c95_102.png",
    "image_132": "https://avatars.slack-edge.com/2016-06-08/49221502963_e752abd663f106913c95_132.png",
    "image_230": "https://avatars.slack-edge.com/2016-06-08/49221502963_e752abd663f106913c95_230.png",
    "image_34": "https://avatars.slack-edge.com/2016-06-08/49221502963_e752abd663f106913c95_34.png",
    "image_44": "https://avatars.slack-edge.com/2016-06-08/49221502963_e752abd663f106913c95_44.png",
    "image_68": "https://avatars.slack-edge.com/2016-06-08/49221502963_e752abd663f106913c95_68.png",
    "image_88": "https://avatars.slack-edge.com/2016-06-08/49221502963_e752abd663f106913c95_88.png",
    "image_original": "https://avatars.slack-edge.com/2016-06-08/49221502963_e752abd663f106913c95_original.png"
  },
  "teamId": "T077KKCG6"
}
[09/17/19, 09:24:23:169] info: Store: SELECT_CHANNEL GN47Z099B
[09/17/19, 09:24:23:494] info: Store: UPDATE_TEAM_LOCALE
{
  "locale": "en-US",
  "teamId": "T077KKCG6"
}
[09/17/19, 09:24:23:572] info: Store: UPDATE_SETTINGS
{
  "locale": "en-US"
}
[09/17/19, 09:24:23:621] info: Store: UPDATE_TEAM_THEME
{
  "teamId": "T077KKCG6",
  "theme": {
    "active_item": "#1264A3",
    "active_item_text": "#FFFFFF",
    "active_presence": "#2BAC76",
    "badge": "#CD2553",
    "column_bg": "#3F0E40",
    "hover_item": "#350D36",
    "menu_bg": "#350d36",
    "text_color": "#FFFFFF"
  }
}
[09/17/19, 09:24:24:028] info: WebContents LifeCycle: webContents:3 from 'loaded' to 'webapp-loaded' took 2360 ms
[09/17/19, 09:24:24:028] info: Store: UPSERT_WEB_CONTENTS
{
  "id": 3,
  "state": "webapp-loaded",
  "teamId": "T077KKCG6"
}
[09/17/19, 09:24:24:035] info: Background Clients Update: 
+-----------+-------+------------+
|           | Full  | Background |
|-----------+-------+------------+
| T077KKCG6 | ready |            |
+-----------+-------+------------+
[09/17/19, 09:24:24:241] info: Store: STORE_ENTERPRISE_ID_PAIR
{
  "teamId": "T077KKCG6",
  "enterpriseId": null
}
[09/17/19, 09:25:25:710] info: Store: SET_FULL_SCREEN
[09/17/19, 09:25:27:693] info: Store: SET_FULL_SCREEN
[09/17/19, 09:25:59:429] info: Store: SET_FULL_SCREEN
[09/17/19, 09:36:43:302] info: Store: SET_FULL_SCREEN
[09/17/19, 09:36:49:084] info: Store: SET_FULL_SCREEN
[09/17/19, 09:49:46:676] info: Store: SET_FULL_SCREEN
[09/17/19, 09:50:04:154] info: Store: SELECT_CHANNEL DNEHPVDHB
[09/17/19, 09:53:00:054] info: Store: SET_FULL_SCREEN
[09/17/19, 11:18:07:337] info: Store: NEW_NOTIFICATION
{
  "channel": "DNEHPVDHB",
  "id": "JZ81i8hLlyOJ7nj",
  "launchUri": "slack://channel?id=DNEHPVDHB&message=1568708287.002000&team=T077KKCG6",
  "silent": true,
  "teamId": "T077KKCG6"
}
[09/17/19, 11:18:07:686] info: Creating new Electron notification.
[09/17/19, 11:18:13:090] info: BrowserViewManager: Activating BrowserView
{
  "teamId": "T077KKCG6"
}
[09/17/19, 11:18:13:186] info: Store: SET_FULL_SCREEN
[09/17/19, 11:18:14:185] info: Store: SAVE_WINDOW_SETTINGS
{
  "size": [
    1024,
    711
  ],
  "position": [
    205,
    57
  ],
  "isMaximized": false
}
[09/17/19, 11:18:26:787] info: Store: SET_FULL_SCREEN
[09/17/19, 15:28:28:907] info: BrowserViewManager: Activating BrowserView
{
  "teamId": "T077KKCG6"
}
[09/17/19, 15:28:28:989] info: Store: SET_FULL_SCREEN
[09/17/19, 15:28:29:976] info: Store: SAVE_WINDOW_SETTINGS
{
  "size": [
    1024,
    711
  ],
  "position": [
    205,
    57
  ],
  "isMaximized": false
}
[09/17/19, 15:28:44:136] info: Store: SET_FULL_SCREEN
[09/17/19, 17:29:17:897] info: Store: SET_SUSPEND_STATUS
[09/17/19, 17:29:19:705] info: Store: SET_NETWORK_STATUS offline
[09/18/19, 07:40:51:314] info: Store: SET_SUSPEND_STATUS true
[09/18/19, 07:41:03:062] info: Store: UPDATE_TEAM_ICONS
{
  "icons": {
    "image_102": "https://avatars.slack-edge.com/2016-06-08/49221502963_e752abd663f106913c95_102.png",
    "image_132": "https://avatars.slack-edge.com/2016-06-08/49221502963_e752abd663f106913c95_132.png",
    "image_230": "https://avatars.slack-edge.com/2016-06-08/49221502963_e752abd663f106913c95_230.png",
    "image_34": "https://avatars.slack-edge.com/2016-06-08/49221502963_e752abd663f106913c95_34.png",
    "image_44": "https://avatars.slack-edge.com/2016-06-08/49221502963_e752abd663f106913c95_44.png",
    "image_68": "https://avatars.slack-edge.com/2016-06-08/49221502963_e752abd663f106913c95_68.png",
    "image_88": "https://avatars.slack-edge.com/2016-06-08/49221502963_e752abd663f106913c95_88.png",
    "image_original": "https://avatars.slack-edge.com/2016-06-08/49221502963_e752abd663f106913c95_original.png"
  },
  "teamId": "T077KKCG6"
}
[09/18/19, 07:41:03:273] info: Store: UPDATE_TEAM_LOCALE
{
  "locale": "en-US",
  "teamId": "T077KKCG6"
}
[09/18/19, 07:41:04:030] info: Store: SET_NETWORK_STATUS online
[09/18/19, 09:33:02:510] info: Store: SET_SUSPEND_STATUS
[09/18/19, 09:33:04:674] info: Store: SET_NETWORK_STATUS offline
[09/18/19, 09:38:38:665] info: Store: SET_SUSPEND_STATUS true
[09/18/19, 09:38:48:251] info: Store: UPDATE_TEAM_ICONS
{
  "icons": {
    "image_102": "https://avatars.slack-edge.com/2016-06-08/49221502963_e752abd663f106913c95_102.png",
    "image_132": "https://avatars.slack-edge.com/2016-06-08/49221502963_e752abd663f106913c95_132.png",
    "image_230": "https://avatars.slack-edge.com/2016-06-08/49221502963_e752abd663f106913c95_230.png",
    "image_34": "https://avatars.slack-edge.com/2016-06-08/49221502963_e752abd663f106913c95_34.png",
    "image_44": "https://avatars.slack-edge.com/2016-06-08/49221502963_e752abd663f106913c95_44.png",
    "image_68": "https://avatars.slack-edge.com/2016-06-08/49221502963_e752abd663f106913c95_68.png",
    "image_88": "https://avatars.slack-edge.com/2016-06-08/49221502963_e752abd663f106913c95_88.png",
    "image_original": "https://avatars.slack-edge.com/2016-06-08/49221502963_e752abd663f106913c95_original.png"
  },
  "teamId": "T077KKCG6"
}
[09/18/19, 09:38:48:546] info: Store: UPDATE_TEAM_LOCALE
{
  "locale": "en-US",
  "teamId": "T077KKCG6"
}
[09/18/19, 09:38:51:191] info: Store: SET_NETWORK_STATUS online
[09/18/19, 11:37:19:759] info: BrowserViewManager: Activating BrowserView
{
  "teamId": "T077KKCG6"
}
[09/18/19, 11:37:20:325] info: Store: SET_FULL_SCREEN
[09/18/19, 11:37:21:103] info: Store: SAVE_WINDOW_SETTINGS
{
  "size": [
    1024,
    711
  ],
  "position": [
    205,
    57
  ],
  "isMaximized": false
}
[09/18/19, 11:37:23:144] info: Store: SELECT_CHANNEL GN47Z099B
[09/18/19, 11:37:56:182] info: Store: SET_FULL_SCREEN
[09/18/19, 11:38:18:814] info: Store: SET_FULL_SCREEN
[09/18/19, 11:38:51:753] info: Store: SET_FULL_SCREEN
[09/18/19, 15:18:38:920] info: Store: SET_FULL_SCREEN
[09/18/19, 15:18:40:694] info: Store: SET_FULL_SCREEN
[09/18/19, 17:02:34:045] info: BrowserViewManager: Activating BrowserView
{
  "teamId": "T077KKCG6"
}
[09/18/19, 17:02:34:570] info: Store: SET_FULL_SCREEN
[09/18/19, 17:02:35:410] info: Store: SAVE_WINDOW_SETTINGS
{
  "size": [
    1024,
    711
  ],
  "position": [
    205,
    57
  ],
  "isMaximized": false
}
[09/18/19, 17:02:39:544] info: Store: SELECT_CHANNEL DNEHPVDHB
[09/18/19, 17:02:45:406] info: Store: SELECT_CHANNEL DN6QHNU7P
[09/18/19, 17:02:47:246] info: Store: SELECT_CHANNEL DNEHPVDHB
[09/18/19, 17:03:39:538] info: Store: SET_FULL_SCREEN
[09/18/19, 17:47:03:853] info: Store: SET_SUSPEND_STATUS
[09/18/19, 17:47:07:191] info: Store: SET_NETWORK_STATUS offline
[09/19/19, 07:45:34:470] info: Store: SET_SUSPEND_STATUS true
[09/19/19, 07:45:44:205] info: Store: SET_NETWORK_STATUS online
[09/19/19, 07:45:45:233] info: Store: UPDATE_TEAM_ICONS
{
  "icons": {
    "image_102": "https://avatars.slack-edge.com/2016-06-08/49221502963_e752abd663f106913c95_102.png",
    "image_132": "https://avatars.slack-edge.com/2016-06-08/49221502963_e752abd663f106913c95_132.png",
    "image_230": "https://avatars.slack-edge.com/2016-06-08/49221502963_e752abd663f106913c95_230.png",
    "image_34": "https://avatars.slack-edge.com/2016-06-08/49221502963_e752abd663f106913c95_34.png",
    "image_44": "https://avatars.slack-edge.com/2016-06-08/49221502963_e752abd663f106913c95_44.png",
    "image_68": "https://avatars.slack-edge.com/2016-06-08/49221502963_e752abd663f106913c95_68.png",
    "image_88": "https://avatars.slack-edge.com/2016-06-08/49221502963_e752abd663f106913c95_88.png",
    "image_original": "https://avatars.slack-edge.com/2016-06-08/49221502963_e752abd663f106913c95_original.png"
  },
  "teamId": "T077KKCG6"
}
[09/19/19, 07:45:45:698] info: Store: UPDATE_TEAM_LOCALE
{
  "locale": "en-US",
  "teamId": "T077KKCG6"
}
[09/19/19, 09:58:28:603] info: Store: NEW_NOTIFICATION
{
  "channel": "DNEHPVDHB",
  "id": "vgQwFEiAMwyqp3Z",
  "launchUri": "slack://channel?id=DNEHPVDHB&message=1568876307.000300&team=T077KKCG6",
  "silent": true,
  "teamId": "T077KKCG6"
}
[09/19/19, 09:58:28:605] info: Creating new Electron notification.
[09/19/19, 10:24:05:958] info: BrowserViewManager: Activating BrowserView
{
  "teamId": "T077KKCG6"
}
[09/19/19, 10:24:07:480] info: Store: SET_FULL_SCREEN
[09/19/19, 10:24:08:104] info: Store: SAVE_WINDOW_SETTINGS
{
  "size": [
    1024,
    711
  ],
  "position": [
    205,
    57
  ],
  "isMaximized": false
}
[09/19/19, 10:24:24:534] info: Store: SET_FULL_SCREEN
[09/19/19, 14:51:53:994] info: BrowserViewManager: Activating BrowserView
{
  "teamId": "T077KKCG6"
}
[09/19/19, 14:51:55:380] info: Store: SET_FULL_SCREEN
[09/19/19, 14:51:56:375] info: Store: SAVE_WINDOW_SETTINGS
{
  "size": [
    1024,
    711
  ],
  "position": [
    205,
    57
  ],
  "isMaximized": false
}
[09/19/19, 14:52:11:006] info: Store: SELECT_CHANNEL GN47Z099B
[09/19/19, 14:53:10:305] info: Store: SET_FULL_SCREEN
[09/19/19, 14:58:34:425] info: Store: SET_FULL_SCREEN
[09/19/19, 14:58:36:308] info: Store: SET_FULL_SCREEN
[09/19/19, 16:59:09:376] info: Store: SET_SUSPEND_STATUS
[09/19/19, 16:59:19:655] info: Store: SET_NETWORK_STATUS offline
[09/20/19, 07:41:27:542] info: Store: SET_SUSPEND_STATUS true
[09/20/19, 07:41:41:995] info: Store: UPDATE_TEAM_ICONS
{
  "icons": {
    "image_102": "https://avatars.slack-edge.com/2016-06-08/49221502963_e752abd663f106913c95_102.png",
    "image_132": "https://avatars.slack-edge.com/2016-06-08/49221502963_e752abd663f106913c95_132.png",
    "image_230": "https://avatars.slack-edge.com/2016-06-08/49221502963_e752abd663f106913c95_230.png",
    "image_34": "https://avatars.slack-edge.com/2016-06-08/49221502963_e752abd663f106913c95_34.png",
    "image_44": "https://avatars.slack-edge.com/2016-06-08/49221502963_e752abd663f106913c95_44.png",
    "image_68": "https://avatars.slack-edge.com/2016-06-08/49221502963_e752abd663f106913c95_68.png",
    "image_88": "https://avatars.slack-edge.com/2016-06-08/49221502963_e752abd663f106913c95_88.png",
    "image_original": "https://avatars.slack-edge.com/2016-06-08/49221502963_e752abd663f106913c95_original.png"
  },
  "teamId": "T077KKCG6"
}
[09/20/19, 07:41:43:332] info: Store: UPDATE_TEAM_LOCALE
{
  "locale": "en-US",
  "teamId": "T077KKCG6"
}
[09/20/19, 07:44:18:663] info: Store: SET_NETWORK_STATUS online
[09/20/19, 08:25:02:591] info: Store: SET_NETWORK_STATUS offline
[09/20/19, 08:25:08:597] info: Store: SET_NETWORK_STATUS online
[09/20/19, 09:51:32:717] info: Store: SET_SUSPEND_STATUS
[09/20/19, 09:51:33:591] info: Store: SET_NETWORK_STATUS offline
[09/20/19, 10:34:30:956] info: Store: SET_SUSPEND_STATUS true
[09/20/19, 10:34:38:851] info: Store: SET_NETWORK_STATUS online
[09/20/19, 10:34:41:895] info: Store: UPDATE_TEAM_ICONS
{
  "icons": {
    "image_102": "https://avatars.slack-edge.com/2016-06-08/49221502963_e752abd663f106913c95_102.png",
    "image_132": "https://avatars.slack-edge.com/2016-06-08/49221502963_e752abd663f106913c95_132.png",
    "image_230": "https://avatars.slack-edge.com/2016-06-08/49221502963_e752abd663f106913c95_230.png",
    "image_34": "https://avatars.slack-edge.com/2016-06-08/49221502963_e752abd663f106913c95_34.png",
    "image_44": "https://avatars.slack-edge.com/2016-06-08/49221502963_e752abd663f106913c95_44.png",
    "image_68": "https://avatars.slack-edge.com/2016-06-08/49221502963_e752abd663f106913c95_68.png",
    "image_88": "https://avatars.slack-edge.com/2016-06-08/49221502963_e752abd663f106913c95_88.png",
    "image_original": "https://avatars.slack-edge.com/2016-06-08/49221502963_e752abd663f106913c95_original.png"
  },
  "teamId": "T077KKCG6"
}
[09/20/19, 10:34:42:276] info: Store: UPDATE_TEAM_LOCALE
{
  "locale": "en-US",
  "teamId": "T077KKCG6"
}
[09/20/19, 10:39:01:878] info: BrowserViewManager: Activating BrowserView
{
  "teamId": "T077KKCG6"
}
[09/20/19, 10:39:02:385] info: Store: SET_FULL_SCREEN
[09/20/19, 10:39:03:178] info: Store: SAVE_WINDOW_SETTINGS
{
  "size": [
    1024,
    711
  ],
  "position": [
    205,
    57
  ],
  "isMaximized": false
}
[09/20/19, 10:39:50:369] info: Store: SET_FULL_SCREEN
[09/20/19, 17:57:59:624] info: Store: SET_FULL_SCREEN
[09/20/19, 17:58:25:574] info: Store: SELECT_CHANNEL DNMG90G5V
[09/20/19, 17:59:20:609] info: Store: OPEN_CONTEXT_MENU
{
  "id": 3
}
[09/20/19, 17:59:25:551] info: Store: SET_FULL_SCREEN
[09/20/19, 17:59:36:380] info: Store: SET_FULL_SCREEN
[09/20/19, 17:59:38:694] info: Store: OPEN_CONTEXT_MENU
{
  "id": 3
}
[09/20/19, 17:59:43:539] info: Store: OPEN_CONTEXT_MENU
{
  "id": 3
}
[09/20/19, 18:00:06:207] info: Store: SET_FULL_SCREEN
[09/20/19, 18:00:58:907] info: Store: SET_FULL_SCREEN
[09/20/19, 18:01:00:856] info: Store: OPEN_CONTEXT_MENU
{
  "id": 3
}
[09/20/19, 18:02:39:510] info: Store: SET_FULL_SCREEN
[09/20/19, 18:09:07:391] info: Store: SET_SUSPEND_STATUS
[09/20/19, 18:09:09:264] info: Store: SET_NETWORK_STATUS offline
[09/20/19, 18:19:27:940] info: Store: SET_SUSPEND_STATUS true
[09/20/19, 18:19:36:402] info: Store: SET_NETWORK_STATUS online
[09/20/19, 18:19:38:430] info: Store: UPDATE_TEAM_ICONS
{
  "icons": {
    "image_102": "https://avatars.slack-edge.com/2016-06-08/49221502963_e752abd663f106913c95_102.png",
    "image_132": "https://avatars.slack-edge.com/2016-06-08/49221502963_e752abd663f106913c95_132.png",
    "image_230": "https://avatars.slack-edge.com/2016-06-08/49221502963_e752abd663f106913c95_230.png",
    "image_34": "https://avatars.slack-edge.com/2016-06-08/49221502963_e752abd663f106913c95_34.png",
    "image_44": "https://avatars.slack-edge.com/2016-06-08/49221502963_e752abd663f106913c95_44.png",
    "image_68": "https://avatars.slack-edge.com/2016-06-08/49221502963_e752abd663f106913c95_68.png",
    "image_88": "https://avatars.slack-edge.com/2016-06-08/49221502963_e752abd663f106913c95_88.png",
    "image_original": "https://avatars.slack-edge.com/2016-06-08/49221502963_e752abd663f106913c95_original.png"
  },
  "teamId": "T077KKCG6"
}
[09/20/19, 18:19:38:718] info: Store: UPDATE_TEAM_LOCALE
{
  "locale": "en-US",
  "teamId": "T077KKCG6"
}
[09/20/19, 18:27:24:045] info: Store: SET_SUSPEND_STATUS
[09/20/19, 18:27:25:401] info: Store: SET_NETWORK_STATUS offline
[09/20/19, 20:39:46:759] info: Store: SET_SUSPEND_STATUS true
[09/20/19, 20:40:08:920] info: Store: SET_NETWORK_STATUS online
[09/20/19, 20:40:12:940] info: Store: UPDATE_TEAM_ICONS
{
  "icons": {
    "image_102": "https://avatars.slack-edge.com/2016-06-08/49221502963_e752abd663f106913c95_102.png",
    "image_132": "https://avatars.slack-edge.com/2016-06-08/49221502963_e752abd663f106913c95_132.png",
    "image_230": "https://avatars.slack-edge.com/2016-06-08/49221502963_e752abd663f106913c95_230.png",
    "image_34": "https://avatars.slack-edge.com/2016-06-08/49221502963_e752abd663f106913c95_34.png",
    "image_44": "https://avatars.slack-edge.com/2016-06-08/49221502963_e752abd663f106913c95_44.png",
    "image_68": "https://avatars.slack-edge.com/2016-06-08/49221502963_e752abd663f106913c95_68.png",
    "image_88": "https://avatars.slack-edge.com/2016-06-08/49221502963_e752abd663f106913c95_88.png",
    "image_original": "https://avatars.slack-edge.com/2016-06-08/49221502963_e752abd663f106913c95_original.png"
  },
  "teamId": "T077KKCG6"
}
[09/20/19, 20:40:13:451] info: Store: UPDATE_TEAM_LOCALE
{
  "locale": "en-US",
  "teamId": "T077KKCG6"
}
[09/20/19, 22:06:45:606] info: Store: SET_NETWORK_STATUS offline
[09/20/19, 22:07:53:740] info: Store: SET_NETWORK_STATUS online
[09/20/19, 22:25:16:559] info: Store: SET_SUSPEND_STATUS
[09/20/19, 22:25:23:754] info: Store: SET_NETWORK_STATUS offline
[09/21/19, 12:57:13:496] info: Store: SET_SUSPEND_STATUS true
[09/21/19, 12:57:46:675] info: Store: SET_NETWORK_STATUS online
[09/21/19, 13:04:00:597] info: Store: UPDATE_TEAM_ICONS
{
  "icons": {
    "image_102": "https://avatars.slack-edge.com/2016-06-08/49221502963_e752abd663f106913c95_102.png",
    "image_132": "https://avatars.slack-edge.com/2016-06-08/49221502963_e752abd663f106913c95_132.png",
    "image_230": "https://avatars.slack-edge.com/2016-06-08/49221502963_e752abd663f106913c95_230.png",
    "image_34": "https://avatars.slack-edge.com/2016-06-08/49221502963_e752abd663f106913c95_34.png",
    "image_44": "https://avatars.slack-edge.com/2016-06-08/49221502963_e752abd663f106913c95_44.png",
    "image_68": "https://avatars.slack-edge.com/2016-06-08/49221502963_e752abd663f106913c95_68.png",
    "image_88": "https://avatars.slack-edge.com/2016-06-08/49221502963_e752abd663f106913c95_88.png",
    "image_original": "https://avatars.slack-edge.com/2016-06-08/49221502963_e752abd663f106913c95_original.png"
  },
  "teamId": "T077KKCG6"
}
[09/21/19, 13:04:06:752] info: Store: UPDATE_TEAM_LOCALE
{
  "locale": "en-US",
  "teamId": "T077KKCG6"
}
[09/21/19, 16:45:33:173] info: Store: SET_SUSPEND_STATUS
[09/21/19, 16:45:37:192] info: Store: SET_NETWORK_STATUS offline
[09/21/19, 19:43:04:833] info: Store: SET_SUSPEND_STATUS true
[09/21/19, 19:43:19:772] info: Store: SET_NETWORK_STATUS online
[09/21/19, 19:43:25:895] info: Store: UPDATE_TEAM_ICONS
{
  "icons": {
    "image_102": "https://avatars.slack-edge.com/2016-06-08/49221502963_e752abd663f106913c95_102.png",
    "image_132": "https://avatars.slack-edge.com/2016-06-08/49221502963_e752abd663f106913c95_132.png",
    "image_230": "https://avatars.slack-edge.com/2016-06-08/49221502963_e752abd663f106913c95_230.png",
    "image_34": "https://avatars.slack-edge.com/2016-06-08/49221502963_e752abd663f106913c95_34.png",
    "image_44": "https://avatars.slack-edge.com/2016-06-08/49221502963_e752abd663f106913c95_44.png",
    "image_68": "https://avatars.slack-edge.com/2016-06-08/49221502963_e752abd663f106913c95_68.png",
    "image_88": "https://avatars.slack-edge.com/2016-06-08/49221502963_e752abd663f106913c95_88.png",
    "image_original": "https://avatars.slack-edge.com/2016-06-08/49221502963_e752abd663f106913c95_original.png"
  },
  "teamId": "T077KKCG6"
}
[09/21/19, 19:43:52:559] info: Store: UPDATE_TEAM_LOCALE
{
  "locale": "en-US",
  "teamId": "T077KKCG6"
}
[09/21/19, 21:06:42:459] info: Store: SET_SUSPEND_STATUS
[09/21/19, 21:06:43:772] info: Store: SET_NETWORK_STATUS offline
[09/22/19, 16:54:54:034] info: Store: SET_SUSPEND_STATUS true
[09/22/19, 16:55:08:006] info: Store: SET_NETWORK_STATUS online
[09/22/19, 16:55:11:660] info: Store: UPDATE_TEAM_ICONS
{
  "icons": {
    "image_102": "https://avatars.slack-edge.com/2016-06-08/49221502963_e752abd663f106913c95_102.png",
    "image_132": "https://avatars.slack-edge.com/2016-06-08/49221502963_e752abd663f106913c95_132.png",
    "image_230": "https://avatars.slack-edge.com/2016-06-08/49221502963_e752abd663f106913c95_230.png",
    "image_34": "https://avatars.slack-edge.com/2016-06-08/49221502963_e752abd663f106913c95_34.png",
    "image_44": "https://avatars.slack-edge.com/2016-06-08/49221502963_e752abd663f106913c95_44.png",
    "image_68": "https://avatars.slack-edge.com/2016-06-08/49221502963_e752abd663f106913c95_68.png",
    "image_88": "https://avatars.slack-edge.com/2016-06-08/49221502963_e752abd663f106913c95_88.png",
    "image_original": "https://avatars.slack-edge.com/2016-06-08/49221502963_e752abd663f106913c95_original.png"
  },
  "teamId": "T077KKCG6"
}
[09/22/19, 16:55:11:662] info: Store: UPDATE_TEAM_LOCALE
{
  "locale": "en-US",
  "teamId": "T077KKCG6"
}
[09/22/19, 19:05:48:702] info: Store: SET_SUSPEND_STATUS
[09/22/19, 19:05:52:126] info: Store: SET_NETWORK_STATUS offline
[09/22/19, 19:11:28:948] info: Store: SET_SUSPEND_STATUS true
[09/22/19, 19:11:44:754] info: Store: SET_NETWORK_STATUS online
[10/09/19, 10:53:37:768] info: ╔═════════════════════════════════════════════════════════════════════════════════╗
[10/09/19, 10:53:37:769] info: ║      Slack 3.3.8, linux 4.15.0-20-generic on x64 at 10/09/19, 10:53:37:765      ║
[10/09/19, 10:53:37:769] info: ╚═════════════════════════════════════════════════════════════════════════════════╝
[10/09/19, 10:53:38:819] info: Initializing local storage instance at path: /home/peter/.config/Slack/local-settings.json
[10/09/19, 10:53:40:152] info: TraceRecorder: setting up trace recorder, trace will be stored under /home/peter/.config/Slack/logs/recorded-trace
[10/09/19, 10:53:40:192] info: Configuring uncaughtExceptionHandler
[10/09/19, 10:53:40:192] info: Configuring unhandledRejectionHandler
[10/09/19, 10:53:40:192] info: Registered with apiKey acaff8df67924f677747922423057034
[10/09/19, 10:53:42:971] info: Store: persist/REHYDRATE
{
  "appTeams": {
    "selectedTeamId": "T077KKCG6",
    "teamsByIndex": [
      "T077KKCG6"
    ],
    "teamsToSignOut": []
  },
  "enterprise": {
    "T077KKCG6": null
  },
  "settings": {
    "appVersion": "3.3.8",
    "versionName": "Alaska",
    "platform": "linux",
    "platformVersion": {
      "major": 4,
      "minor": 15,
      "build": 0
    },
    "isWin10": false,
    "isBeforeWin10": false,
    "resourcePath": "/usr/lib/slack/resources/app.asar",
    "webappSrcPath": null,
    "webappParams": null,
    "isDevMode": false,
    "devEnv": null,
    "logFile": null,
    "rxLogging": false,
    "openDevToolsOnStart": false,
    "pretendNotReallyWindows10": false,
    "releaseChannel": "prod",
    "autoHideMenuBar": false,
    "defaultSigninTeam": null,
    "isTitleBarHidden": false,
    "isUsingBrowserSignin": true,
    "hasRunApp": true,
    "hasRunFromTray": true,
    "reportIssueOnStartup": false,
    "isSignedIntoSlackOrg": false,
    "isGpuCompositionAvailable": true,
    "runFromTray": true,
    "launchOnStartup": false,
    "spellcheckerLanguage": null,
    "zoomLevel": 0,
    "workspaceIdleTimeout": 43200000,
    "whitelistedUrlSchemes": [
      "http:",
      "https:",
      "mailto:",
      "skype:",
      "spotify:",
      "live:",
      "callto:",
      "tel:",
      "im:",
      "sip:",
      "sips:",
      "slack:"
    ],
    "isTitleBarForcedByUser": false,
    "useHwAcceleration": true,
    "isOpenExternalShellForced": true,
    "PrefSSBFileDownloadPath": "/home/peter/Downloads",
    "notificationMethod": null,
    "notificationPlayback": null,
    "notificationFailover": 0,
    "notificationFailoverEnabled": true,
    "notificationClickThrough": false,
    "notificationClickThroughMain": true,
    "notificationTimeout": 6000,
    "notificationAfterHoverTimeout": 2000,
    "notificationMaxItems": 3,
    "notificationZoomLevel": null,
    "notificationStyle": null,
    "notificationPresentationCheck": null,
    "notifyPosition": {
      "corner": "bottom_right",
      "display": "same_as_app"
    },
    "locale": "en-US",
    "spellCheckerVersion": "V2",
    "os": false,
    "release": false,
    "desktopEnvironment": false,
    "isAeroGlassEnabled": false,
    "linux": {
      "os": "Ubuntu 18.04 LTS",
      "release": "bionic",
      "desktopEnvironment": "Unity"
    },
    "userTheme": "light",
    "systemThemeSyncEnabled": false
  },
  "windowFrame": {
    "windowSettings": {
      "size": [
        965,
        711
      ],
      "position": [
        69,
        27
      ],
      "isMaximized": false
    },
    "isFullScreen": false
  }
}
[10/09/19, 10:53:43:964] info: initializeMainWindowEpic: Waiting for selected team to load
{
  "selectedTeamId": "T077KKCG6"
}
[10/09/19, 10:53:43:965] info: Store: UPDATE_SETTINGS
{
  "isSignedIntoSlackOrg": false
}
[10/09/19, 10:53:43:968] info: UpdaterEpics: Updates disabled because
{
  "reasons": [
    "using Linux"
  ]
}
[10/09/19, 10:53:44:029] info: Read UUID from file successful
{
  "uuid": "0354bf9a-e196-5730-b520-4d44c18831b1"
}
[10/09/19, 10:53:48:165] info: Store: INITIALIZE_SETTINGS
{
  "releaseChannel": "prod",
  "platformVersion": {
    "major": 4,
    "minor": 15,
    "build": 0
  },
  "isTitleBarHidden": false,
  "isDevMode": false,
  "appVersion": "3.3.8",
  "versionName": "Alaska",
  "devEnv": null,
  "resourcePath": "/usr/lib/slack/resources/app.asar",
  "webappSrcPath": null,
  "webappParams": null,
  "launchOnStartup": false,
  "openDevToolsOnStart": false,
  "logFile": null,
  "pretendNotReallyWindows10": false,
  "isAeroGlassEnabled": false,
  "isGpuCompositionAvailable": true,
  "linux": {
    "os": "Ubuntu 18.04 LTS",
    "release": "bionic",
    "desktopEnvironment": "Unity"
  }
}
[10/09/19, 10:53:48:167] info: AutoLoginEpic: Checking for autologin.
[10/09/19, 10:53:48:178] info: WebContentsMediator: Attaching to new webContents
[10/09/19, 10:53:48:180] info: Store: ADD_WINDOW
{
  "id": 2,
  "type": "main"
}
[10/09/19, 10:53:48:183] info: BrowserViewManager: Starting initialization
[10/09/19, 10:53:48:183] info: BrowserViewManager: Activating BrowserView
{
  "teamId": "T077KKCG6"
}
[10/09/19, 10:53:48:183] info: BrowserViewManager: Creating BrowserView
{
  "teamId": "T077KKCG6"
}
[10/09/19, 10:53:48:186] info: WebContentsMediator: Attaching to new webContents
[10/09/19, 10:53:48:187] info: Store: UPSERT_WEB_CONTENTS
{
  "id": 3,
  "teamId": "T077KKCG6",
  "state": "unloaded"
}
[10/09/19, 10:53:48:193] info: Background Clients Update: 
+-----------+-------+------------+
|           | Full  | Background |
|-----------+-------+------------+
| T077KKCG6 | start |            |
+-----------+-------+------------+
[10/09/19, 10:53:48:207] info: PersistSettingsWindowBehavior: Loading windowMetrics
{
  "settings": {
    "size": [
      965,
      711
    ],
    "position": [
      69,
      27
    ],
    "isMaximized": false
  }
}
[10/09/19, 10:53:48:738] info: Application: Setting main window ID
{
  "id": 2
}
[10/09/19, 10:53:48:739] info: App: Welcome to Slack 3.3.8 x64
[10/09/19, 10:53:48:739] info: App load time: 11,856337796
[10/09/19, 10:53:51:513] info: Team boot count
{
  "count": 1
}
[10/09/19, 10:53:51:776] info: Store: BACKGROUND_CLIENTS_INITIALIZED
[10/09/19, 10:53:51:785] info: Store: BACKGROUND_CLIENTS_INITIALIZED true
[10/09/19, 10:53:51:788] info: BrowserViewManager: Activating BrowserView
{
  "teamId": "T077KKCG6"
}
[10/09/19, 10:53:52:207] info: Store: SET_NETWORK_STATUS online
[10/09/19, 10:55:11:137] info: Store: UPDATE_SETTINGS
{
  "userTheme": "light"
}
[10/09/19, 10:55:11:145] info: Store: UPDATE_SETTINGS
{
  "systemThemeSyncEnabled": false
}
[10/09/19, 10:55:28:256] info: WebContents LifeCycle: webContents:3 from 'unloaded' to 'loaded' took 100060 ms
[10/09/19, 10:55:28:256] info: Store: UPSERT_WEB_CONTENTS
{
  "id": 3,
  "state": "loaded",
  "teamId": "T077KKCG6"
}
[10/09/19, 10:55:28:260] info: Background Clients Update: 
+-----------+---------+------------+
|           | Full    | Background |
|-----------+---------+------------+
| T077KKCG6 | loading |            |
+-----------+---------+------------+
[10/09/19, 10:55:28:262] info: initializeMainWindowEpic: Showing main window
{
  "shouldMinimize": false,
  "shouldMaximize": false,
  "shouldHide": false
}
[10/09/19, 10:55:28:282] info: Store: MAIN_WINDOW_SHOWN
[10/09/19, 10:55:28:646] info: Store: SET_FULL_SCREEN
[10/09/19, 10:55:28:647] info: Store: SET_FULL_SCREEN
[10/09/19, 10:55:29:275] info: Store: SET_FULL_SCREEN
[10/09/19, 10:55:29:280] info: Store: UPDATE_SESSION_STATUS
{
  "hasValidSession": true,
  "teamId": "T077KKCG6"
}
[10/09/19, 10:55:29:642] info: Store: SAVE_WINDOW_SETTINGS
{
  "size": [
    965,
    711
  ],
  "position": [
    69,
    57
  ],
  "isMaximized": false
}
[10/09/19, 10:55:29:911] info: Store: UPDATE_TEAM_ICONS
{
  "icons": {
    "image_102": "https://avatars.slack-edge.com/2016-06-08/49221502963_e752abd663f106913c95_102.png",
    "image_132": "https://avatars.slack-edge.com/2016-06-08/49221502963_e752abd663f106913c95_132.png",
    "image_230": "https://avatars.slack-edge.com/2016-06-08/49221502963_e752abd663f106913c95_230.png",
    "image_34": "https://avatars.slack-edge.com/2016-06-08/49221502963_e752abd663f106913c95_34.png",
    "image_44": "https://avatars.slack-edge.com/2016-06-08/49221502963_e752abd663f106913c95_44.png",
    "image_68": "https://avatars.slack-edge.com/2016-06-08/49221502963_e752abd663f106913c95_68.png",
    "image_88": "https://avatars.slack-edge.com/2016-06-08/49221502963_e752abd663f106913c95_88.png",
    "image_original": "https://avatars.slack-edge.com/2016-06-08/49221502963_e752abd663f106913c95_original.png"
  },
  "teamId": "T077KKCG6"
}
[10/09/19, 10:55:30:441] info: Store: SELECT_CHANNEL C077KNK28
[10/09/19, 10:55:30:449] info: Store: UPDATE_TEAM_LOCALE
{
  "locale": "en-US",
  "teamId": "T077KKCG6"
}
[10/09/19, 10:55:30:681] info: Store: UPDATE_SETTINGS
{
  "locale": "en-US"
}
[10/09/19, 10:55:30:784] info: Store: UPDATE_TEAM_THEME
{
  "teamId": "T077KKCG6",
  "theme": {
    "active_item": "#1264A3",
    "active_item_text": "#FFFFFF",
    "active_presence": "#2BAC76",
    "badge": "#CD2553",
    "column_bg": "#3F0E40",
    "hover_item": "#350D36",
    "menu_bg": "#350d36",
    "text_color": "#FFFFFF"
  }
}
[10/09/19, 10:55:31:885] info: WebContents LifeCycle: webContents:3 from 'loaded' to 'webapp-loaded' took 3629 ms
[10/09/19, 10:55:31:885] info: Store: UPSERT_WEB_CONTENTS
{
  "id": 3,
  "state": "webapp-loaded",
  "teamId": "T077KKCG6"
}
[10/09/19, 10:55:31:887] info: Background Clients Update: 
+-----------+-------+------------+
|           | Full  | Background |
|-----------+-------+------------+
| T077KKCG6 | ready |            |
+-----------+-------+------------+
[10/09/19, 10:55:32:407] info: Store: STORE_ENTERPRISE_ID_PAIR
{
  "teamId": "T077KKCG6",
  "enterpriseId": null
}
[10/09/19, 10:56:00:893] info: Store: SELECT_CHANNEL GN47Z099B
[10/09/19, 10:59:46:812] info: Store: SET_FULL_SCREEN
[10/09/19, 12:11:53:868] info: BrowserViewManager: Activating BrowserView
{
  "teamId": "T077KKCG6"
}
[10/09/19, 12:11:54:332] info: Store: SET_FULL_SCREEN
[10/09/19, 12:11:55:193] info: Store: SAVE_WINDOW_SETTINGS
{
  "size": [
    965,
    711
  ],
  "position": [
    69,
    57
  ],
  "isMaximized": false
}
[10/09/19, 12:11:55:882] info: Store: SET_FULL_SCREEN
[10/09/19, 14:49:46:791] info: BrowserViewManager: Activating BrowserView
{
  "teamId": "T077KKCG6"
}
[10/09/19, 14:49:47:543] info: Store: SET_FULL_SCREEN
[10/09/19, 14:49:48:962] info: Store: SAVE_WINDOW_SETTINGS
{
  "size": [
    965,
    711
  ],
  "position": [
    69,
    57
  ],
  "isMaximized": false
}
[10/09/19, 14:49:49:538] info: Store: SET_FULL_SCREEN
[10/09/19, 14:50:02:309] info: Store: SET_FULL_SCREEN
[10/09/19, 14:50:02:463] info: Store: SET_FULL_SCREEN
[10/09/19, 14:50:47:215] info: Store: SET_FULL_SCREEN
[10/09/19, 14:50:50:179] info: Store: SET_FULL_SCREEN
[10/09/19, 16:49:05:025] info: Store: SET_SUSPEND_STATUS
[10/09/19, 16:49:07:070] info: Store: SET_NETWORK_STATUS offline
[10/09/19, 17:15:32:631] info: Store: SET_SUSPEND_STATUS true
[10/09/19, 17:15:46:911] info: Store: SET_NETWORK_STATUS online
[10/09/19, 17:15:57:953] info: Store: UPDATE_TEAM_ICONS
{
  "icons": {
    "image_102": "https://avatars.slack-edge.com/2016-06-08/49221502963_e752abd663f106913c95_102.png",
    "image_132": "https://avatars.slack-edge.com/2016-06-08/49221502963_e752abd663f106913c95_132.png",
    "image_230": "https://avatars.slack-edge.com/2016-06-08/49221502963_e752abd663f106913c95_230.png",
    "image_34": "https://avatars.slack-edge.com/2016-06-08/49221502963_e752abd663f106913c95_34.png",
    "image_44": "https://avatars.slack-edge.com/2016-06-08/49221502963_e752abd663f106913c95_44.png",
    "image_68": "https://avatars.slack-edge.com/2016-06-08/49221502963_e752abd663f106913c95_68.png",
    "image_88": "https://avatars.slack-edge.com/2016-06-08/49221502963_e752abd663f106913c95_88.png",
    "image_original": "https://avatars.slack-edge.com/2016-06-08/49221502963_e752abd663f106913c95_original.png"
  },
  "teamId": "T077KKCG6"
}
[10/09/19, 17:15:58:374] info: Store: UPDATE_TEAM_LOCALE
{
  "locale": "en-US",
  "teamId": "T077KKCG6"
}
[10/09/19, 17:16:24:651] info: BrowserViewManager: Activating BrowserView
{
  "teamId": "T077KKCG6"
}
[10/09/19, 17:16:24:826] info: Store: SET_FULL_SCREEN
[10/09/19, 17:16:25:796] info: Store: SAVE_WINDOW_SETTINGS
{
  "size": [
    965,
    711
  ],
  "position": [
    69,
    57
  ],
  "isMaximized": false
}
[10/09/19, 17:16:45:182] info: Store: SET_FULL_SCREEN
[10/09/19, 17:59:51:033] info: Store: SET_FULL_SCREEN
[10/09/19, 18:00:18:808] info: Store: SET_FULL_SCREEN
[10/09/19, 18:03:03:195] info: BrowserViewManager: Activating BrowserView
{
  "teamId": "T077KKCG6"
}
[10/09/19, 18:03:03:257] info: Store: SET_FULL_SCREEN
[10/09/19, 18:03:04:247] info: Store: SAVE_WINDOW_SETTINGS
{
  "size": [
    965,
    711
  ],
  "position": [
    69,
    57
  ],
  "isMaximized": false
}
[10/09/19, 18:03:11:177] info: Store: SET_FULL_SCREEN
[10/09/19, 18:11:36:780] info: Store: SET_SUSPEND_STATUS
[10/09/19, 18:11:38:900] info: Store: SET_NETWORK_STATUS offline
[10/10/19, 18:28:34:613] info: Store: SET_SUSPEND_STATUS true
[10/10/19, 18:28:49:758] info: Store: SET_NETWORK_STATUS online
[10/10/19, 18:28:49:807] info: Store: UPDATE_TEAM_ICONS
{
  "icons": {
    "image_102": "https://avatars.slack-edge.com/2016-06-08/49221502963_e752abd663f106913c95_102.png",
    "image_132": "https://avatars.slack-edge.com/2016-06-08/49221502963_e752abd663f106913c95_132.png",
    "image_230": "https://avatars.slack-edge.com/2016-06-08/49221502963_e752abd663f106913c95_230.png",
    "image_34": "https://avatars.slack-edge.com/2016-06-08/49221502963_e752abd663f106913c95_34.png",
    "image_44": "https://avatars.slack-edge.com/2016-06-08/49221502963_e752abd663f106913c95_44.png",
    "image_68": "https://avatars.slack-edge.com/2016-06-08/49221502963_e752abd663f106913c95_68.png",
    "image_88": "https://avatars.slack-edge.com/2016-06-08/49221502963_e752abd663f106913c95_88.png",
    "image_original": "https://avatars.slack-edge.com/2016-06-08/49221502963_e752abd663f106913c95_original.png"
  },
  "teamId": "T077KKCG6"
}
[10/10/19, 18:28:51:785] info: Store: UPDATE_TEAM_LOCALE
{
  "locale": "en-US",
  "teamId": "T077KKCG6"
}
[10/10/19, 21:21:54:178] info: Store: SET_SUSPEND_STATUS
[10/10/19, 21:21:58:755] info: Store: SET_NETWORK_STATUS offline
[10/11/19, 07:56:54:623] info: Store: SET_SUSPEND_STATUS true
[10/11/19, 07:57:03:672] info: Store: SET_NETWORK_STATUS online
[10/11/19, 07:57:06:941] info: Store: UPDATE_TEAM_ICONS
{
  "icons": {
    "image_102": "https://avatars.slack-edge.com/2016-06-08/49221502963_e752abd663f106913c95_102.png",
    "image_132": "https://avatars.slack-edge.com/2016-06-08/49221502963_e752abd663f106913c95_132.png",
    "image_230": "https://avatars.slack-edge.com/2016-06-08/49221502963_e752abd663f106913c95_230.png",
    "image_34": "https://avatars.slack-edge.com/2016-06-08/49221502963_e752abd663f106913c95_34.png",
    "image_44": "https://avatars.slack-edge.com/2016-06-08/49221502963_e752abd663f106913c95_44.png",
    "image_68": "https://avatars.slack-edge.com/2016-06-08/49221502963_e752abd663f106913c95_68.png",
    "image_88": "https://avatars.slack-edge.com/2016-06-08/49221502963_e752abd663f106913c95_88.png",
    "image_original": "https://avatars.slack-edge.com/2016-06-08/49221502963_e752abd663f106913c95_original.png"
  },
  "teamId": "T077KKCG6"
}
[10/11/19, 07:57:08:339] info: Store: UPDATE_TEAM_LOCALE
{
  "locale": "en-US",
  "teamId": "T077KKCG6"
}
[10/11/19, 07:57:13:641] info: BrowserViewManager: Activating BrowserView
{
  "teamId": "T077KKCG6"
}
[10/11/19, 07:57:14:125] info: Store: SET_FULL_SCREEN
[10/11/19, 07:57:14:933] info: Store: SAVE_WINDOW_SETTINGS
{
  "size": [
    965,
    711
  ],
  "position": [
    69,
    57
  ],
  "isMaximized": false
}
[10/11/19, 07:57:39:413] info: Store: SET_FULL_SCREEN
[10/11/19, 07:59:55:682] info: WebContents LifeCycle: webContents:3 from 'webapp-loaded' to 'page-will-navigate' took 162263798 ms
[10/11/19, 07:59:55:683] info: Store: UPSERT_WEB_CONTENTS
{
  "id": 3,
  "state": "page-will-navigate",
  "teamId": "T077KKCG6"
}
[10/11/19, 07:59:55:686] info: Background Clients Update: 
+-----------+----------+------------+
|           | Full     | Background |
|-----------+----------+------------+
| T077KKCG6 | navigate |            |
+-----------+----------+------------+
[10/11/19, 07:59:56:909] info: Store: UPDATE_SESSION_STATUS
{
  "hasValidSession": true,
  "teamId": "T077KKCG6"
}
[10/11/19, 07:59:57:355] info: Team boot count
{
  "count": 2
}
[10/11/19, 08:00:10:952] info: Store: UPDATE_SETTINGS
{
  "userTheme": "light"
}
[10/11/19, 08:00:11:012] info: Store: UPDATE_SETTINGS
{
  "systemThemeSyncEnabled": false
}
[10/11/19, 08:00:12:539] info: WebContents LifeCycle: webContents:3 from 'page-will-navigate' to 'loaded' took 16857 ms
[10/11/19, 08:00:12:539] info: Store: UPSERT_WEB_CONTENTS
{
  "id": 3,
  "state": "loaded",
  "teamId": "T077KKCG6"
}
[10/11/19, 08:00:12:545] info: Background Clients Update: 
+-----------+---------+------------+
|           | Full    | Background |
|-----------+---------+------------+
| T077KKCG6 | loading |            |
+-----------+---------+------------+
[10/11/19, 08:00:12:909] info: Store: UPDATE_SESSION_STATUS
{
  "hasValidSession": true,
  "teamId": "T077KKCG6"
}
[10/11/19, 08:00:14:208] info: Store: UPDATE_TEAM_ICONS
{
  "icons": {
    "image_102": "https://avatars.slack-edge.com/2016-06-08/49221502963_e752abd663f106913c95_102.png",
    "image_132": "https://avatars.slack-edge.com/2016-06-08/49221502963_e752abd663f106913c95_132.png",
    "image_230": "https://avatars.slack-edge.com/2016-06-08/49221502963_e752abd663f106913c95_230.png",
    "image_34": "https://avatars.slack-edge.com/2016-06-08/49221502963_e752abd663f106913c95_34.png",
    "image_44": "https://avatars.slack-edge.com/2016-06-08/49221502963_e752abd663f106913c95_44.png",
    "image_68": "https://avatars.slack-edge.com/2016-06-08/49221502963_e752abd663f106913c95_68.png",
    "image_88": "https://avatars.slack-edge.com/2016-06-08/49221502963_e752abd663f106913c95_88.png",
    "image_original": "https://avatars.slack-edge.com/2016-06-08/49221502963_e752abd663f106913c95_original.png"
  },
  "teamId": "T077KKCG6"
}
[10/11/19, 08:00:14:386] info: Store: SELECT_CHANNEL GN47Z099B
[10/11/19, 08:00:14:575] info: Store: UPDATE_TEAM_LOCALE
{
  "locale": "en-US",
  "teamId": "T077KKCG6"
}
[10/11/19, 08:00:14:623] info: Store: UPDATE_TEAM_THEME
{
  "teamId": "T077KKCG6",
  "theme": {
    "active_item": "#1264A3",
    "active_item_text": "#FFFFFF",
    "active_presence": "#2BAC76",
    "badge": "#CD2553",
    "column_bg": "#3F0E40",
    "hover_item": "#350D36",
    "menu_bg": "#350d36",
    "text_color": "#FFFFFF"
  }
}
[10/11/19, 08:00:15:047] info: WebContents LifeCycle: webContents:3 from 'loaded' to 'webapp-loaded' took 2508 ms
[10/11/19, 08:00:15:048] info: Store: UPSERT_WEB_CONTENTS
{
  "id": 3,
  "state": "webapp-loaded",
  "teamId": "T077KKCG6"
}
[10/11/19, 08:00:15:052] info: Background Clients Update: 
+-----------+-------+------------+
|           | Full  | Background |
|-----------+-------+------------+
| T077KKCG6 | ready |            |
+-----------+-------+------------+
[10/11/19, 08:00:15:069] info: Store: STORE_ENTERPRISE_ID_PAIR
{
  "teamId": "T077KKCG6",
  "enterpriseId": null
}
