[09/13/19, 09:47:12:031] info: ╔═════════════════════════════════════════════════════════════════════════════════╗
[09/13/19, 09:47:12:033] info: ║      Slack 3.3.8, linux 4.15.0-20-generic on x64 at 09/13/19, 09:47:12:026      ║
[09/13/19, 09:47:12:033] info: ╚═════════════════════════════════════════════════════════════════════════════════╝
[09/13/19, 09:47:12:486] info: Initializing local storage instance at path: /home/peter/.config/Slack/local-settings.json
[09/13/19, 09:47:13:287] info: Read UUID from file successful
{
  "uuid": "0354bf9a-e196-5730-b520-4d44c18831b1"
}
[09/13/19, 09:47:16:604] info: cld3::loadModule: loading cld3 module
[09/13/19, 09:47:16:641] info: cld3Loader::loadModule: running environment is NODE
[09/13/19, 09:47:16:641] info: cld3Loader::loadModule: constructed module object for runtime
[09/13/19, 09:47:16:711] info: SpellChecker:: updateSpellcheckerLanguage: Skip to set new language null, v2 spellchecker is not available
[09/13/19, 09:47:16:736] info: Main window preload script finished
{
  "readyTime": 8395.090045
}
[09/13/19, 09:47:20:098] info: cld3Loader::loadModule: initialized wasm binary Runtime
[09/13/19, 09:47:20:151] error: SpellChecker::initializeLanguageDetection: failed to create language detector, will not try to auto detect input
{
  "error": {
    "message": "asmModule.NNetLanguageIdentifier is not a constructor",
    "stack": "TypeError: asmModule.NNetLanguageIdentifier is not a constructor\n    at Object.create (/usr/lib/slack/resources/app.asar/node_modules/cld3-asm/dist/src/cldLoader.js:30:26)\n    at MapSubscriber.Observable_1.Observable.from.map [as project] (/usr/lib/slack/resources/app.asar/src/ssb/language-identifier.ts:86:39)\n    at MapSubscriber._next (/usr/lib/slack/resources/app.asar/node_modules/rxjs/operator/map.js:77:35)\n    at MapSubscriber.Subscriber.next (/usr/lib/slack/resources/app.asar/node_modules/rxjs/Subscriber.js:89:18)\n    at /usr/lib/slack/resources/app.asar/node_modules/rxjs/observable/PromiseObservable.js:66:36"
  }
}
[09/13/19, 09:47:20:606] info: cld3Loader::initializeRuntime: successfully initialized module
[09/13/19, 09:47:25:400] info: Store: UPDATE_SETTINGS
{
  "userTheme": "light"
}
[09/13/19, 09:47:25:403] info: Store: UPDATE_SETTINGS
{
  "systemThemeSyncEnabled": false
}
[09/13/19, 09:47:26:347] info: Store: UPSERT_WEB_CONTENTS
{
  "id": 5,
  "state": "loaded",
  "teamId": "T077KKCG6"
}
[09/13/19, 09:47:26:472] info: Store: SET_FULL_SCREEN
[09/13/19, 09:47:26:980] info: Store: UPDATE_SESSION_STATUS
{
  "hasValidSession": true,
  "teamId": "T077KKCG6"
}
[09/13/19, 09:47:28:085] info: Store: UPDATE_TEAM_ICONS
{
  "icons": {
    "image_102": "https://avatars.slack-edge.com/2016-06-08/49221502963_e752abd663f106913c95_102.png",
    "image_132": "https://avatars.slack-edge.com/2016-06-08/49221502963_e752abd663f106913c95_132.png",
    "image_230": "https://avatars.slack-edge.com/2016-06-08/49221502963_e752abd663f106913c95_230.png",
    "image_34": "https://avatars.slack-edge.com/2016-06-08/49221502963_e752abd663f106913c95_34.png",
    "image_44": "https://avatars.slack-edge.com/2016-06-08/49221502963_e752abd663f106913c95_44.png",
    "image_68": "https://avatars.slack-edge.com/2016-06-08/49221502963_e752abd663f106913c95_68.png",
    "image_88": "https://avatars.slack-edge.com/2016-06-08/49221502963_e752abd663f106913c95_88.png",
    "image_original": "https://avatars.slack-edge.com/2016-06-08/49221502963_e752abd663f106913c95_original.png"
  },
  "teamId": "T077KKCG6"
}
[09/13/19, 09:47:28:368] error: Sep-13 09:47:28.367 can't ingest custom emoji ::carlton:: because it's invalid
[09/13/19, 09:47:28:685] info: Skipping request to provide hint content for channel for spellchecker
{
  "version": "V2"
}
[09/13/19, 09:47:32:328] info: Store: SELECT_CHANNEL C077KNK28
[09/13/19, 09:47:32:329] info: Store: UPDATE_TEAM_LOCALE
{
  "locale": "en-US",
  "teamId": "T077KKCG6"
}
[09/13/19, 09:47:32:329] info: Store: UPDATE_SETTINGS
{
  "locale": "en-US"
}
[09/13/19, 09:47:32:330] info: Store: UPDATE_TEAM_THEME
{
  "teamId": "T077KKCG6",
  "theme": {
    "active_item": "#1264A3",
    "active_item_text": "#FFFFFF",
    "active_presence": "#2BAC76",
    "badge": "#CD2553",
    "column_bg": "#3F0E40",
    "hover_item": "#350D36",
    "menu_bg": "#350d36",
    "text_color": "#FFFFFF"
  }
}
[09/13/19, 09:47:32:359] info: Store: UPSERT_WEB_CONTENTS
{
  "id": 5,
  "state": "webapp-loaded",
  "teamId": "T077KKCG6"
}
[09/13/19, 09:47:32:482] info: Store: STORE_ENTERPRISE_ID_PAIR
{
  "enterpriseId": null,
  "teamId": "T077KKCG6"
}
[09/13/19, 09:47:32:486] info: Store: STORE_API_TOKEN
{
  "teamId": "T077KKCG6",
  "token": "xoxs-⋯"
}
[09/13/19, 09:47:32:916] error: Sep-13 09:47:32.915 hmmm, file FMS1SAMJ6 does not have a known user undefined
[09/13/19, 09:48:04:105] info: Store: SET_FULL_SCREEN
[09/13/19, 09:48:04:363] info: postLoadTaskSetup: Setup spellchecker
{
  "version": "V2"
}
[09/13/19, 09:48:04:819] info: loadAsmModule: loading hunspell-asm module
[09/13/19, 09:48:07:162] info: loadAsmModule: asm module loaded successfully
[09/13/19, 09:48:07:163] info: SpellChecker: Starting spellchecker with language detector
[09/13/19, 09:48:07:163] info: SpellChecker::enableSpellCheckerLanguageDetector: enable spellchecker language detector
[09/13/19, 09:48:07:163] info: SpellChecker::startWithDictionary: Starting language detector with English by default
[09/13/19, 09:48:07:178] info: SpellChecker::spellgetLanguageRegionCode: found region supported language
{
  "code": "en"
}
[09/13/19, 09:48:07:196] info: SpellChecker::getLanguageRegionCode: return language code with region
{
  "code": "en-us"
}
[09/13/19, 09:48:07:196] info: download: downloading dictionary for 'en-us'
[09/13/19, 09:48:07:197] info: fetchResourceAsBuffer: downloading
{
  "filePath": "https://spellcheck.slack-edge.com/dictionaries/en-us/1/en-us.aff",
  "cachePolicy": "default"
}
[09/13/19, 09:48:07:593] info: fetchResourceAsBuffer: downloading
{
  "filePath": "https://spellcheck.slack-edge.com/dictionaries/en-us/1/en-us.dic",
  "cachePolicy": "default"
}
[09/13/19, 09:48:08:757] info: dictionaryDownloader: verifying hash
[09/13/19, 09:48:08:812] info: SpellChecker::downloadDictionary: Dictionary is ready for 
{
  "language": "en"
}
[09/13/19, 09:48:08:878] info: assignSpellchecker: spellCheckerTable added new checker for 'en'
[09/13/19, 09:48:08:879] info: SpellChecker::prepareDictionary: Dictionary buffer for 'en' is loaded into spellchecker
[09/13/19, 09:48:08:879] info: switchDictionary: switching dictionary to check spell from 'null' to 'en'
[09/13/19, 09:48:08:919] info: SpellChecker::switchDictionary: SpellChecker enabled for language
{
  "language": "en"
}
[09/13/19, 09:48:15:228] info: Store: SET_FULL_SCREEN
[09/13/19, 09:48:16:010] info: Store: SAVE_WINDOW_SETTINGS
{
  "isMaximized": false,
  "position": [
    205,
    57
  ],
  "size": [
    1024,
    711
  ]
}
[09/13/19, 09:48:51:544] info: Store: SET_FULL_SCREEN
[09/13/19, 09:49:57:286] info: Store: SET_FULL_SCREEN
[09/13/19, 09:49:58:214] info: Store: SAVE_WINDOW_SETTINGS
{
  "isMaximized": false,
  "position": [
    205,
    57
  ],
  "size": [
    1024,
    711
  ]
}
[09/13/19, 09:50:00:301] info: Skipping request to provide hint content for channel for spellchecker
{
  "version": "V2"
}
[09/13/19, 09:50:00:466] info: Store: SELECT_CHANNEL GN47Z099B
[09/13/19, 09:50:25:978] info: Store: SET_FULL_SCREEN
[09/13/19, 10:29:52:069] info: Store: SET_SUSPEND_STATUS
[09/13/19, 10:29:54:981] info: Store: SET_NETWORK_STATUS offline
[09/13/19, 10:43:22:055] info: Store: SET_SUSPEND_STATUS true
[09/13/19, 10:43:43:277] info: Store: SET_NETWORK_STATUS online
[09/13/19, 10:43:45:309] error: Sep-13 10:43:45.309 can't ingest custom emoji ::carlton:: because it's invalid
[09/13/19, 10:43:47:842] info: Store: UPDATE_TEAM_ICONS
{
  "icons": {
    "image_102": "https://avatars.slack-edge.com/2016-06-08/49221502963_e752abd663f106913c95_102.png",
    "image_132": "https://avatars.slack-edge.com/2016-06-08/49221502963_e752abd663f106913c95_132.png",
    "image_230": "https://avatars.slack-edge.com/2016-06-08/49221502963_e752abd663f106913c95_230.png",
    "image_34": "https://avatars.slack-edge.com/2016-06-08/49221502963_e752abd663f106913c95_34.png",
    "image_44": "https://avatars.slack-edge.com/2016-06-08/49221502963_e752abd663f106913c95_44.png",
    "image_68": "https://avatars.slack-edge.com/2016-06-08/49221502963_e752abd663f106913c95_68.png",
    "image_88": "https://avatars.slack-edge.com/2016-06-08/49221502963_e752abd663f106913c95_88.png",
    "image_original": "https://avatars.slack-edge.com/2016-06-08/49221502963_e752abd663f106913c95_original.png"
  },
  "teamId": "T077KKCG6"
}
[09/13/19, 10:43:49:442] info: Store: UPDATE_TEAM_LOCALE
{
  "locale": "en-US",
  "teamId": "T077KKCG6"
}
[09/15/19, 15:49:29:738] info: ╔═════════════════════════════════════════════════════════════════════════════════╗
[09/15/19, 15:49:29:740] info: ║      Slack 3.3.8, linux 4.15.0-20-generic on x64 at 09/15/19, 15:49:29:735      ║
[09/15/19, 15:49:29:740] info: ╚═════════════════════════════════════════════════════════════════════════════════╝
[09/15/19, 15:49:32:366] info: Initializing local storage instance at path: /home/peter/.config/Slack/local-settings.json
[09/15/19, 15:49:34:096] info: Read UUID from file successful
{
  "uuid": "0354bf9a-e196-5730-b520-4d44c18831b1"
}
[09/15/19, 15:50:17:579] info: cld3::loadModule: loading cld3 module
[09/15/19, 15:50:17:719] info: cld3Loader::loadModule: running environment is NODE
[09/15/19, 15:50:17:719] info: cld3Loader::loadModule: constructed module object for runtime
[09/15/19, 15:50:18:507] info: SpellChecker:: updateSpellcheckerLanguage: Skip to set new language null, v2 spellchecker is not available
[09/15/19, 15:50:18:859] info: Main window preload script finished
{
  "readyTime": 51702.094536
}
[09/15/19, 15:50:44:718] info: cld3Loader::loadModule: initialized wasm binary Runtime
[09/15/19, 15:50:45:666] error: SpellChecker::initializeLanguageDetection: failed to create language detector, will not try to auto detect input
{
  "error": {
    "message": "asmModule.NNetLanguageIdentifier is not a constructor",
    "stack": "TypeError: asmModule.NNetLanguageIdentifier is not a constructor\n    at Object.create (/usr/lib/slack/resources/app.asar/node_modules/cld3-asm/dist/src/cldLoader.js:30:26)\n    at MapSubscriber.Observable_1.Observable.from.map [as project] (/usr/lib/slack/resources/app.asar/src/ssb/language-identifier.ts:86:39)\n    at MapSubscriber._next (/usr/lib/slack/resources/app.asar/node_modules/rxjs/operator/map.js:77:35)\n    at MapSubscriber.Subscriber.next (/usr/lib/slack/resources/app.asar/node_modules/rxjs/Subscriber.js:89:18)\n    at /usr/lib/slack/resources/app.asar/node_modules/rxjs/observable/PromiseObservable.js:66:36"
  }
}
[09/15/19, 15:51:22:109] warn: Pulling Enterprise Storage failed
{
  "error": {
    "message": "Couldn't complete 'getItem' in time",
    "stack": "Error: Couldn't complete 'getItem' in time\n    at Object.remoteProcessMethod (/usr/lib/slack/resources/app.asar/src/utils/remote-process-method.ts:189:166)\n    at Object.getItem (/usr/lib/slack/resources/app.asar/src/ssb/device-storage.ts:8:47)\n    at EnterpriseStorage.getSharedData (/usr/lib/slack/resources/app.asar/src/ssb/enterprise-storage.ts:131:59)\n    at EnterpriseStorage.pull (/usr/lib/slack/resources/app.asar/src/ssb/enterprise-storage.ts:103:33)\n    at waitForTeamIdInterval (/usr/lib/slack/resources/app.asar/src/ssb/enterprise-storage.ts:44:22)"
  }
}
[09/16/19, 16:37:52:802] info: ╔═════════════════════════════════════════════════════════════════════════════════╗
[09/16/19, 16:37:52:813] info: ║      Slack 3.3.8, linux 4.15.0-20-generic on x64 at 09/16/19, 16:37:52:797      ║
[09/16/19, 16:37:52:813] info: ╚═════════════════════════════════════════════════════════════════════════════════╝
[09/16/19, 16:37:53:078] info: Initializing local storage instance at path: /home/peter/.config/Slack/local-settings.json
[09/16/19, 16:37:53:516] info: Read UUID from file successful
{
  "uuid": "0354bf9a-e196-5730-b520-4d44c18831b1"
}
[09/16/19, 16:37:54:826] info: cld3::loadModule: loading cld3 module
[09/16/19, 16:37:54:866] info: cld3Loader::loadModule: running environment is NODE
[09/16/19, 16:37:54:866] info: cld3Loader::loadModule: constructed module object for runtime
[09/16/19, 16:37:54:921] info: SpellChecker:: updateSpellcheckerLanguage: Skip to set new language null, v2 spellchecker is not available
[09/16/19, 16:37:54:955] info: Main window preload script finished
{
  "readyTime": 2955.690327
}
[09/16/19, 16:37:55:359] info: Store: SET_NETWORK_STATUS online
[09/16/19, 16:37:55:564] info: cld3Loader::initializeRuntime: successfully initialized module
[09/16/19, 16:37:55:564] info: cld3Loader::loadModule: initialized wasm binary Runtime
[09/16/19, 16:38:31:576] info: Store: UPDATE_SETTINGS
{
  "userTheme": "light"
}
[09/16/19, 16:38:31:578] info: Store: UPDATE_SETTINGS
{
  "systemThemeSyncEnabled": false
}
[09/16/19, 16:38:31:749] info: Store: UPSERT_WEB_CONTENTS
{
  "id": 3,
  "state": "loaded",
  "teamId": "T077KKCG6"
}
[09/16/19, 16:38:31:751] info: Store: MAIN_WINDOW_SHOWN
[09/16/19, 16:38:34:289] info: Store: UPDATE_SESSION_STATUS
{
  "hasValidSession": true,
  "teamId": "T077KKCG6"
}
[09/16/19, 16:38:35:636] info: Store: UPDATE_TEAM_ICONS
{
  "icons": {
    "image_102": "https://avatars.slack-edge.com/2016-06-08/49221502963_e752abd663f106913c95_102.png",
    "image_132": "https://avatars.slack-edge.com/2016-06-08/49221502963_e752abd663f106913c95_132.png",
    "image_230": "https://avatars.slack-edge.com/2016-06-08/49221502963_e752abd663f106913c95_230.png",
    "image_34": "https://avatars.slack-edge.com/2016-06-08/49221502963_e752abd663f106913c95_34.png",
    "image_44": "https://avatars.slack-edge.com/2016-06-08/49221502963_e752abd663f106913c95_44.png",
    "image_68": "https://avatars.slack-edge.com/2016-06-08/49221502963_e752abd663f106913c95_68.png",
    "image_88": "https://avatars.slack-edge.com/2016-06-08/49221502963_e752abd663f106913c95_88.png",
    "image_original": "https://avatars.slack-edge.com/2016-06-08/49221502963_e752abd663f106913c95_original.png"
  },
  "teamId": "T077KKCG6"
}
[09/16/19, 16:38:35:909] info: Skipping request to provide hint content for channel for spellchecker
{
  "version": "V2"
}
[09/16/19, 16:38:38:822] info: Store: SELECT_CHANNEL GN47Z099B
[09/16/19, 16:38:39:140] info: Store: UPDATE_TEAM_LOCALE
{
  "locale": "en-US",
  "teamId": "T077KKCG6"
}
[09/16/19, 16:38:39:520] info: Store: UPDATE_SETTINGS
{
  "locale": "en-US"
}
[09/16/19, 16:38:39:539] info: Store: UPDATE_TEAM_THEME
{
  "teamId": "T077KKCG6",
  "theme": {
    "active_item": "#1264A3",
    "active_item_text": "#FFFFFF",
    "active_presence": "#2BAC76",
    "badge": "#CD2553",
    "column_bg": "#3F0E40",
    "hover_item": "#350D36",
    "menu_bg": "#350d36",
    "text_color": "#FFFFFF"
  }
}
[09/16/19, 16:38:39:539] info: Store: SET_FULL_SCREEN
[09/16/19, 16:38:39:539] info: Store: SET_FULL_SCREEN
[09/16/19, 16:38:39:558] info: Store: SET_FULL_SCREEN
[09/16/19, 16:38:39:559] info: Store: UPSERT_WEB_CONTENTS
{
  "id": 3,
  "state": "webapp-loaded",
  "teamId": "T077KKCG6"
}
[09/16/19, 16:38:39:591] error: Sep-16 16:38:39.589 can't ingest custom emoji ::carlton:: because it's invalid
[09/16/19, 16:38:39:934] info: Store: STORE_ENTERPRISE_ID_PAIR
{
  "enterpriseId": null,
  "teamId": "T077KKCG6"
}
[09/16/19, 16:38:44:117] info: postLoadTaskSetup: Setup spellchecker
{
  "version": "V2"
}
[09/16/19, 16:38:44:385] info: loadAsmModule: loading hunspell-asm module
[09/16/19, 16:38:46:064] info: loadAsmModule: asm module loaded successfully
[09/16/19, 16:38:46:064] info: SpellChecker: Starting spellchecker with language detector
[09/16/19, 16:38:46:064] info: SpellChecker::enableSpellCheckerLanguageDetector: enable spellchecker language detector
[09/16/19, 16:38:46:065] info: SpellChecker::startWithDictionary: Starting language detector with preloaded dict from last used language en
[09/16/19, 16:38:46:105] info: SpellChecker::spellgetLanguageRegionCode: found region supported language
{
  "code": "en"
}
[09/16/19, 16:38:46:253] info: SpellChecker::getLanguageRegionCode: return language code with region
{
  "code": "en-us"
}
[09/16/19, 16:38:46:254] info: download: downloading dictionary for 'en-us'
[09/16/19, 16:38:46:255] info: fetchResourceAsBuffer: downloading
{
  "filePath": "https://spellcheck.slack-edge.com/dictionaries/en-us/1/en-us.aff",
  "cachePolicy": "default"
}
[09/16/19, 16:38:46:617] info: fetchResourceAsBuffer: downloading
{
  "filePath": "https://spellcheck.slack-edge.com/dictionaries/en-us/1/en-us.dic",
  "cachePolicy": "default"
}
[09/16/19, 16:38:46:972] info: dictionaryDownloader: verifying hash
[09/16/19, 16:38:47:013] info: SpellChecker::downloadDictionary: Dictionary is ready for 
{
  "language": "en"
}
[09/16/19, 16:38:47:089] info: assignSpellchecker: spellCheckerTable added new checker for 'en'
[09/16/19, 16:38:47:091] info: SpellChecker::prepareDictionary: Dictionary buffer for 'en' is loaded into spellchecker
[09/16/19, 16:38:47:092] info: switchDictionary: switching dictionary to check spell from 'null' to 'en'
[09/16/19, 16:38:47:274] info: SpellChecker::switchDictionary: SpellChecker enabled for language
{
  "language": "en"
}
[09/16/19, 16:40:41:767] info: Skipping request to provide hint content for channel for spellchecker
{
  "version": "V2"
}
[09/16/19, 16:40:42:011] info: Store: SELECT_CHANNEL DNFNQV8J2
[09/16/19, 16:43:24:181] info: Skipping request to provide hint content for channel for spellchecker
{
  "version": "V2"
}
[09/16/19, 16:43:24:337] info: Store: SELECT_CHANNEL DN48081RB
[09/16/19, 16:43:28:371] info: Skipping request to provide hint content for channel for spellchecker
{
  "version": "V2"
}
[09/16/19, 16:43:28:535] info: Store: SELECT_CHANNEL GN47Z099B
[09/16/19, 16:43:40:055] info: Store: SET_FULL_SCREEN
[09/16/19, 17:14:23:434] error: Sep-16 17:14:23.434 (T077KKCG6) {"error":"operation timed out"} failed to fetch all members for channel GN47Z099B Flannel error
[09/16/19, 17:42:17:140] info: Store: SELECT_TEAM T077KKCG6
[09/16/19, 17:42:17:157] info: Store: FOREGROUND_APP
[09/16/19, 17:42:18:599] info: Store: SET_FULL_SCREEN
[09/16/19, 17:42:19:362] info: Store: SAVE_WINDOW_SETTINGS
{
  "isMaximized": false,
  "position": [
    205,
    57
  ],
  "size": [
    1024,
    711
  ]
}
[09/16/19, 17:42:21:391] info: Skipping request to provide hint content for channel for spellchecker
{
  "version": "V2"
}
[09/16/19, 17:42:21:948] info: Store: SELECT_CHANNEL DNFNQV8J2
[09/16/19, 17:42:46:040] info: Skipping request to provide hint content for channel for spellchecker
{
  "version": "V2"
}
[09/16/19, 17:42:46:311] info: Store: SELECT_CHANNEL GN47Z099B
[09/16/19, 17:43:44:202] info: Skipping request to provide hint content for channel for spellchecker
{
  "version": "V2"
}
[09/16/19, 17:43:44:337] info: Store: SELECT_CHANNEL DN48081RB
[09/16/19, 17:43:56:884] info: Skipping request to provide hint content for channel for spellchecker
{
  "version": "V2"
}
[09/16/19, 17:43:57:075] info: Store: SELECT_CHANNEL GN47Z099B
[09/16/19, 17:44:08:055] info: Store: SET_FULL_SCREEN
[09/16/19, 17:47:30:860] info: Store: SET_SUSPEND_STATUS
[09/16/19, 17:47:36:838] info: Store: SET_NETWORK_STATUS offline
[09/17/19, 07:36:01:709] info: Store: SET_SUSPEND_STATUS true
[09/17/19, 07:36:11:667] info: Store: SET_NETWORK_STATUS online
[09/17/19, 07:36:19:901] error: Sep-17 07:36:19.901 can't ingest custom emoji ::carlton:: because it's invalid
[09/17/19, 07:36:26:984] info: Store: UPDATE_TEAM_ICONS
{
  "icons": {
    "image_102": "https://avatars.slack-edge.com/2016-06-08/49221502963_e752abd663f106913c95_102.png",
    "image_132": "https://avatars.slack-edge.com/2016-06-08/49221502963_e752abd663f106913c95_132.png",
    "image_230": "https://avatars.slack-edge.com/2016-06-08/49221502963_e752abd663f106913c95_230.png",
    "image_34": "https://avatars.slack-edge.com/2016-06-08/49221502963_e752abd663f106913c95_34.png",
    "image_44": "https://avatars.slack-edge.com/2016-06-08/49221502963_e752abd663f106913c95_44.png",
    "image_68": "https://avatars.slack-edge.com/2016-06-08/49221502963_e752abd663f106913c95_68.png",
    "image_88": "https://avatars.slack-edge.com/2016-06-08/49221502963_e752abd663f106913c95_88.png",
    "image_original": "https://avatars.slack-edge.com/2016-06-08/49221502963_e752abd663f106913c95_original.png"
  },
  "teamId": "T077KKCG6"
}
[09/17/19, 07:36:28:334] info: Store: UPDATE_TEAM_LOCALE
{
  "locale": "en-US",
  "teamId": "T077KKCG6"
}
[09/17/19, 09:24:09:416] info: ╔═════════════════════════════════════════════════════════════════════════════════╗
[09/17/19, 09:24:09:417] info: ║      Slack 3.3.8, linux 4.15.0-20-generic on x64 at 09/17/19, 09:24:09:408      ║
[09/17/19, 09:24:09:417] info: ╚═════════════════════════════════════════════════════════════════════════════════╝
[09/17/19, 09:24:09:719] info: Initializing local storage instance at path: /home/peter/.config/Slack/local-settings.json
[09/17/19, 09:24:10:092] info: Read UUID from file successful
{
  "uuid": "0354bf9a-e196-5730-b520-4d44c18831b1"
}
[09/17/19, 09:24:11:370] info: cld3::loadModule: loading cld3 module
[09/17/19, 09:24:11:440] info: cld3Loader::loadModule: running environment is NODE
[09/17/19, 09:24:11:440] info: cld3Loader::loadModule: constructed module object for runtime
[09/17/19, 09:24:11:555] info: SpellChecker:: updateSpellcheckerLanguage: Skip to set new language null, v2 spellchecker is not available
[09/17/19, 09:24:11:607] info: Main window preload script finished
{
  "readyTime": 3019.044142
}
[09/17/19, 09:24:12:840] info: cld3Loader::initializeRuntime: successfully initialized module
[09/17/19, 09:24:12:841] info: cld3Loader::loadModule: initialized wasm binary Runtime
[09/17/19, 09:24:13:060] info: Store: SET_NETWORK_STATUS online
[09/17/19, 09:24:20:893] info: Store: UPDATE_SETTINGS
{
  "userTheme": "light"
}
[09/17/19, 09:24:20:894] info: Store: UPDATE_SETTINGS
{
  "systemThemeSyncEnabled": false
}
[09/17/19, 09:24:21:897] info: Store: UPSERT_WEB_CONTENTS
{
  "id": 3,
  "state": "loaded",
  "teamId": "T077KKCG6"
}
[09/17/19, 09:24:21:899] info: Store: MAIN_WINDOW_SHOWN
[09/17/19, 09:24:21:965] info: Store: SET_FULL_SCREEN
[09/17/19, 09:24:21:966] info: Store: SET_FULL_SCREEN
[09/17/19, 09:24:21:966] info: Store: SET_FULL_SCREEN
[09/17/19, 09:24:22:013] info: Store: UPDATE_SESSION_STATUS
{
  "hasValidSession": true,
  "teamId": "T077KKCG6"
}
[09/17/19, 09:24:22:973] error: Sep-17 09:24:22.973 can't ingest custom emoji ::carlton:: because it's invalid
[09/17/19, 09:24:23:169] info: Skipping request to provide hint content for channel for spellchecker
{
  "version": "V2"
}
[09/17/19, 09:24:24:194] info: Store: UPDATE_TEAM_ICONS
{
  "icons": {
    "image_102": "https://avatars.slack-edge.com/2016-06-08/49221502963_e752abd663f106913c95_102.png",
    "image_132": "https://avatars.slack-edge.com/2016-06-08/49221502963_e752abd663f106913c95_132.png",
    "image_230": "https://avatars.slack-edge.com/2016-06-08/49221502963_e752abd663f106913c95_230.png",
    "image_34": "https://avatars.slack-edge.com/2016-06-08/49221502963_e752abd663f106913c95_34.png",
    "image_44": "https://avatars.slack-edge.com/2016-06-08/49221502963_e752abd663f106913c95_44.png",
    "image_68": "https://avatars.slack-edge.com/2016-06-08/49221502963_e752abd663f106913c95_68.png",
    "image_88": "https://avatars.slack-edge.com/2016-06-08/49221502963_e752abd663f106913c95_88.png",
    "image_original": "https://avatars.slack-edge.com/2016-06-08/49221502963_e752abd663f106913c95_original.png"
  },
  "teamId": "T077KKCG6"
}
[09/17/19, 09:24:24:201] info: Store: SELECT_CHANNEL GN47Z099B
[09/17/19, 09:24:24:203] info: Store: UPDATE_TEAM_LOCALE
{
  "locale": "en-US",
  "teamId": "T077KKCG6"
}
[09/17/19, 09:24:24:204] info: Store: UPDATE_SETTINGS
{
  "locale": "en-US"
}
[09/17/19, 09:24:24:205] info: Store: UPDATE_TEAM_THEME
{
  "teamId": "T077KKCG6",
  "theme": {
    "active_item": "#1264A3",
    "active_item_text": "#FFFFFF",
    "active_presence": "#2BAC76",
    "badge": "#CD2553",
    "column_bg": "#3F0E40",
    "hover_item": "#350D36",
    "menu_bg": "#350d36",
    "text_color": "#FFFFFF"
  }
}
[09/17/19, 09:24:24:209] info: Store: UPSERT_WEB_CONTENTS
{
  "id": 3,
  "state": "webapp-loaded",
  "teamId": "T077KKCG6"
}
[09/17/19, 09:24:24:593] info: Store: STORE_ENTERPRISE_ID_PAIR
{
  "enterpriseId": null,
  "teamId": "T077KKCG6"
}
[09/17/19, 09:24:25:763] info: postLoadTaskSetup: Setup spellchecker
{
  "version": "V2"
}
[09/17/19, 09:24:25:838] info: loadAsmModule: loading hunspell-asm module
[09/17/19, 09:24:27:025] info: loadAsmModule: asm module loaded successfully
[09/17/19, 09:24:27:030] info: SpellChecker: Starting spellchecker with language detector
[09/17/19, 09:24:27:031] info: SpellChecker::enableSpellCheckerLanguageDetector: enable spellchecker language detector
[09/17/19, 09:24:27:031] info: SpellChecker::startWithDictionary: Starting language detector with preloaded dict from last used language en
[09/17/19, 09:24:27:101] info: SpellChecker::spellgetLanguageRegionCode: found region supported language
{
  "code": "en"
}
[09/17/19, 09:24:27:102] info: SpellChecker::getLanguageRegionCode: return language code with region
{
  "code": "en-us"
}
[09/17/19, 09:24:27:102] info: download: downloading dictionary for 'en-us'
[09/17/19, 09:24:27:102] info: fetchResourceAsBuffer: downloading
{
  "filePath": "https://spellcheck.slack-edge.com/dictionaries/en-us/1/en-us.aff",
  "cachePolicy": "default"
}
[09/17/19, 09:24:27:118] info: fetchResourceAsBuffer: downloading
{
  "filePath": "https://spellcheck.slack-edge.com/dictionaries/en-us/1/en-us.dic",
  "cachePolicy": "default"
}
[09/17/19, 09:24:27:149] info: dictionaryDownloader: verifying hash
[09/17/19, 09:24:27:190] info: SpellChecker::downloadDictionary: Dictionary is ready for 
{
  "language": "en"
}
[09/17/19, 09:24:27:254] info: assignSpellchecker: spellCheckerTable added new checker for 'en'
[09/17/19, 09:24:27:261] info: SpellChecker::prepareDictionary: Dictionary buffer for 'en' is loaded into spellchecker
[09/17/19, 09:24:27:261] info: switchDictionary: switching dictionary to check spell from 'null' to 'en'
[09/17/19, 09:24:27:262] info: SpellChecker::switchDictionary: SpellChecker enabled for language
{
  "language": "en"
}
[09/17/19, 09:25:25:754] info: Store: SET_FULL_SCREEN
[09/17/19, 09:25:27:733] info: Store: SET_FULL_SCREEN
[09/17/19, 09:25:59:484] info: Store: SET_FULL_SCREEN
[09/17/19, 09:36:43:505] info: Store: SET_FULL_SCREEN
[09/17/19, 09:36:49:191] info: Store: SET_FULL_SCREEN
[09/17/19, 09:49:46:832] info: Store: SET_FULL_SCREEN
[09/17/19, 09:50:04:152] info: Skipping request to provide hint content for channel for spellchecker
{
  "version": "V2"
}
[09/17/19, 09:50:04:269] info: Store: SELECT_CHANNEL DNEHPVDHB
[09/17/19, 09:53:00:057] info: Store: SET_FULL_SCREEN
[09/17/19, 11:18:07:938] info: Store: NEW_NOTIFICATION
{
  "channel": "DNEHPVDHB",
  "id": "JZ81i8hLlyOJ7nj",
  "launchUri": "slack://channel?id=DNEHPVDHB&message=1568708287.002000&team=T077KKCG6",
  "silent": true,
  "teamId": "T077KKCG6"
}
[09/17/19, 11:18:13:244] info: Store: SET_FULL_SCREEN
[09/17/19, 11:18:14:189] info: Store: SAVE_WINDOW_SETTINGS
{
  "isMaximized": false,
  "position": [
    205,
    57
  ],
  "size": [
    1024,
    711
  ]
}
[09/17/19, 11:18:26:789] info: Store: SET_FULL_SCREEN
[09/17/19, 15:28:29:041] info: Store: SET_FULL_SCREEN
[09/17/19, 15:28:29:982] info: Store: SAVE_WINDOW_SETTINGS
{
  "isMaximized": false,
  "position": [
    205,
    57
  ],
  "size": [
    1024,
    711
  ]
}
[09/17/19, 15:28:44:137] info: Store: SET_FULL_SCREEN
[09/17/19, 17:29:17:899] info: Store: SET_SUSPEND_STATUS
[09/17/19, 17:29:21:065] info: Store: SET_NETWORK_STATUS offline
[09/18/19, 07:40:51:315] info: Store: SET_SUSPEND_STATUS true
[09/18/19, 07:41:03:079] error: Sep-18 07:41:03.079 can't ingest custom emoji ::carlton:: because it's invalid
[09/18/19, 07:41:03:511] info: Store: UPDATE_TEAM_ICONS
{
  "icons": {
    "image_102": "https://avatars.slack-edge.com/2016-06-08/49221502963_e752abd663f106913c95_102.png",
    "image_132": "https://avatars.slack-edge.com/2016-06-08/49221502963_e752abd663f106913c95_132.png",
    "image_230": "https://avatars.slack-edge.com/2016-06-08/49221502963_e752abd663f106913c95_230.png",
    "image_34": "https://avatars.slack-edge.com/2016-06-08/49221502963_e752abd663f106913c95_34.png",
    "image_44": "https://avatars.slack-edge.com/2016-06-08/49221502963_e752abd663f106913c95_44.png",
    "image_68": "https://avatars.slack-edge.com/2016-06-08/49221502963_e752abd663f106913c95_68.png",
    "image_88": "https://avatars.slack-edge.com/2016-06-08/49221502963_e752abd663f106913c95_88.png",
    "image_original": "https://avatars.slack-edge.com/2016-06-08/49221502963_e752abd663f106913c95_original.png"
  },
  "teamId": "T077KKCG6"
}
[09/18/19, 07:41:03:512] info: Store: UPDATE_TEAM_LOCALE
{
  "locale": "en-US",
  "teamId": "T077KKCG6"
}
[09/18/19, 07:41:04:059] info: Store: SET_NETWORK_STATUS online
[09/18/19, 09:33:02:513] info: Store: SET_SUSPEND_STATUS
[09/18/19, 09:33:04:684] info: Store: SET_NETWORK_STATUS offline
[09/18/19, 09:38:38:684] info: Store: SET_SUSPEND_STATUS true
[09/18/19, 09:38:48:266] error: Sep-18 09:38:48.265 can't ingest custom emoji ::carlton:: because it's invalid
[09/18/19, 09:38:48:832] info: Store: UPDATE_TEAM_ICONS
{
  "icons": {
    "image_102": "https://avatars.slack-edge.com/2016-06-08/49221502963_e752abd663f106913c95_102.png",
    "image_132": "https://avatars.slack-edge.com/2016-06-08/49221502963_e752abd663f106913c95_132.png",
    "image_230": "https://avatars.slack-edge.com/2016-06-08/49221502963_e752abd663f106913c95_230.png",
    "image_34": "https://avatars.slack-edge.com/2016-06-08/49221502963_e752abd663f106913c95_34.png",
    "image_44": "https://avatars.slack-edge.com/2016-06-08/49221502963_e752abd663f106913c95_44.png",
    "image_68": "https://avatars.slack-edge.com/2016-06-08/49221502963_e752abd663f106913c95_68.png",
    "image_88": "https://avatars.slack-edge.com/2016-06-08/49221502963_e752abd663f106913c95_88.png",
    "image_original": "https://avatars.slack-edge.com/2016-06-08/49221502963_e752abd663f106913c95_original.png"
  },
  "teamId": "T077KKCG6"
}
[09/18/19, 09:38:48:853] info: Store: UPDATE_TEAM_LOCALE
{
  "locale": "en-US",
  "teamId": "T077KKCG6"
}
[09/18/19, 09:38:51:194] info: Store: SET_NETWORK_STATUS online
[09/18/19, 11:37:21:116] info: Store: SET_FULL_SCREEN
[09/18/19, 11:37:21:326] info: Store: SAVE_WINDOW_SETTINGS
{
  "isMaximized": false,
  "position": [
    205,
    57
  ],
  "size": [
    1024,
    711
  ]
}
[09/18/19, 11:37:23:036] info: Skipping request to provide hint content for channel for spellchecker
{
  "version": "V2"
}
[09/18/19, 11:37:23:280] info: Store: SELECT_CHANNEL GN47Z099B
[09/18/19, 11:37:56:250] info: Store: SET_FULL_SCREEN
[09/18/19, 11:38:19:363] info: Store: SET_FULL_SCREEN
[09/18/19, 11:38:51:954] info: Store: SET_FULL_SCREEN
[09/18/19, 15:18:39:455] info: Store: SET_FULL_SCREEN
[09/18/19, 15:18:40:792] info: Store: SET_FULL_SCREEN
[09/18/19, 17:02:35:606] info: Store: SET_FULL_SCREEN
[09/18/19, 17:02:36:634] info: Store: SAVE_WINDOW_SETTINGS
{
  "isMaximized": false,
  "position": [
    205,
    57
  ],
  "size": [
    1024,
    711
  ]
}
[09/18/19, 17:02:39:443] info: Skipping request to provide hint content for channel for spellchecker
{
  "version": "V2"
}
[09/18/19, 17:02:39:700] info: Store: SELECT_CHANNEL DNEHPVDHB
[09/18/19, 17:02:45:404] info: Skipping request to provide hint content for channel for spellchecker
{
  "version": "V2"
}
[09/18/19, 17:02:45:526] info: Store: SELECT_CHANNEL DN6QHNU7P
[09/18/19, 17:02:47:190] info: Skipping request to provide hint content for channel for spellchecker
{
  "version": "V2"
}
[09/18/19, 17:02:47:320] info: Store: SELECT_CHANNEL DNEHPVDHB
[09/18/19, 17:03:39:540] info: Store: SET_FULL_SCREEN
[09/18/19, 17:47:04:663] info: Store: SET_SUSPEND_STATUS
[09/18/19, 17:47:07:195] info: Store: SET_NETWORK_STATUS offline
[09/19/19, 07:45:34:480] info: Store: SET_SUSPEND_STATUS true
[09/19/19, 07:45:44:209] info: Store: SET_NETWORK_STATUS online
[09/19/19, 07:45:45:249] error: Sep-19 07:45:45.249 can't ingest custom emoji ::carlton:: because it's invalid
[09/19/19, 07:45:47:404] info: Store: UPDATE_TEAM_ICONS
{
  "icons": {
    "image_102": "https://avatars.slack-edge.com/2016-06-08/49221502963_e752abd663f106913c95_102.png",
    "image_132": "https://avatars.slack-edge.com/2016-06-08/49221502963_e752abd663f106913c95_132.png",
    "image_230": "https://avatars.slack-edge.com/2016-06-08/49221502963_e752abd663f106913c95_230.png",
    "image_34": "https://avatars.slack-edge.com/2016-06-08/49221502963_e752abd663f106913c95_34.png",
    "image_44": "https://avatars.slack-edge.com/2016-06-08/49221502963_e752abd663f106913c95_44.png",
    "image_68": "https://avatars.slack-edge.com/2016-06-08/49221502963_e752abd663f106913c95_68.png",
    "image_88": "https://avatars.slack-edge.com/2016-06-08/49221502963_e752abd663f106913c95_88.png",
    "image_original": "https://avatars.slack-edge.com/2016-06-08/49221502963_e752abd663f106913c95_original.png"
  },
  "teamId": "T077KKCG6"
}
[09/19/19, 07:45:47:547] info: Store: UPDATE_TEAM_LOCALE
{
  "locale": "en-US",
  "teamId": "T077KKCG6"
}
[09/19/19, 09:58:28:642] info: Store: NEW_NOTIFICATION
{
  "channel": "DNEHPVDHB",
  "id": "vgQwFEiAMwyqp3Z",
  "launchUri": "slack://channel?id=DNEHPVDHB&message=1568876307.000300&team=T077KKCG6",
  "silent": true,
  "teamId": "T077KKCG6"
}
[09/19/19, 10:24:08:562] info: Store: SET_FULL_SCREEN
[09/19/19, 10:24:11:863] info: Store: SAVE_WINDOW_SETTINGS
{
  "isMaximized": false,
  "position": [
    205,
    57
  ],
  "size": [
    1024,
    711
  ]
}
[09/19/19, 10:24:24:693] info: Store: SET_FULL_SCREEN
[09/19/19, 14:52:04:812] info: Skipping request to provide hint content for channel for spellchecker
{
  "version": "V2"
}
[09/19/19, 14:52:16:688] info: Store: SET_FULL_SCREEN
[09/19/19, 14:52:16:952] info: Store: SAVE_WINDOW_SETTINGS
{
  "isMaximized": false,
  "position": [
    205,
    57
  ],
  "size": [
    1024,
    711
  ]
}
[09/19/19, 14:52:17:610] info: Store: SELECT_CHANNEL GN47Z099B
[09/19/19, 14:53:10:307] info: Store: SET_FULL_SCREEN
[09/19/19, 14:58:35:174] info: Store: SET_FULL_SCREEN
[09/19/19, 14:58:36:537] info: Store: SET_FULL_SCREEN
[09/19/19, 16:59:09:379] info: Store: SET_SUSPEND_STATUS
[09/19/19, 16:59:19:658] info: Store: SET_NETWORK_STATUS offline
[09/20/19, 07:41:27:546] info: Store: SET_SUSPEND_STATUS true
[09/20/19, 07:41:42:044] error: Sep-20 07:41:42.043 can't ingest custom emoji ::carlton:: because it's invalid
[09/20/19, 07:41:45:441] info: Store: UPDATE_TEAM_ICONS
{
  "icons": {
    "image_102": "https://avatars.slack-edge.com/2016-06-08/49221502963_e752abd663f106913c95_102.png",
    "image_132": "https://avatars.slack-edge.com/2016-06-08/49221502963_e752abd663f106913c95_132.png",
    "image_230": "https://avatars.slack-edge.com/2016-06-08/49221502963_e752abd663f106913c95_230.png",
    "image_34": "https://avatars.slack-edge.com/2016-06-08/49221502963_e752abd663f106913c95_34.png",
    "image_44": "https://avatars.slack-edge.com/2016-06-08/49221502963_e752abd663f106913c95_44.png",
    "image_68": "https://avatars.slack-edge.com/2016-06-08/49221502963_e752abd663f106913c95_68.png",
    "image_88": "https://avatars.slack-edge.com/2016-06-08/49221502963_e752abd663f106913c95_88.png",
    "image_original": "https://avatars.slack-edge.com/2016-06-08/49221502963_e752abd663f106913c95_original.png"
  },
  "teamId": "T077KKCG6"
}
[09/20/19, 07:41:45:514] info: Store: UPDATE_TEAM_LOCALE
{
  "locale": "en-US",
  "teamId": "T077KKCG6"
}
[09/20/19, 07:44:18:665] info: Store: SET_NETWORK_STATUS online
[09/20/19, 08:25:02:598] info: Store: SET_NETWORK_STATUS offline
[09/20/19, 08:25:08:598] info: Store: SET_NETWORK_STATUS online
[09/20/19, 09:51:32:719] info: Store: SET_SUSPEND_STATUS
[09/20/19, 09:51:33:602] info: Store: SET_NETWORK_STATUS offline
[09/20/19, 10:34:30:960] info: Store: SET_SUSPEND_STATUS true
[09/20/19, 10:34:38:875] info: Store: SET_NETWORK_STATUS online
[09/20/19, 10:34:41:913] error: Sep-20 10:34:41.913 can't ingest custom emoji ::carlton:: because it's invalid
[09/20/19, 10:34:42:666] info: Store: UPDATE_TEAM_ICONS
{
  "icons": {
    "image_102": "https://avatars.slack-edge.com/2016-06-08/49221502963_e752abd663f106913c95_102.png",
    "image_132": "https://avatars.slack-edge.com/2016-06-08/49221502963_e752abd663f106913c95_132.png",
    "image_230": "https://avatars.slack-edge.com/2016-06-08/49221502963_e752abd663f106913c95_230.png",
    "image_34": "https://avatars.slack-edge.com/2016-06-08/49221502963_e752abd663f106913c95_34.png",
    "image_44": "https://avatars.slack-edge.com/2016-06-08/49221502963_e752abd663f106913c95_44.png",
    "image_68": "https://avatars.slack-edge.com/2016-06-08/49221502963_e752abd663f106913c95_68.png",
    "image_88": "https://avatars.slack-edge.com/2016-06-08/49221502963_e752abd663f106913c95_88.png",
    "image_original": "https://avatars.slack-edge.com/2016-06-08/49221502963_e752abd663f106913c95_original.png"
  },
  "teamId": "T077KKCG6"
}
[09/20/19, 10:34:42:682] info: Store: UPDATE_TEAM_LOCALE
{
  "locale": "en-US",
  "teamId": "T077KKCG6"
}
[09/20/19, 10:39:03:002] info: Store: SET_FULL_SCREEN
[09/20/19, 10:39:03:483] info: Store: SAVE_WINDOW_SETTINGS
{
  "isMaximized": false,
  "position": [
    205,
    57
  ],
  "size": [
    1024,
    711
  ]
}
[09/20/19, 10:39:50:371] info: Store: SET_FULL_SCREEN
[09/20/19, 17:58:00:677] info: Store: SET_FULL_SCREEN
[09/20/19, 17:58:25:476] info: Skipping request to provide hint content for channel for spellchecker
{
  "version": "V2"
}
[09/20/19, 17:58:25:651] info: Store: SELECT_CHANNEL DNMG90G5V
[09/20/19, 17:59:20:612] info: Store: OPEN_CONTEXT_MENU
{
  "id": 3
}
[09/20/19, 17:59:25:578] info: Store: SET_FULL_SCREEN
[09/20/19, 17:59:36:435] info: Store: SET_FULL_SCREEN
[09/20/19, 17:59:38:698] info: Store: OPEN_CONTEXT_MENU
{
  "id": 3
}
[09/20/19, 17:59:43:542] info: Store: OPEN_CONTEXT_MENU
{
  "id": 3
}
[09/20/19, 17:59:55:879] warn: SpellChecker::updateDetectedLanguage: cld could not detect language correctly, empty result returned
[09/20/19, 18:00:06:217] info: Store: SET_FULL_SCREEN
[09/20/19, 18:00:58:989] info: Store: SET_FULL_SCREEN
[09/20/19, 18:01:00:868] info: Store: OPEN_CONTEXT_MENU
{
  "id": 3
}
[09/20/19, 18:02:39:530] info: Store: SET_FULL_SCREEN
[09/20/19, 18:09:07:393] info: Store: SET_SUSPEND_STATUS
[09/20/19, 18:09:09:267] info: Store: SET_NETWORK_STATUS offline
[09/20/19, 18:19:27:951] info: Store: SET_SUSPEND_STATUS true
[09/20/19, 18:19:36:406] info: Store: SET_NETWORK_STATUS online
[09/20/19, 18:19:38:456] error: Sep-20 18:19:38.456 can't ingest custom emoji ::carlton:: because it's invalid
[09/20/19, 18:19:38:976] info: Store: UPDATE_TEAM_ICONS
{
  "icons": {
    "image_102": "https://avatars.slack-edge.com/2016-06-08/49221502963_e752abd663f106913c95_102.png",
    "image_132": "https://avatars.slack-edge.com/2016-06-08/49221502963_e752abd663f106913c95_132.png",
    "image_230": "https://avatars.slack-edge.com/2016-06-08/49221502963_e752abd663f106913c95_230.png",
    "image_34": "https://avatars.slack-edge.com/2016-06-08/49221502963_e752abd663f106913c95_34.png",
    "image_44": "https://avatars.slack-edge.com/2016-06-08/49221502963_e752abd663f106913c95_44.png",
    "image_68": "https://avatars.slack-edge.com/2016-06-08/49221502963_e752abd663f106913c95_68.png",
    "image_88": "https://avatars.slack-edge.com/2016-06-08/49221502963_e752abd663f106913c95_88.png",
    "image_original": "https://avatars.slack-edge.com/2016-06-08/49221502963_e752abd663f106913c95_original.png"
  },
  "teamId": "T077KKCG6"
}
[09/20/19, 18:19:38:977] info: Store: UPDATE_TEAM_LOCALE
{
  "locale": "en-US",
  "teamId": "T077KKCG6"
}
[09/20/19, 18:27:24:055] info: Store: SET_SUSPEND_STATUS
[09/20/19, 18:27:25:404] info: Store: SET_NETWORK_STATUS offline
[09/20/19, 20:39:46:769] info: Store: SET_SUSPEND_STATUS true
[09/20/19, 20:40:08:925] info: Store: SET_NETWORK_STATUS online
[09/20/19, 20:40:12:962] error: Sep-20 20:40:12.961 can't ingest custom emoji ::carlton:: because it's invalid
[09/20/19, 20:40:13:514] info: Store: UPDATE_TEAM_ICONS
{
  "icons": {
    "image_102": "https://avatars.slack-edge.com/2016-06-08/49221502963_e752abd663f106913c95_102.png",
    "image_132": "https://avatars.slack-edge.com/2016-06-08/49221502963_e752abd663f106913c95_132.png",
    "image_230": "https://avatars.slack-edge.com/2016-06-08/49221502963_e752abd663f106913c95_230.png",
    "image_34": "https://avatars.slack-edge.com/2016-06-08/49221502963_e752abd663f106913c95_34.png",
    "image_44": "https://avatars.slack-edge.com/2016-06-08/49221502963_e752abd663f106913c95_44.png",
    "image_68": "https://avatars.slack-edge.com/2016-06-08/49221502963_e752abd663f106913c95_68.png",
    "image_88": "https://avatars.slack-edge.com/2016-06-08/49221502963_e752abd663f106913c95_88.png",
    "image_original": "https://avatars.slack-edge.com/2016-06-08/49221502963_e752abd663f106913c95_original.png"
  },
  "teamId": "T077KKCG6"
}
[09/20/19, 20:40:13:515] info: Store: UPDATE_TEAM_LOCALE
{
  "locale": "en-US",
  "teamId": "T077KKCG6"
}
[09/20/19, 22:06:50:143] info: Store: SET_NETWORK_STATUS offline
[09/20/19, 22:07:54:086] info: Store: SET_NETWORK_STATUS online
[09/20/19, 22:25:19:841] info: Store: SET_SUSPEND_STATUS
[09/20/19, 22:25:25:792] info: Store: SET_NETWORK_STATUS offline
[09/21/19, 12:57:17:948] info: Store: SET_SUSPEND_STATUS true
[09/21/19, 12:57:46:680] info: Store: SET_NETWORK_STATUS online
[09/21/19, 13:04:02:175] error: Sep-21 13:04:02.174 can't ingest custom emoji ::carlton:: because it's invalid
[09/21/19, 13:04:09:437] info: Store: UPDATE_TEAM_ICONS
{
  "icons": {
    "image_102": "https://avatars.slack-edge.com/2016-06-08/49221502963_e752abd663f106913c95_102.png",
    "image_132": "https://avatars.slack-edge.com/2016-06-08/49221502963_e752abd663f106913c95_132.png",
    "image_230": "https://avatars.slack-edge.com/2016-06-08/49221502963_e752abd663f106913c95_230.png",
    "image_34": "https://avatars.slack-edge.com/2016-06-08/49221502963_e752abd663f106913c95_34.png",
    "image_44": "https://avatars.slack-edge.com/2016-06-08/49221502963_e752abd663f106913c95_44.png",
    "image_68": "https://avatars.slack-edge.com/2016-06-08/49221502963_e752abd663f106913c95_68.png",
    "image_88": "https://avatars.slack-edge.com/2016-06-08/49221502963_e752abd663f106913c95_88.png",
    "image_original": "https://avatars.slack-edge.com/2016-06-08/49221502963_e752abd663f106913c95_original.png"
  },
  "teamId": "T077KKCG6"
}
[09/21/19, 13:04:09:465] info: Store: UPDATE_TEAM_LOCALE
{
  "locale": "en-US",
  "teamId": "T077KKCG6"
}
[09/21/19, 16:45:33:177] info: Store: SET_SUSPEND_STATUS
[09/21/19, 16:45:37:331] info: Store: SET_NETWORK_STATUS offline
[09/21/19, 19:43:04:840] info: Store: SET_SUSPEND_STATUS true
[09/21/19, 19:43:19:775] info: Store: SET_NETWORK_STATUS online
[09/21/19, 19:43:25:934] error: Sep-21 19:43:25.934 can't ingest custom emoji ::carlton:: because it's invalid
[09/21/19, 19:43:53:303] info: Store: UPDATE_TEAM_ICONS
{
  "icons": {
    "image_102": "https://avatars.slack-edge.com/2016-06-08/49221502963_e752abd663f106913c95_102.png",
    "image_132": "https://avatars.slack-edge.com/2016-06-08/49221502963_e752abd663f106913c95_132.png",
    "image_230": "https://avatars.slack-edge.com/2016-06-08/49221502963_e752abd663f106913c95_230.png",
    "image_34": "https://avatars.slack-edge.com/2016-06-08/49221502963_e752abd663f106913c95_34.png",
    "image_44": "https://avatars.slack-edge.com/2016-06-08/49221502963_e752abd663f106913c95_44.png",
    "image_68": "https://avatars.slack-edge.com/2016-06-08/49221502963_e752abd663f106913c95_68.png",
    "image_88": "https://avatars.slack-edge.com/2016-06-08/49221502963_e752abd663f106913c95_88.png",
    "image_original": "https://avatars.slack-edge.com/2016-06-08/49221502963_e752abd663f106913c95_original.png"
  },
  "teamId": "T077KKCG6"
}
[09/21/19, 19:43:53:394] info: Store: UPDATE_TEAM_LOCALE
{
  "locale": "en-US",
  "teamId": "T077KKCG6"
}
[09/21/19, 21:06:42:478] info: Store: SET_SUSPEND_STATUS
[09/21/19, 21:06:43:781] info: Store: SET_NETWORK_STATUS offline
[09/22/19, 16:54:54:052] info: Store: SET_SUSPEND_STATUS true
[09/22/19, 16:55:08:008] info: Store: SET_NETWORK_STATUS online
[09/22/19, 16:55:11:266] error: Sep-22 16:55:11.266 can't ingest custom emoji ::carlton:: because it's invalid
[09/22/19, 16:55:11:669] info: Store: UPDATE_TEAM_ICONS
{
  "icons": {
    "image_102": "https://avatars.slack-edge.com/2016-06-08/49221502963_e752abd663f106913c95_102.png",
    "image_132": "https://avatars.slack-edge.com/2016-06-08/49221502963_e752abd663f106913c95_132.png",
    "image_230": "https://avatars.slack-edge.com/2016-06-08/49221502963_e752abd663f106913c95_230.png",
    "image_34": "https://avatars.slack-edge.com/2016-06-08/49221502963_e752abd663f106913c95_34.png",
    "image_44": "https://avatars.slack-edge.com/2016-06-08/49221502963_e752abd663f106913c95_44.png",
    "image_68": "https://avatars.slack-edge.com/2016-06-08/49221502963_e752abd663f106913c95_68.png",
    "image_88": "https://avatars.slack-edge.com/2016-06-08/49221502963_e752abd663f106913c95_88.png",
    "image_original": "https://avatars.slack-edge.com/2016-06-08/49221502963_e752abd663f106913c95_original.png"
  },
  "teamId": "T077KKCG6"
}
[09/22/19, 16:55:11:670] info: Store: UPDATE_TEAM_LOCALE
{
  "locale": "en-US",
  "teamId": "T077KKCG6"
}
[09/22/19, 19:05:50:111] info: Store: SET_SUSPEND_STATUS
[09/22/19, 19:05:52:135] info: Store: SET_NETWORK_STATUS offline
[09/22/19, 19:11:28:967] info: Store: SET_SUSPEND_STATUS true
[09/22/19, 19:11:44:756] info: Store: SET_NETWORK_STATUS online
[09/22/19, 19:11:49:681] error: Sep-22 19:11:49.681 can't ingest custom emoji ::carlton:: because it's invalid
