[2019-09-13 11:32:08.950] [exthost] [info] extension host started
[2019-09-13 11:32:08.986] [exthost] [info] ExtensionService#_doActivateExtension vscode.debug-auto-launch {"startup":true,"activationEvent":"*"}
[2019-09-13 11:32:08.987] [exthost] [info] ExtensionService#loadCommonJSModule /usr/share/code/resources/app/extensions/debug-auto-launch/dist/extension
[2019-09-13 11:32:08.995] [exthost] [info] ExtensionService#_doActivateExtension vscode.emmet {"startup":true,"activationEvent":"*"}
[2019-09-13 11:32:08.995] [exthost] [info] ExtensionService#loadCommonJSModule /usr/share/code/resources/app/extensions/emmet/dist/extension
[2019-09-13 11:32:09.010] [exthost] [info] ExtensionService#_doActivateExtension vscode.git {"startup":true,"activationEvent":"*"}
[2019-09-13 11:32:09.010] [exthost] [info] ExtensionService#loadCommonJSModule /usr/share/code/resources/app/extensions/git/dist/main
[2019-09-13 11:32:09.078] [exthost] [info] ExtensionService#_doActivateExtension vscode.merge-conflict {"startup":true,"activationEvent":"*"}
[2019-09-13 11:32:09.078] [exthost] [info] ExtensionService#loadCommonJSModule /usr/share/code/resources/app/extensions/merge-conflict/dist/extension
[2019-09-13 11:32:09.082] [exthost] [info] ExtensionService#_doActivateExtension ritwickdey.LiveServer {"startup":true,"activationEvent":"*"}
[2019-09-13 11:32:09.082] [exthost] [info] ExtensionService#loadCommonJSModule /home/peter/.vscode/extensions/ritwickdey.liveserver-5.6.1/out/src/extension
[2019-09-13 11:32:09.650] [exthost] [info] eager extensions activated
[2019-09-13 11:32:16.992] [exthost] [info] ExtensionService#_doActivateExtension vscode.css-language-features {"startup":false,"activationEvent":"onLanguage:css"}
[2019-09-13 11:32:16.992] [exthost] [info] ExtensionService#loadCommonJSModule /usr/share/code/resources/app/extensions/css-language-features/client/dist/cssMain
[2019-09-13 11:32:18.845] [exthost] [info] ExtensionService#_doActivateExtension vscode.html-language-features {"startup":false,"activationEvent":"onLanguage:html"}
[2019-09-13 11:32:18.845] [exthost] [info] ExtensionService#loadCommonJSModule /usr/share/code/resources/app/extensions/html-language-features/client/dist/htmlMain
[2019-09-13 13:49:33.016] [exthost] [info] ExtensionService#_doActivateExtension vscode.extension-editing {"startup":false,"activationEvent":"onLanguage:markdown"}
[2019-09-13 13:49:33.016] [exthost] [info] ExtensionService#loadCommonJSModule /usr/share/code/resources/app/extensions/extension-editing/dist/extension
[2019-09-13 13:49:33.223] [exthost] [info] ExtensionService#_doActivateExtension vscode.markdown-language-features {"startup":false,"activationEvent":"onLanguage:markdown"}
[2019-09-13 13:49:33.223] [exthost] [info] ExtensionService#loadCommonJSModule /usr/share/code/resources/app/extensions/markdown-language-features/dist/extension
[2019-09-13 16:02:59.243] [exthost] [error] [vscode.html-language-features] provider FAILED
[2019-09-13 16:02:59.307] [exthost] [error] Error: Illegal argument: character must be non-negative
	at Object.t.illegalArgument (/usr/share/code/resources/app/out/vs/workbench/services/extensions/node/extensionHostProcess.js:10:414)
	at new p (/usr/share/code/resources/app/out/vs/workbench/services/extensions/node/extensionHostProcess.js:327:948)
	at new p (/usr/share/code/resources/app/out/vs/workbench/services/extensions/node/extensionHostProcess.js:327:254)
	at h (/usr/share/code/resources/app/extensions/html-language-features/client/dist/htmlMain.js:1:176402)
	at f (/usr/share/code/resources/app/extensions/html-language-features/client/dist/htmlMain.js:1:176475)
	at /usr/share/code/resources/app/extensions/html-language-features/client/dist/htmlMain.js:1:177571
	at v (/usr/share/code/resources/app/extensions/html-language-features/client/dist/htmlMain.js:1:177757)
	at Array.map (<anonymous>)
	at asCompletionResult (/usr/share/code/resources/app/extensions/html-language-features/client/dist/htmlMain.js:1:183119)
